#
# A fatal error has been detected by the Java Runtime Environment:
#
#  EXCEPTION_ACCESS_VIOLATION (0xc0000005) at pc=0x00007fffadad5546, pid=21088, tid=19804
#
# JRE version: OpenJDK Runtime Environment Corretto-17.0.10.7.1 (17.0.10+7) (build 17.0.10+7-LTS)
# Java VM: OpenJDK 64-Bit Server VM Corretto-17.0.10.7.1 (17.0.10+7-LTS, mixed mode, sharing, tiered, compressed oops, compressed class ptrs, g1 gc, windows-amd64)
# Problematic frame:
# C  [whisper-jni.dll+0x35546]
#
# No core dump will be written. Minidumps are not enabled by default on client versions of Windows
#
# If you would like to submit a bug report, please visit:
#   https://github.com/corretto/corretto-17/issues/
# The crash happened outside the Java Virtual Machine in native code.
# See problematic frame for where to report the bug.
#

---------------  S U M M A R Y ------------

Command Line: -javaagent:C:\Users\Nico\AppData\Local\Programs\IntelliJ IDEA Community Edition\lib\idea_rt.jar=55312:C:\Users\Nico\AppData\Local\Programs\IntelliJ IDEA Community Edition\bin -Dfile.encoding=UTF-8 org.example.App

Host: AMD Ryzen 5 1600X Six-Core Processor           , 12 cores, 31G,  Windows 10 , 64 bit Build 19041 (10.0.19041.3636)
Time: Sat May 18 18:19:23 2024 Mitteleuropäische Sommerzeit elapsed time: 7.654876 seconds (0d 0h 0m 7s)

---------------  T H R E A D  ---------------

Current thread (0x000002166f153e80):  JavaThread "pool-1-thread-1" [_thread_in_native, id=19804, stack(0x000000c77c000000,0x000000c77c100000)]

Stack: [0x000000c77c000000,0x000000c77c100000],  sp=0x000000c77c0fc520,  free space=1009k
Native frames: (J=compiled Java code, j=interpreted, Vv=VM code, C=native code)
C  [whisper-jni.dll+0x35546]

Java frames: (J=compiled Java code, j=interpreted, Vv=VM code)
j  io.github.givimad.whisperjni.WhisperJNI.full(ILio/github/givimad/whisperjni/WhisperFullParams;[FI)I+0
j  io.github.givimad.whisperjni.WhisperJNI.full(Lio/github/givimad/whisperjni/WhisperContext;Lio/github/givimad/whisperjni/WhisperFullParams;[FI)I+27
j  org.example.Test.analyzeAudio([F)V+23
j  org.example.Test.access$000(Lorg/example/Test;[F)V+2
j  org.example.Test$1$1.run()V+14
j  java.util.concurrent.Executors$RunnableAdapter.call()Ljava/lang/Object;+4 java.base@17.0.10
j  java.util.concurrent.FutureTask.runAndReset()Z+44 java.base@17.0.10
j  java.util.concurrent.ScheduledThreadPoolExecutor$ScheduledFutureTask.run()V+35 java.base@17.0.10
j  java.util.concurrent.ThreadPoolExecutor.runWorker(Ljava/util/concurrent/ThreadPoolExecutor$Worker;)V+92 java.base@17.0.10
j  java.util.concurrent.ThreadPoolExecutor$Worker.run()V+5 java.base@17.0.10
j  java.lang.Thread.run()V+11 java.base@17.0.10
v  ~StubRoutines::call_stub

siginfo: EXCEPTION_ACCESS_VIOLATION (0xc0000005), reading address 0x00000000000a2000


Registers:
RAX=0x0000021677228dd0, RBX=0x0000021677228dc0, RCX=0xfffffde988e79240, RDX=0x0000000000000002
RSP=0x000000c77c0fc520, RBP=0x000000c77c0fc540, RSI=0x000000c77c0fc6f0, RDI=0x000000c77c0fc6f0
R8 =0x0000000000000040, R9 =0x0000000000000040, R10=0x00000000000a2000, R11=0x0000000000000300
R12=0x0000000000000370, R13=0x0000021677228dc0, R14=0x0000000000000040, R15=0x00000000000005dc
RIP=0x00007fffadad5546, EFLAGS=0x0000000000010203


Register to memory mapping:

RIP=0x00007fffadad5546 whisper-jni.dll
RAX=0x0000021677228dd0 points into unknown readable memory: 0x3afb3aa33d6a3ebc | bc 3e 6a 3d a3 3a fb 3a
RBX=0x0000021677228dc0 points into unknown readable memory: 0x3c0c3d2630f080e2 | e2 80 f0 30 26 3d 0c 3c
RCX=0xfffffde988e79240 is an unknown value
RDX=0x0000000000000002 is an unknown value
RSP=0x000000c77c0fc520 is pointing into the stack for thread: 0x000002166f153e80
RBP=0x000000c77c0fc540 is pointing into the stack for thread: 0x000002166f153e80
RSI=0x000000c77c0fc6f0 is pointing into the stack for thread: 0x000002166f153e80
RDI=0x000000c77c0fc6f0 is pointing into the stack for thread: 0x000002166f153e80
R8 =0x0000000000000040 is an unknown value
R9 =0x0000000000000040 is an unknown value
R10=0x00000000000a2000 is an unknown value
R11=0x0000000000000300 is an unknown value
R12=0x0000000000000370 is an unknown value
R13=0x0000021677228dc0 points into unknown readable memory: 0x3c0c3d2630f080e2 | e2 80 f0 30 26 3d 0c 3c
R14=0x0000000000000040 is an unknown value
R15=0x00000000000005dc is an unknown value


Top of Stack: (sp=0x000000c77c0fc520)
0x000000c77c0fc520:   00007fffadba2f88 000000000000000a
0x000000c77c0fc530:   000002166ef6e010 0000000000000000
0x000000c77c0fc540:   0000000000000000 000000c77c0fc0a0
0x000000c77c0fc550:   000000c700000002 00007fffadaf4d82
0x000000c77c0fc560:   3633315bf01c7abd 00007fffadafa765
0x000000c77c0fc570:   00007fffadba2f88 0000000000000009
0x000000c77c0fc580:   000002166ef6e010 0000000000000000
0x000000c77c0fc590:   0000000000000000 000000c77c0fc0f0
0x000000c77c0fc5a0:   000000c700000002 00007fffadaf4d82
0x000000c77c0fc5b0:   3733315bf01c7aed 00007fffadafa765
0x000000c77c0fc5c0:   000048f58081373b 000000000000000a
0x000000c77c0fc5d0:   00007fffadad54d0 00007fffadae9e2a
0x000000c77c0fc5e0:   0000000000000360 000000c77c0fc140
0x000000c77c0fc5f0:   000000c77c0fc6f0 00000000000a2000
0x000000c77c0fc600:   3833315bf01c7b1d 00007fffadae23b0
0x000000c77c0fc610:   00000001adba2f00 0000021675553da0
0x000000c77c0fc620:   0000021675553f30 00000000000005dc
0x000000c77c0fc630:   00000216771fa040 0000000000000360
0x000000c77c0fc640:   00000000000005db 0000000000232800
0x000000c77c0fc650:   0000000000000100 00000000000005dc
0x000000c77c0fc660:   0000000000000006 00000216755538f0
0x000000c77c0fc670:   000000000337f980 0000000000895440
0x000000c77c0fc680:   0000000000001770 0000000000000600
0x000000c77c0fc690:   0000000000000300 00000000000005d0
0x000000c77c0fc6a0:   0000000000000001 0000000000119400
0x000000c77c0fc6b0:   0000000000000001 0000000000000080
0x000000c77c0fc6c0:   0000000000000080 00007fffadad54d0
0x000000c77c0fc6d0:   0000000000000040 0000021686923d10
0x000000c77c0fc6e0:   00000000000008ca 0000000000000000
0x000000c77c0fc6f0:   40b5073d40bd2dbe 40d6041040bddc66
0x000000c77c0fc700:   40ecb10640eb7a93 40b0f82540d41846
0x000000c77c0fc710:   40970d144097cde8 40c0db3a40aa5e58 

Instructions: (pc=0x00007fffadad5546)
0x00007fffadad5446:   7a 10 54 00 f0 c5 ea 59 40 f0 c4 c1 7a 10 4c 00
0x00007fffadad5456:   f4 c5 f2 59 50 f4 c5 e2 58 e0 c4 c1 7a 10 44 00
0x00007fffadad5466:   f8 c5 fa 59 48 f8 c5 da 58 da c5 e2 58 d1 48 83
0x00007fffadad5476:   e9 01 75 b6 49 3b d1 7d 1f 49 8d 04 93 4c 2b ca
0x00007fffadad5486:   c4 c1 7a 10 04 00 c5 fa 59 08 48 8d 40 04 c5 ea
0x00007fffadad5496:   58 d1 49 83 e9 01 75 e8 c5 fa 11 13 c5 f8 77 48
0x00007fffadad54a6:   8b 8d 80 00 00 00 48 33 cc e8 5c 57 03 00 48 8b
0x00007fffadad54b6:   9c 24 c0 00 00 00 48 81 c4 b0 00 00 00 5d c3 cc
0x00007fffadad54c6:   cc cc cc cc cc cc cc cc cc cc 48 89 5c 24 08 48
0x00007fffadad54d6:   89 74 24 18 48 89 7c 24 20 55 48 81 ec b0 00 00
0x00007fffadad54e6:   00 48 8d 6c 24 20 48 83 e5 e0 48 8b 05 89 c1 04
0x00007fffadad54f6:   00 48 33 c4 48 89 85 80 00 00 00 49 8b d9 4d 8b
0x00007fffadad5506:   d0 4c 63 c1 48 8b fa 4d 8b c8 c5 e0 57 db c5 e9
0x00007fffadad5516:   ef d2 c5 d8 57 e4 c5 d0 57 ed 49 83 e1 e0 7e 6c
0x00007fffadad5526:   49 8b ca 49 8d 51 ff 48 2b cb 48 c1 ea 05 48 ff
0x00007fffadad5536:   c2 48 8d 43 10 0f 1f 44 00 00 c4 e2 7d 13 48 f0
0x00007fffadad5546:   c4 e2 7d 13 44 08 f0 48 8d 40 40 c4 e2 7d b8 d9
0x00007fffadad5556:   c4 e2 7d 13 48 c0 c4 e2 7d 13 44 01 c0 c4 e2 7d
0x00007fffadad5566:   b8 d1 c4 e2 7d 13 48 d0 c4 e2 7d 13 44 08 d0 c4
0x00007fffadad5576:   e2 7d b8 e1 c4 e2 7d 13 48 e0 c4 e2 7d 13 44 08
0x00007fffadad5586:   e0 c4 e2 7d b8 e9 48 83 ea 01 75 ae c5 dc 58 cb
0x00007fffadad5596:   c5 d4 58 c2 c5 fc 58 d1 c4 e3 7d 19 d1 01 c5 f0
0x00007fffadad55a6:   58 c2 c5 fb 7c c8 c5 f3 7c d1 c5 ea 5a da 4d 3b
0x00007fffadad55b6:   c8 0f 8d f1 00 00 00 49 8b c0 48 8d 35 79 40 0d
0x00007fffadad55c6:   00 49 2b c1 4c 2b d3 48 83 f8 04 0f 8c ac 00 00
0x00007fffadad55d6:   00 49 8b d0 4c 8d 5b 02 49 2b d1 4f 8d 1c 4b 48
0x00007fffadad55e6:   83 ea 04 48 c1 ea 02 48 ff c2 4d 8d 0c 91 0f 1f
0x00007fffadad55f6:   40 00 0f 1f 84 00 00 00 00 00 43 0f b7 4c 13 fe
0x00007fffadad5606:   41 0f b7 43 fe 4d 8d 5b 08 c5 fa 10 04 8e 43 0f
0x00007fffadad5616:   b7 4c 13 f8 c5 fa 59 0c 86 41 0f b7 43 f8 c5 f2
0x00007fffadad5626:   5a d1 c5 fa 10 04 8e 43 0f b7 4c 13 fa c5 fa 59
0x00007fffadad5636:   0c 86 41 0f b7 43 fa c5 eb 58 db c5 fa 10 04 8e 


Stack slot to memory mapping:
stack at sp + 0 slots: 0x00007fffadba2f88 whisper-jni.dll
stack at sp + 1 slots: 0x000000000000000a is an unknown value
stack at sp + 2 slots: 0x000002166ef6e010 points into unknown readable memory: 0x0000000000016b13 | 13 6b 01 00 00 00 00 00
stack at sp + 3 slots: 0x0 is NULL
stack at sp + 4 slots: 0x0 is NULL
stack at sp + 5 slots: 0x000000c77c0fc0a0 is pointing into the stack for thread: 0x000002166f153e80
stack at sp + 6 slots: 0x000000c700000002 is an unknown value
stack at sp + 7 slots: 0x00007fffadaf4d82 whisper-jni.dll


---------------  P R O C E S S  ---------------

Threads class SMR info:
_java_thread_list=0x000002166f163aa0, length=15, elements={
0x0000021679db8a00, 0x000002167f534380, 0x000002167f535e20, 0x000002167f5480e0,
0x000002167f548ca0, 0x000002167f549860, 0x000002167f54c330, 0x000002167f54e0e0,
0x000002167f552090, 0x000002167f55cab0, 0x0000021628cec8d0, 0x000002166e5f8330,
0x000002166e5f8810, 0x000002166f136cc0, 0x000002166f153e80
}

Java Threads: ( => current thread )
  0x0000021679db8a00 JavaThread "main" [_thread_in_native, id=7768, stack(0x000000c77a300000,0x000000c77a400000)]
  0x000002167f534380 JavaThread "Reference Handler" daemon [_thread_blocked, id=18848, stack(0x000000c77aa00000,0x000000c77ab00000)]
  0x000002167f535e20 JavaThread "Finalizer" daemon [_thread_blocked, id=15932, stack(0x000000c77ab00000,0x000000c77ac00000)]
  0x000002167f5480e0 JavaThread "Signal Dispatcher" daemon [_thread_blocked, id=7124, stack(0x000000c77ac00000,0x000000c77ad00000)]
  0x000002167f548ca0 JavaThread "Attach Listener" daemon [_thread_blocked, id=21840, stack(0x000000c77ad00000,0x000000c77ae00000)]
  0x000002167f549860 JavaThread "Service Thread" daemon [_thread_blocked, id=6508, stack(0x000000c77ae00000,0x000000c77af00000)]
  0x000002167f54c330 JavaThread "Monitor Deflation Thread" daemon [_thread_blocked, id=8860, stack(0x000000c77af00000,0x000000c77b000000)]
  0x000002167f54e0e0 JavaThread "C2 CompilerThread0" daemon [_thread_blocked, id=23140, stack(0x000000c77b000000,0x000000c77b100000)]
  0x000002167f552090 JavaThread "C1 CompilerThread0" daemon [_thread_blocked, id=21196, stack(0x000000c77b100000,0x000000c77b200000)]
  0x000002167f55cab0 JavaThread "Sweeper thread" daemon [_thread_blocked, id=9868, stack(0x000000c77b200000,0x000000c77b300000)]
  0x0000021628cec8d0 JavaThread "Common-Cleaner" daemon [_thread_blocked, id=5976, stack(0x000000c77b300000,0x000000c77b400000)]
  0x000002166e5f8330 JavaThread "Monitor Ctrl-Break" daemon [_thread_in_native, id=21792, stack(0x000000c77b400000,0x000000c77b500000)]
  0x000002166e5f8810 JavaThread "Notification Thread" daemon [_thread_blocked, id=12352, stack(0x000000c77b500000,0x000000c77b600000)]
  0x000002166f136cc0 JavaThread "Java Sound Event Dispatcher" daemon [_thread_blocked, id=21652, stack(0x000000c77b900000,0x000000c77ba00000)]
=>0x000002166f153e80 JavaThread "pool-1-thread-1" [_thread_in_native, id=19804, stack(0x000000c77c000000,0x000000c77c100000)]

Other Threads:
  0x000002167f530b50 VMThread "VM Thread" [stack: 0x000000c77a900000,0x000000c77aa00000] [id=17284]
  0x0000021679db99c0 WatcherThread [stack: 0x000000c77b600000,0x000000c77b700000] [id=18768]
  0x0000021679e22c90 GCTaskThread "GC Thread#0" [stack: 0x000000c77a400000,0x000000c77a500000] [id=15272]
  0x0000021679e34b80 ConcurrentGCThread "G1 Main Marker" [stack: 0x000000c77a500000,0x000000c77a600000] [id=9736]
  0x0000021679e35d40 ConcurrentGCThread "G1 Conc#0" [stack: 0x000000c77a600000,0x000000c77a700000] [id=6916]
  0x0000021679e5e800 ConcurrentGCThread "G1 Refine#0" [stack: 0x000000c77a700000,0x000000c77a800000] [id=12952]
  0x000002167f4699d0 ConcurrentGCThread "G1 Service" [stack: 0x000000c77a800000,0x000000c77a900000] [id=19372]

Threads with active compile tasks:

VM state: not at safepoint (normal execution)

VM Mutex/Monitor currently owned by a thread: None

Heap address: 0x0000000600c00000, size: 8180 MB, Compressed Oops mode: Zero based, Oop shift amount: 3

CDS archive(s) mapped at: [0x0000021629000000-0x0000021629bb0000-0x0000021629bb0000), size 12255232, SharedBaseAddress: 0x0000021629000000, ArchiveRelocationMode: 1.
Compressed class space mapped at: 0x000002162a000000-0x000002166a000000, reserved size: 1073741824
Narrow klass base: 0x0000021629000000, Narrow klass shift: 0, Narrow klass range: 0x100000000

GC Precious Log:
 CPUs: 12 total, 12 available
 Memory: 32704M
 Large Page Support: Disabled
 NUMA Support: Disabled
 Compressed Oops: Enabled (Zero based)
 Heap Region Size: 4M
 Heap Min Capacity: 8M
 Heap Initial Capacity: 512M
 Heap Max Capacity: 8180M
 Pre-touch: Disabled
 Parallel Workers: 10
 Concurrent Workers: 3
 Concurrent Refinement Workers: 10
 Periodic GC: Disabled

Heap:
 garbage-first heap   total 524288K, used 8192K [0x0000000600c00000, 0x0000000800000000)
  region size 4096K, 4 young (16384K), 0 survivors (0K)
 Metaspace       used 2214K, committed 2368K, reserved 1114112K
  class space    used 209K, committed 256K, reserved 1048576K

Heap Regions: E=young(eden), S=young(survivor), O=old, HS=humongous(starts), HC=humongous(continues), CS=collection set, F=free, OA=open archive, CA=closed archive, TAMS=top-at-mark-start (previous, next)
|   0|0x0000000600c00000, 0x0000000600c00000, 0x0000000601000000|  0%| F|  |TAMS 0x0000000600c00000, 0x0000000600c00000| Untracked 
|   1|0x0000000601000000, 0x0000000601000000, 0x0000000601400000|  0%| F|  |TAMS 0x0000000601000000, 0x0000000601000000| Untracked 
|   2|0x0000000601400000, 0x0000000601400000, 0x0000000601800000|  0%| F|  |TAMS 0x0000000601400000, 0x0000000601400000| Untracked 
|   3|0x0000000601800000, 0x0000000601800000, 0x0000000601c00000|  0%| F|  |TAMS 0x0000000601800000, 0x0000000601800000| Untracked 
|   4|0x0000000601c00000, 0x0000000601c00000, 0x0000000602000000|  0%| F|  |TAMS 0x0000000601c00000, 0x0000000601c00000| Untracked 
|   5|0x0000000602000000, 0x0000000602000000, 0x0000000602400000|  0%| F|  |TAMS 0x0000000602000000, 0x0000000602000000| Untracked 
|   6|0x0000000602400000, 0x0000000602400000, 0x0000000602800000|  0%| F|  |TAMS 0x0000000602400000, 0x0000000602400000| Untracked 
|   7|0x0000000602800000, 0x0000000602800000, 0x0000000602c00000|  0%| F|  |TAMS 0x0000000602800000, 0x0000000602800000| Untracked 
|   8|0x0000000602c00000, 0x0000000602c00000, 0x0000000603000000|  0%| F|  |TAMS 0x0000000602c00000, 0x0000000602c00000| Untracked 
|   9|0x0000000603000000, 0x0000000603000000, 0x0000000603400000|  0%| F|  |TAMS 0x0000000603000000, 0x0000000603000000| Untracked 
|  10|0x0000000603400000, 0x0000000603400000, 0x0000000603800000|  0%| F|  |TAMS 0x0000000603400000, 0x0000000603400000| Untracked 
|  11|0x0000000603800000, 0x0000000603800000, 0x0000000603c00000|  0%| F|  |TAMS 0x0000000603800000, 0x0000000603800000| Untracked 
|  12|0x0000000603c00000, 0x0000000603c00000, 0x0000000604000000|  0%| F|  |TAMS 0x0000000603c00000, 0x0000000603c00000| Untracked 
|  13|0x0000000604000000, 0x0000000604000000, 0x0000000604400000|  0%| F|  |TAMS 0x0000000604000000, 0x0000000604000000| Untracked 
|  14|0x0000000604400000, 0x0000000604400000, 0x0000000604800000|  0%| F|  |TAMS 0x0000000604400000, 0x0000000604400000| Untracked 
|  15|0x0000000604800000, 0x0000000604800000, 0x0000000604c00000|  0%| F|  |TAMS 0x0000000604800000, 0x0000000604800000| Untracked 
|  16|0x0000000604c00000, 0x0000000604c00000, 0x0000000605000000|  0%| F|  |TAMS 0x0000000604c00000, 0x0000000604c00000| Untracked 
|  17|0x0000000605000000, 0x0000000605000000, 0x0000000605400000|  0%| F|  |TAMS 0x0000000605000000, 0x0000000605000000| Untracked 
|  18|0x0000000605400000, 0x0000000605400000, 0x0000000605800000|  0%| F|  |TAMS 0x0000000605400000, 0x0000000605400000| Untracked 
|  19|0x0000000605800000, 0x0000000605800000, 0x0000000605c00000|  0%| F|  |TAMS 0x0000000605800000, 0x0000000605800000| Untracked 
|  20|0x0000000605c00000, 0x0000000605c00000, 0x0000000606000000|  0%| F|  |TAMS 0x0000000605c00000, 0x0000000605c00000| Untracked 
|  21|0x0000000606000000, 0x0000000606000000, 0x0000000606400000|  0%| F|  |TAMS 0x0000000606000000, 0x0000000606000000| Untracked 
|  22|0x0000000606400000, 0x0000000606400000, 0x0000000606800000|  0%| F|  |TAMS 0x0000000606400000, 0x0000000606400000| Untracked 
|  23|0x0000000606800000, 0x0000000606800000, 0x0000000606c00000|  0%| F|  |TAMS 0x0000000606800000, 0x0000000606800000| Untracked 
|  24|0x0000000606c00000, 0x0000000606c00000, 0x0000000607000000|  0%| F|  |TAMS 0x0000000606c00000, 0x0000000606c00000| Untracked 
|  25|0x0000000607000000, 0x0000000607000000, 0x0000000607400000|  0%| F|  |TAMS 0x0000000607000000, 0x0000000607000000| Untracked 
|  26|0x0000000607400000, 0x0000000607400000, 0x0000000607800000|  0%| F|  |TAMS 0x0000000607400000, 0x0000000607400000| Untracked 
|  27|0x0000000607800000, 0x0000000607800000, 0x0000000607c00000|  0%| F|  |TAMS 0x0000000607800000, 0x0000000607800000| Untracked 
|  28|0x0000000607c00000, 0x0000000607c00000, 0x0000000608000000|  0%| F|  |TAMS 0x0000000607c00000, 0x0000000607c00000| Untracked 
|  29|0x0000000608000000, 0x0000000608000000, 0x0000000608400000|  0%| F|  |TAMS 0x0000000608000000, 0x0000000608000000| Untracked 
|  30|0x0000000608400000, 0x0000000608400000, 0x0000000608800000|  0%| F|  |TAMS 0x0000000608400000, 0x0000000608400000| Untracked 
|  31|0x0000000608800000, 0x0000000608800000, 0x0000000608c00000|  0%| F|  |TAMS 0x0000000608800000, 0x0000000608800000| Untracked 
|  32|0x0000000608c00000, 0x0000000608c00000, 0x0000000609000000|  0%| F|  |TAMS 0x0000000608c00000, 0x0000000608c00000| Untracked 
|  33|0x0000000609000000, 0x0000000609000000, 0x0000000609400000|  0%| F|  |TAMS 0x0000000609000000, 0x0000000609000000| Untracked 
|  34|0x0000000609400000, 0x0000000609400000, 0x0000000609800000|  0%| F|  |TAMS 0x0000000609400000, 0x0000000609400000| Untracked 
|  35|0x0000000609800000, 0x0000000609800000, 0x0000000609c00000|  0%| F|  |TAMS 0x0000000609800000, 0x0000000609800000| Untracked 
|  36|0x0000000609c00000, 0x0000000609c00000, 0x000000060a000000|  0%| F|  |TAMS 0x0000000609c00000, 0x0000000609c00000| Untracked 
|  37|0x000000060a000000, 0x000000060a000000, 0x000000060a400000|  0%| F|  |TAMS 0x000000060a000000, 0x000000060a000000| Untracked 
|  38|0x000000060a400000, 0x000000060a400000, 0x000000060a800000|  0%| F|  |TAMS 0x000000060a400000, 0x000000060a400000| Untracked 
|  39|0x000000060a800000, 0x000000060a800000, 0x000000060ac00000|  0%| F|  |TAMS 0x000000060a800000, 0x000000060a800000| Untracked 
|  40|0x000000060ac00000, 0x000000060ac00000, 0x000000060b000000|  0%| F|  |TAMS 0x000000060ac00000, 0x000000060ac00000| Untracked 
|  41|0x000000060b000000, 0x000000060b000000, 0x000000060b400000|  0%| F|  |TAMS 0x000000060b000000, 0x000000060b000000| Untracked 
|  42|0x000000060b400000, 0x000000060b400000, 0x000000060b800000|  0%| F|  |TAMS 0x000000060b400000, 0x000000060b400000| Untracked 
|  43|0x000000060b800000, 0x000000060b800000, 0x000000060bc00000|  0%| F|  |TAMS 0x000000060b800000, 0x000000060b800000| Untracked 
|  44|0x000000060bc00000, 0x000000060bc00000, 0x000000060c000000|  0%| F|  |TAMS 0x000000060bc00000, 0x000000060bc00000| Untracked 
|  45|0x000000060c000000, 0x000000060c000000, 0x000000060c400000|  0%| F|  |TAMS 0x000000060c000000, 0x000000060c000000| Untracked 
|  46|0x000000060c400000, 0x000000060c400000, 0x000000060c800000|  0%| F|  |TAMS 0x000000060c400000, 0x000000060c400000| Untracked 
|  47|0x000000060c800000, 0x000000060c800000, 0x000000060cc00000|  0%| F|  |TAMS 0x000000060c800000, 0x000000060c800000| Untracked 
|  48|0x000000060cc00000, 0x000000060cc00000, 0x000000060d000000|  0%| F|  |TAMS 0x000000060cc00000, 0x000000060cc00000| Untracked 
|  49|0x000000060d000000, 0x000000060d000000, 0x000000060d400000|  0%| F|  |TAMS 0x000000060d000000, 0x000000060d000000| Untracked 
|  50|0x000000060d400000, 0x000000060d400000, 0x000000060d800000|  0%| F|  |TAMS 0x000000060d400000, 0x000000060d400000| Untracked 
|  51|0x000000060d800000, 0x000000060d800000, 0x000000060dc00000|  0%| F|  |TAMS 0x000000060d800000, 0x000000060d800000| Untracked 
|  52|0x000000060dc00000, 0x000000060dc00000, 0x000000060e000000|  0%| F|  |TAMS 0x000000060dc00000, 0x000000060dc00000| Untracked 
|  53|0x000000060e000000, 0x000000060e000000, 0x000000060e400000|  0%| F|  |TAMS 0x000000060e000000, 0x000000060e000000| Untracked 
|  54|0x000000060e400000, 0x000000060e400000, 0x000000060e800000|  0%| F|  |TAMS 0x000000060e400000, 0x000000060e400000| Untracked 
|  55|0x000000060e800000, 0x000000060e800000, 0x000000060ec00000|  0%| F|  |TAMS 0x000000060e800000, 0x000000060e800000| Untracked 
|  56|0x000000060ec00000, 0x000000060ec00000, 0x000000060f000000|  0%| F|  |TAMS 0x000000060ec00000, 0x000000060ec00000| Untracked 
|  57|0x000000060f000000, 0x000000060f000000, 0x000000060f400000|  0%| F|  |TAMS 0x000000060f000000, 0x000000060f000000| Untracked 
|  58|0x000000060f400000, 0x000000060f400000, 0x000000060f800000|  0%| F|  |TAMS 0x000000060f400000, 0x000000060f400000| Untracked 
|  59|0x000000060f800000, 0x000000060f800000, 0x000000060fc00000|  0%| F|  |TAMS 0x000000060f800000, 0x000000060f800000| Untracked 
|  60|0x000000060fc00000, 0x000000060fc00000, 0x0000000610000000|  0%| F|  |TAMS 0x000000060fc00000, 0x000000060fc00000| Untracked 
|  61|0x0000000610000000, 0x0000000610000000, 0x0000000610400000|  0%| F|  |TAMS 0x0000000610000000, 0x0000000610000000| Untracked 
|  62|0x0000000610400000, 0x0000000610400000, 0x0000000610800000|  0%| F|  |TAMS 0x0000000610400000, 0x0000000610400000| Untracked 
|  63|0x0000000610800000, 0x0000000610800000, 0x0000000610c00000|  0%| F|  |TAMS 0x0000000610800000, 0x0000000610800000| Untracked 
|  64|0x0000000610c00000, 0x0000000610c00000, 0x0000000611000000|  0%| F|  |TAMS 0x0000000610c00000, 0x0000000610c00000| Untracked 
|  65|0x0000000611000000, 0x0000000611000000, 0x0000000611400000|  0%| F|  |TAMS 0x0000000611000000, 0x0000000611000000| Untracked 
|  66|0x0000000611400000, 0x0000000611400000, 0x0000000611800000|  0%| F|  |TAMS 0x0000000611400000, 0x0000000611400000| Untracked 
|  67|0x0000000611800000, 0x0000000611800000, 0x0000000611c00000|  0%| F|  |TAMS 0x0000000611800000, 0x0000000611800000| Untracked 
|  68|0x0000000611c00000, 0x0000000611c00000, 0x0000000612000000|  0%| F|  |TAMS 0x0000000611c00000, 0x0000000611c00000| Untracked 
|  69|0x0000000612000000, 0x0000000612000000, 0x0000000612400000|  0%| F|  |TAMS 0x0000000612000000, 0x0000000612000000| Untracked 
|  70|0x0000000612400000, 0x0000000612400000, 0x0000000612800000|  0%| F|  |TAMS 0x0000000612400000, 0x0000000612400000| Untracked 
|  71|0x0000000612800000, 0x0000000612800000, 0x0000000612c00000|  0%| F|  |TAMS 0x0000000612800000, 0x0000000612800000| Untracked 
|  72|0x0000000612c00000, 0x0000000612c00000, 0x0000000613000000|  0%| F|  |TAMS 0x0000000612c00000, 0x0000000612c00000| Untracked 
|  73|0x0000000613000000, 0x0000000613000000, 0x0000000613400000|  0%| F|  |TAMS 0x0000000613000000, 0x0000000613000000| Untracked 
|  74|0x0000000613400000, 0x0000000613400000, 0x0000000613800000|  0%| F|  |TAMS 0x0000000613400000, 0x0000000613400000| Untracked 
|  75|0x0000000613800000, 0x0000000613800000, 0x0000000613c00000|  0%| F|  |TAMS 0x0000000613800000, 0x0000000613800000| Untracked 
|  76|0x0000000613c00000, 0x0000000613c00000, 0x0000000614000000|  0%| F|  |TAMS 0x0000000613c00000, 0x0000000613c00000| Untracked 
|  77|0x0000000614000000, 0x0000000614000000, 0x0000000614400000|  0%| F|  |TAMS 0x0000000614000000, 0x0000000614000000| Untracked 
|  78|0x0000000614400000, 0x0000000614400000, 0x0000000614800000|  0%| F|  |TAMS 0x0000000614400000, 0x0000000614400000| Untracked 
|  79|0x0000000614800000, 0x0000000614800000, 0x0000000614c00000|  0%| F|  |TAMS 0x0000000614800000, 0x0000000614800000| Untracked 
|  80|0x0000000614c00000, 0x0000000614c00000, 0x0000000615000000|  0%| F|  |TAMS 0x0000000614c00000, 0x0000000614c00000| Untracked 
|  81|0x0000000615000000, 0x0000000615000000, 0x0000000615400000|  0%| F|  |TAMS 0x0000000615000000, 0x0000000615000000| Untracked 
|  82|0x0000000615400000, 0x0000000615400000, 0x0000000615800000|  0%| F|  |TAMS 0x0000000615400000, 0x0000000615400000| Untracked 
|  83|0x0000000615800000, 0x0000000615800000, 0x0000000615c00000|  0%| F|  |TAMS 0x0000000615800000, 0x0000000615800000| Untracked 
|  84|0x0000000615c00000, 0x0000000615c00000, 0x0000000616000000|  0%| F|  |TAMS 0x0000000615c00000, 0x0000000615c00000| Untracked 
|  85|0x0000000616000000, 0x0000000616000000, 0x0000000616400000|  0%| F|  |TAMS 0x0000000616000000, 0x0000000616000000| Untracked 
|  86|0x0000000616400000, 0x0000000616400000, 0x0000000616800000|  0%| F|  |TAMS 0x0000000616400000, 0x0000000616400000| Untracked 
|  87|0x0000000616800000, 0x0000000616800000, 0x0000000616c00000|  0%| F|  |TAMS 0x0000000616800000, 0x0000000616800000| Untracked 
|  88|0x0000000616c00000, 0x0000000616c00000, 0x0000000617000000|  0%| F|  |TAMS 0x0000000616c00000, 0x0000000616c00000| Untracked 
|  89|0x0000000617000000, 0x0000000617000000, 0x0000000617400000|  0%| F|  |TAMS 0x0000000617000000, 0x0000000617000000| Untracked 
|  90|0x0000000617400000, 0x0000000617400000, 0x0000000617800000|  0%| F|  |TAMS 0x0000000617400000, 0x0000000617400000| Untracked 
|  91|0x0000000617800000, 0x0000000617800000, 0x0000000617c00000|  0%| F|  |TAMS 0x0000000617800000, 0x0000000617800000| Untracked 
|  92|0x0000000617c00000, 0x0000000617c00000, 0x0000000618000000|  0%| F|  |TAMS 0x0000000617c00000, 0x0000000617c00000| Untracked 
|  93|0x0000000618000000, 0x0000000618000000, 0x0000000618400000|  0%| F|  |TAMS 0x0000000618000000, 0x0000000618000000| Untracked 
|  94|0x0000000618400000, 0x0000000618400000, 0x0000000618800000|  0%| F|  |TAMS 0x0000000618400000, 0x0000000618400000| Untracked 
|  95|0x0000000618800000, 0x0000000618800000, 0x0000000618c00000|  0%| F|  |TAMS 0x0000000618800000, 0x0000000618800000| Untracked 
|  96|0x0000000618c00000, 0x0000000618c00000, 0x0000000619000000|  0%| F|  |TAMS 0x0000000618c00000, 0x0000000618c00000| Untracked 
|  97|0x0000000619000000, 0x0000000619000000, 0x0000000619400000|  0%| F|  |TAMS 0x0000000619000000, 0x0000000619000000| Untracked 
|  98|0x0000000619400000, 0x0000000619400000, 0x0000000619800000|  0%| F|  |TAMS 0x0000000619400000, 0x0000000619400000| Untracked 
|  99|0x0000000619800000, 0x0000000619800000, 0x0000000619c00000|  0%| F|  |TAMS 0x0000000619800000, 0x0000000619800000| Untracked 
| 100|0x0000000619c00000, 0x0000000619c00000, 0x000000061a000000|  0%| F|  |TAMS 0x0000000619c00000, 0x0000000619c00000| Untracked 
| 101|0x000000061a000000, 0x000000061a000000, 0x000000061a400000|  0%| F|  |TAMS 0x000000061a000000, 0x000000061a000000| Untracked 
| 102|0x000000061a400000, 0x000000061a400000, 0x000000061a800000|  0%| F|  |TAMS 0x000000061a400000, 0x000000061a400000| Untracked 
| 103|0x000000061a800000, 0x000000061a800000, 0x000000061ac00000|  0%| F|  |TAMS 0x000000061a800000, 0x000000061a800000| Untracked 
| 104|0x000000061ac00000, 0x000000061ac00000, 0x000000061b000000|  0%| F|  |TAMS 0x000000061ac00000, 0x000000061ac00000| Untracked 
| 105|0x000000061b000000, 0x000000061b000000, 0x000000061b400000|  0%| F|  |TAMS 0x000000061b000000, 0x000000061b000000| Untracked 
| 106|0x000000061b400000, 0x000000061b400000, 0x000000061b800000|  0%| F|  |TAMS 0x000000061b400000, 0x000000061b400000| Untracked 
| 107|0x000000061b800000, 0x000000061b800000, 0x000000061bc00000|  0%| F|  |TAMS 0x000000061b800000, 0x000000061b800000| Untracked 
| 108|0x000000061bc00000, 0x000000061bc00000, 0x000000061c000000|  0%| F|  |TAMS 0x000000061bc00000, 0x000000061bc00000| Untracked 
| 109|0x000000061c000000, 0x000000061c000000, 0x000000061c400000|  0%| F|  |TAMS 0x000000061c000000, 0x000000061c000000| Untracked 
| 110|0x000000061c400000, 0x000000061c400000, 0x000000061c800000|  0%| F|  |TAMS 0x000000061c400000, 0x000000061c400000| Untracked 
| 111|0x000000061c800000, 0x000000061c800000, 0x000000061cc00000|  0%| F|  |TAMS 0x000000061c800000, 0x000000061c800000| Untracked 
| 112|0x000000061cc00000, 0x000000061cc00000, 0x000000061d000000|  0%| F|  |TAMS 0x000000061cc00000, 0x000000061cc00000| Untracked 
| 113|0x000000061d000000, 0x000000061d000000, 0x000000061d400000|  0%| F|  |TAMS 0x000000061d000000, 0x000000061d000000| Untracked 
| 114|0x000000061d400000, 0x000000061d400000, 0x000000061d800000|  0%| F|  |TAMS 0x000000061d400000, 0x000000061d400000| Untracked 
| 115|0x000000061d800000, 0x000000061d800000, 0x000000061dc00000|  0%| F|  |TAMS 0x000000061d800000, 0x000000061d800000| Untracked 
| 116|0x000000061dc00000, 0x000000061dc00000, 0x000000061e000000|  0%| F|  |TAMS 0x000000061dc00000, 0x000000061dc00000| Untracked 
| 117|0x000000061e000000, 0x000000061e000000, 0x000000061e400000|  0%| F|  |TAMS 0x000000061e000000, 0x000000061e000000| Untracked 
| 118|0x000000061e400000, 0x000000061e400000, 0x000000061e800000|  0%| F|  |TAMS 0x000000061e400000, 0x000000061e400000| Untracked 
| 119|0x000000061e800000, 0x000000061e800000, 0x000000061ec00000|  0%| F|  |TAMS 0x000000061e800000, 0x000000061e800000| Untracked 
| 120|0x000000061ec00000, 0x000000061ec00000, 0x000000061f000000|  0%| F|  |TAMS 0x000000061ec00000, 0x000000061ec00000| Untracked 
| 121|0x000000061f000000, 0x000000061f000000, 0x000000061f400000|  0%| F|  |TAMS 0x000000061f000000, 0x000000061f000000| Untracked 
| 122|0x000000061f400000, 0x000000061f400000, 0x000000061f800000|  0%| F|  |TAMS 0x000000061f400000, 0x000000061f400000| Untracked 
| 123|0x000000061f800000, 0x000000061f800000, 0x000000061fc00000|  0%| F|  |TAMS 0x000000061f800000, 0x000000061f800000| Untracked 
| 124|0x000000061fc00000, 0x000000061fd75588, 0x0000000620000000| 36%| E|  |TAMS 0x000000061fc00000, 0x000000061fc00000| Complete 
| 125|0x0000000620000000, 0x0000000620400000, 0x0000000620400000|100%| E|CS|TAMS 0x0000000620000000, 0x0000000620000000| Complete 
| 126|0x0000000620400000, 0x0000000620800000, 0x0000000620800000|100%| E|CS|TAMS 0x0000000620400000, 0x0000000620400000| Complete 
| 127|0x0000000620800000, 0x0000000620c00000, 0x0000000620c00000|100%| E|  |TAMS 0x0000000620800000, 0x0000000620800000| Complete 

Card table byte_map: [0x000002167d2e0000,0x000002167e2e0000] _byte_map_base: 0x000002167a2da000

Marking Bits (Prev, Next): (CMBitMap*) 0x0000021679e232b0, (CMBitMap*) 0x0000021679e232f0
 Prev Bits: [0x0000021616a60000, 0x000002161ea30000)
 Next Bits: [0x000002161ea30000, 0x0000021626a00000)

Polling page: 0x0000021679e60000

Metaspace:

Usage:
  Non-class:      1.96 MB used.
      Class:    209.11 KB used.
       Both:      2.16 MB used.

Virtual space:
  Non-class space:       64.00 MB reserved,       2.06 MB (  3%) committed,  1 nodes.
      Class space:        1.00 GB reserved,     256.00 KB ( <1%) committed,  1 nodes.
             Both:        1.06 GB reserved,       2.31 MB ( <1%) committed. 

Chunk freelists:
   Non-Class:  11.86 MB
       Class:  15.71 MB
        Both:  27.56 MB

MaxMetaspaceSize: unlimited
CompressedClassSpaceSize: 1.00 GB
Initial GC threshold: 21.00 MB
Current GC threshold: 21.00 MB
CDS: on
MetaspaceReclaimPolicy: balanced
 - commit_granule_bytes: 65536.
 - commit_granule_words: 8192.
 - virtual_space_node_default_size: 8388608.
 - enlarge_chunks_in_place: 1.
 - new_chunks_are_fully_committed: 0.
 - uncommit_free_chunks: 1.
 - use_allocation_guard: 0.
 - handle_deallocations: 1.


Internal statistics:

num_allocs_failed_limit: 0.
num_arena_births: 52.
num_arena_deaths: 0.
num_vsnodes_births: 2.
num_vsnodes_deaths: 0.
num_space_committed: 37.
num_space_uncommitted: 0.
num_chunks_returned_to_freelist: 0.
num_chunks_taken_from_freelist: 77.
num_chunk_merges: 0.
num_chunk_splits: 43.
num_chunks_enlarged: 17.
num_inconsistent_stats: 0.

CodeHeap 'non-profiled nmethods': size=120000Kb used=245Kb max_used=245Kb free=119754Kb
 bounds [0x000002160f530000, 0x000002160f7a0000, 0x0000021616a60000]
CodeHeap 'profiled nmethods': size=120000Kb used=1218Kb max_used=1218Kb free=118781Kb
 bounds [0x0000021607a60000, 0x0000021607cd0000, 0x000002160ef90000]
CodeHeap 'non-nmethods': size=5760Kb used=1152Kb max_used=1170Kb free=4607Kb
 bounds [0x000002160ef90000, 0x000002160f200000, 0x000002160f530000]
 total_blobs=1138 nmethods=695 adapters=356
 compilation: enabled
              stopped_count=0, restarted_count=0
 full_count=0

Compilation events (20 events):
Event: 1.050 Thread 0x000002167f552090  687       1       java.time.temporal.ValueRange::getMinimum (5 bytes)
Event: 1.050 Thread 0x000002167f552090 nmethod 687 0x000002160f568d10 code [0x000002160f568ea0, 0x000002160f568f78]
Event: 1.050 Thread 0x000002167f552090  688       1       java.time.temporal.ValueRange::getMaximum (5 bytes)
Event: 1.050 Thread 0x000002167f552090 nmethod 688 0x000002160f569010 code [0x000002160f5691a0, 0x000002160f569278]
Event: 1.050 Thread 0x000002167f552090  689       1       java.time.temporal.ChronoField::range (5 bytes)
Event: 1.050 Thread 0x000002167f552090 nmethod 689 0x000002160f569310 code [0x000002160f5694a0, 0x000002160f569578]
Event: 1.050 Thread 0x000002167f552090  691       3       java.time.temporal.ValueRange::isValidValue (24 bytes)
Event: 1.050 Thread 0x000002167f552090 nmethod 691 0x0000021607b89710 code [0x0000021607b898a0, 0x0000021607b89a78]
Event: 1.050 Thread 0x000002167f552090  690       1       java.time.ZoneOffset::getTotalSeconds (5 bytes)
Event: 1.050 Thread 0x000002167f552090 nmethod 690 0x000002160f569610 code [0x000002160f5697a0, 0x000002160f569878]
Event: 1.052 Thread 0x000002167f54e0e0 nmethod 671 0x000002160f569910 code [0x000002160f569a80, 0x000002160f569e18]
Event: 1.056 Thread 0x000002167f54e0e0  692 %     4       java.lang.StringLatin1::inflate @ 3 (34 bytes)
Event: 1.061 Thread 0x000002167f54e0e0 nmethod 692% 0x000002160f569f90 code [0x000002160f56a120, 0x000002160f56a4f8]
Event: 1.066 Thread 0x000002166f73e500 nmethod 665 0x000002160f56a690 code [0x000002160f56a880, 0x000002160f56bc18]
Event: 1.613 Thread 0x000002167f552090  693 % !   3       org.example.Test::<init> @ 211 (305 bytes)
Event: 1.615 Thread 0x000002167f552090 nmethod 693% 0x0000021607b89b10 code [0x0000021607b89f60, 0x0000021607b8c718]
Event: 1.631 Thread 0x000002167f552090  694   !   3       org.example.Test::<init> (305 bytes)
Event: 1.633 Thread 0x000002167f552090 nmethod 694 0x0000021607b8d710 code [0x0000021607b8db40, 0x0000021607b8fb38]
Event: 2.249 Thread 0x000002167f54e0e0  695 % !   4       org.example.Test::<init> @ 211 (305 bytes)
Event: 2.260 Thread 0x000002167f54e0e0 nmethod 695% 0x000002160f56c290 code [0x000002160f56c480, 0x000002160f56cf08]

GC Heap History (0 events):
No events

Dll operation events (12 events):
Event: 0.006 Loaded shared library C:\Users\Nico\.jdks\corretto-17.0.10\bin\java.dll
Event: 0.022 Loaded shared library C:\Users\Nico\.jdks\corretto-17.0.10\bin\jsvml.dll
Event: 0.156 Loaded shared library C:\Users\Nico\.jdks\corretto-17.0.10\bin\zip.dll
Event: 0.158 Loaded shared library C:\Users\Nico\.jdks\corretto-17.0.10\bin\instrument.dll
Event: 0.163 Loaded shared library C:\Users\Nico\.jdks\corretto-17.0.10\bin\net.dll
Event: 0.164 Loaded shared library C:\Users\Nico\.jdks\corretto-17.0.10\bin\nio.dll
Event: 0.166 Loaded shared library C:\Users\Nico\.jdks\corretto-17.0.10\bin\zip.dll
Event: 0.272 Loaded shared library C:\Users\Nico\AppData\Local\Programs\IntelliJ IDEA Community Edition\bin\breakgen64.dll
Event: 0.282 Loaded shared library C:\Users\Nico\.jdks\corretto-17.0.10\bin\extnet.dll
Event: 0.305 Loaded shared library C:\Users\Nico\.jdks\corretto-17.0.10\bin\jimage.dll
Event: 0.324 Loaded shared library C:\Users\Nico\AppData\Local\Temp\whisper-jni-509442302353200\whisper-jni.dll
Event: 0.453 Loaded shared library C:\Users\Nico\.jdks\corretto-17.0.10\bin\jsound.dll

Deoptimization events (20 events):
Event: 0.266 Thread 0x0000021679db8a00 Uncommon trap: trap_request=0xffffff45 fr.pc=0x000002160f54a2f8 relative=0x00000000000002d8
Event: 0.266 Thread 0x0000021679db8a00 Uncommon trap: reason=unstable_if action=reinterpret pc=0x000002160f54a2f8 method=java.util.jar.Manifest$FastInputStream.readLine([BII)I @ 106 c2
Event: 0.266 Thread 0x0000021679db8a00 DEOPT PACKING pc=0x000002160f54a2f8 sp=0x000000c77a3fe840
Event: 0.266 Thread 0x0000021679db8a00 DEOPT UNPACKING pc=0x000002160efe69a3 sp=0x000000c77a3fe7d0 mode 2
Event: 0.269 Thread 0x0000021679db8a00 DEOPT PACKING pc=0x0000021607a6b5ad sp=0x000000c77a3fa210
Event: 0.269 Thread 0x0000021679db8a00 DEOPT UNPACKING pc=0x000002160efe7143 sp=0x000000c77a3f96a8 mode 0
Event: 0.273 Thread 0x0000021679db8a00 Uncommon trap: trap_request=0xffffff45 fr.pc=0x000002160f5315f8 relative=0x0000000000000078
Event: 0.273 Thread 0x0000021679db8a00 Uncommon trap: reason=unstable_if action=reinterpret pc=0x000002160f5315f8 method=java.lang.String.isLatin1()Z @ 10 c2
Event: 0.273 Thread 0x0000021679db8a00 DEOPT PACKING pc=0x000002160f5315f8 sp=0x000000c77a3ff190
Event: 0.273 Thread 0x0000021679db8a00 DEOPT UNPACKING pc=0x000002160efe69a3 sp=0x000000c77a3ff0d0 mode 2
Event: 0.309 Thread 0x0000021679db8a00 Uncommon trap: trap_request=0xffffff45 fr.pc=0x000002160f53ee34 relative=0x00000000000008d4
Event: 0.309 Thread 0x0000021679db8a00 Uncommon trap: reason=unstable_if action=reinterpret pc=0x000002160f53ee34 method=java.util.HashMap.putVal(ILjava/lang/Object;Ljava/lang/Object;ZZ)Ljava/lang/Object; @ 181 c2
Event: 0.309 Thread 0x0000021679db8a00 DEOPT PACKING pc=0x000002160f53ee34 sp=0x000000c77a3ff0f0
Event: 0.309 Thread 0x0000021679db8a00 DEOPT UNPACKING pc=0x000002160efe69a3 sp=0x000000c77a3ff090 mode 2
Event: 2.359 Thread 0x0000021679db8a00 DEOPT PACKING pc=0x0000021607b8bef9 sp=0x000000c77a3ff530
Event: 2.359 Thread 0x0000021679db8a00 DEOPT UNPACKING pc=0x000002160efe7143 sp=0x000000c77a3feb40 mode 0
Event: 7.530 Thread 0x0000021679db8a00 Uncommon trap: trap_request=0xffffff45 fr.pc=0x000002160f56cd24 relative=0x00000000000008a4
Event: 7.530 Thread 0x0000021679db8a00 Uncommon trap: reason=unstable_if action=reinterpret pc=0x000002160f56cd24 method=org.example.Test.<init>()V @ 276 c2
Event: 7.530 Thread 0x0000021679db8a00 DEOPT PACKING pc=0x000002160f56cd24 sp=0x000000c77a3ff6a0
Event: 7.530 Thread 0x0000021679db8a00 DEOPT UNPACKING pc=0x000002160efe69a3 sp=0x000000c77a3ff640 mode 2

Classes unloaded (0 events):
No events

Classes redefined (0 events):
No events

Internal exceptions (20 events):
Event: 0.288 Thread 0x0000021679db8a00 Exception <a 'sun/nio/fs/WindowsException'{0x00000006201d2f30}> (0x00000006201d2f30) 
thrown [s\src\hotspot\share\prims\jni.cpp, line 516]
Event: 0.288 Thread 0x0000021679db8a00 Exception <a 'sun/nio/fs/WindowsException'{0x00000006201d31d0}> (0x00000006201d31d0) 
thrown [s\src\hotspot\share\prims\jni.cpp, line 516]
Event: 0.289 Thread 0x0000021679db8a00 Exception <a 'sun/nio/fs/WindowsException'{0x00000006201d3b60}> (0x00000006201d3b60) 
thrown [s\src\hotspot\share\prims\jni.cpp, line 516]
Event: 0.289 Thread 0x0000021679db8a00 Exception <a 'sun/nio/fs/WindowsException'{0x00000006201d3d80}> (0x00000006201d3d80) 
thrown [s\src\hotspot\share\prims\jni.cpp, line 516]
Event: 0.289 Thread 0x0000021679db8a00 Exception <a 'sun/nio/fs/WindowsException'{0x00000006201d47f8}> (0x00000006201d47f8) 
thrown [s\src\hotspot\share\prims\jni.cpp, line 516]
Event: 0.289 Thread 0x0000021679db8a00 Exception <a 'sun/nio/fs/WindowsException'{0x00000006201d4ac8}> (0x00000006201d4ac8) 
thrown [s\src\hotspot\share\prims\jni.cpp, line 516]
Event: 0.289 Thread 0x0000021679db8a00 Exception <a 'sun/nio/fs/WindowsException'{0x00000006201d5468}> (0x00000006201d5468) 
thrown [s\src\hotspot\share\prims\jni.cpp, line 516]
Event: 0.289 Thread 0x0000021679db8a00 Exception <a 'sun/nio/fs/WindowsException'{0x00000006201d56a8}> (0x00000006201d56a8) 
thrown [s\src\hotspot\share\prims\jni.cpp, line 516]
Event: 0.289 Thread 0x0000021679db8a00 Exception <a 'sun/nio/fs/WindowsException'{0x00000006201d60f8}> (0x00000006201d60f8) 
thrown [s\src\hotspot\share\prims\jni.cpp, line 516]
Event: 0.289 Thread 0x0000021679db8a00 Exception <a 'sun/nio/fs/WindowsException'{0x00000006201d63b8}> (0x00000006201d63b8) 
thrown [s\src\hotspot\share\prims\jni.cpp, line 516]
Event: 0.289 Thread 0x0000021679db8a00 Exception <a 'sun/nio/fs/WindowsException'{0x00000006201d6d48}> (0x00000006201d6d48) 
thrown [s\src\hotspot\share\prims\jni.cpp, line 516]
Event: 0.289 Thread 0x0000021679db8a00 Exception <a 'sun/nio/fs/WindowsException'{0x00000006201d6f68}> (0x00000006201d6f68) 
thrown [s\src\hotspot\share\prims\jni.cpp, line 516]
Event: 0.289 Thread 0x0000021679db8a00 Exception <a 'sun/nio/fs/WindowsException'{0x00000006201d79a0}> (0x00000006201d79a0) 
thrown [s\src\hotspot\share\prims\jni.cpp, line 516]
Event: 0.289 Thread 0x0000021679db8a00 Exception <a 'sun/nio/fs/WindowsException'{0x00000006201d7c40}> (0x00000006201d7c40) 
thrown [s\src\hotspot\share\prims\jni.cpp, line 516]
Event: 0.289 Thread 0x0000021679db8a00 Exception <a 'sun/nio/fs/WindowsException'{0x00000006201d8738}> (0x00000006201d8738) 
thrown [s\src\hotspot\share\prims\jni.cpp, line 516]
Event: 0.290 Thread 0x0000021679db8a00 Exception <a 'sun/nio/fs/WindowsException'{0x00000006201d8a78}> (0x00000006201d8a78) 
thrown [s\src\hotspot\share\prims\jni.cpp, line 516]
Event: 0.290 Thread 0x0000021679db8a00 Exception <a 'sun/nio/fs/WindowsException'{0x00000006201d9448}> (0x00000006201d9448) 
thrown [s\src\hotspot\share\prims\jni.cpp, line 516]
Event: 0.290 Thread 0x0000021679db8a00 Exception <a 'sun/nio/fs/WindowsException'{0x00000006201d96a8}> (0x00000006201d96a8) 
thrown [s\src\hotspot\share\prims\jni.cpp, line 516]
Event: 0.299 Thread 0x0000021679db8a00 Exception <a 'java/lang/NoSuchMethodError'{0x0000000620218228}: 'java.lang.Object java.lang.invoke.Invokers$Holder.linkToTargetMethod(java.lang.Object, long, java.lang.Object)'> (0x0000000620218228) 
thrown [s\src\hotspot\share\interpreter\linkResolver.cpp, line 759]
Event: 0.309 Thread 0x0000021679db8a00 Exception <a 'sun/nio/fs/WindowsException'{0x0000000620245f38}> (0x0000000620245f38) 
thrown [s\src\hotspot\share\prims\jni.cpp, line 516]

VM Operations (10 events):
Event: 0.146 Executing VM operation: HandshakeAllThreads
Event: 0.146 Executing VM operation: HandshakeAllThreads done
Event: 0.274 Executing VM operation: HandshakeAllThreads
Event: 0.274 Executing VM operation: HandshakeAllThreads done
Event: 0.279 Executing VM operation: HandshakeAllThreads
Event: 0.279 Executing VM operation: HandshakeAllThreads done
Event: 0.308 Executing VM operation: HandshakeAllThreads
Event: 0.308 Executing VM operation: HandshakeAllThreads done
Event: 1.322 Executing VM operation: Cleanup
Event: 1.322 Executing VM operation: Cleanup done

Events (20 events):
Event: 1.049 loading class java/time/Month done
Event: 1.049 loading class java/time/DayOfWeek
Event: 1.049 loading class java/time/DayOfWeek done
Event: 1.049 loading class java/time/zone/ZoneOffsetTransitionRule$TimeDefinition
Event: 1.049 loading class java/time/zone/ZoneOffsetTransitionRule$TimeDefinition done
Event: 1.049 loading class java/time/zone/ZoneOffsetTransition
Event: 1.050 loading class java/time/zone/ZoneOffsetTransition done
Event: 1.050 loading class sun/util/cldr/CLDRBaseLocaleDataMetaInfo$TZCanonicalIDMapHolder
Event: 1.051 loading class sun/util/cldr/CLDRBaseLocaleDataMetaInfo$TZCanonicalIDMapHolder done
Event: 1.052 loading class sun/util/resources/TimeZoneNames
Event: 1.052 loading class sun/util/resources/TimeZoneNames done
Event: 1.052 loading class sun/util/resources/TimeZoneNames_en
Event: 1.052 loading class sun/util/resources/TimeZoneNames_en done
Event: 1.613 Thread 0x000002166f73e500 Thread exited: 0x000002166f73e500
Event: 2.640 loading class java/util/concurrent/locks/AbstractQueuedSynchronizer$ConditionNode
Event: 2.640 loading class java/util/concurrent/ForkJoinPool$ManagedBlocker
Event: 2.640 loading class java/util/concurrent/ForkJoinPool$ManagedBlocker done
Event: 2.640 loading class java/util/concurrent/locks/AbstractQueuedSynchronizer$Node
Event: 2.640 loading class java/util/concurrent/locks/AbstractQueuedSynchronizer$Node done
Event: 2.640 loading class java/util/concurrent/locks/AbstractQueuedSynchronizer$ConditionNode done


Dynamic libraries:
0x00007ff6f7040000 - 0x00007ff6f704e000 	C:\Users\Nico\.jdks\corretto-17.0.10\bin\java.exe
0x00007ffff81b0000 - 0x00007ffff83a8000 	C:\WINDOWS\SYSTEM32\ntdll.dll
0x00007ffff7ae0000 - 0x00007ffff7b9d000 	C:\WINDOWS\System32\KERNEL32.DLL
0x00007ffff5cd0000 - 0x00007ffff5fc6000 	C:\WINDOWS\System32\KERNELBASE.dll
0x00007ffff5a50000 - 0x00007ffff5b50000 	C:\WINDOWS\System32\ucrtbase.dll
0x00007fff7e120000 - 0x00007fff7e137000 	C:\Users\Nico\.jdks\corretto-17.0.10\bin\jli.dll
0x00007fff7e660000 - 0x00007fff7e67b000 	C:\Users\Nico\.jdks\corretto-17.0.10\bin\VCRUNTIME140.dll
0x00007ffff7c00000 - 0x00007ffff7d9f000 	C:\WINDOWS\System32\USER32.dll
0x00007fffea2e0000 - 0x00007fffea57a000 	C:\WINDOWS\WinSxS\amd64_microsoft.windows.common-controls_6595b64144ccf1df_6.0.19041.3636_none_60b6a03d71f818d5\COMCTL32.dll
0x00007ffff5c00000 - 0x00007ffff5c22000 	C:\WINDOWS\System32\win32u.dll
0x00007ffff6a80000 - 0x00007ffff6b1e000 	C:\WINDOWS\System32\msvcrt.dll
0x00007ffff61e0000 - 0x00007ffff620b000 	C:\WINDOWS\System32\GDI32.dll
0x00007ffff6040000 - 0x00007ffff6157000 	C:\WINDOWS\System32\gdi32full.dll
0x00007ffff5c30000 - 0x00007ffff5ccd000 	C:\WINDOWS\System32\msvcp_win.dll
0x00007ffff6a40000 - 0x00007ffff6a72000 	C:\WINDOWS\System32\IMM32.DLL
0x00007fffbbe00000 - 0x00007fffbbe0c000 	C:\Users\Nico\.jdks\corretto-17.0.10\bin\vcruntime140_1.dll
0x00007fff7e090000 - 0x00007fff7e11d000 	C:\Users\Nico\.jdks\corretto-17.0.10\bin\msvcp140.dll
0x00007fff78350000 - 0x00007fff78fb2000 	C:\Users\Nico\.jdks\corretto-17.0.10\bin\server\jvm.dll
0x00007ffff7390000 - 0x00007ffff7440000 	C:\WINDOWS\System32\ADVAPI32.dll
0x00007ffff6b20000 - 0x00007ffff6bc0000 	C:\WINDOWS\System32\sechost.dll
0x00007ffff78d0000 - 0x00007ffff79f3000 	C:\WINDOWS\System32\RPCRT4.dll
0x00007ffff61b0000 - 0x00007ffff61d7000 	C:\WINDOWS\System32\bcrypt.dll
0x00007ffff4d60000 - 0x00007ffff4dab000 	C:\WINDOWS\SYSTEM32\POWRPROF.dll
0x00007fffea9a0000 - 0x00007fffea9a9000 	C:\WINDOWS\SYSTEM32\WSOCK32.dll
0x00007fffec2f0000 - 0x00007fffec317000 	C:\WINDOWS\SYSTEM32\WINMM.dll
0x00007ffff0390000 - 0x00007ffff039a000 	C:\WINDOWS\SYSTEM32\VERSION.dll
0x00007ffff7860000 - 0x00007ffff78cb000 	C:\WINDOWS\System32\WS2_32.dll
0x00007ffff4c20000 - 0x00007ffff4c32000 	C:\WINDOWS\SYSTEM32\UMPDC.dll
0x00007ffff36d0000 - 0x00007ffff36e2000 	C:\WINDOWS\SYSTEM32\kernel.appcore.dll
0x00007fffb5fe0000 - 0x00007fffb5fea000 	C:\Users\Nico\.jdks\corretto-17.0.10\bin\jimage.dll
0x00007fffea7b0000 - 0x00007fffea994000 	C:\WINDOWS\SYSTEM32\DBGHELP.DLL
0x00007fffe8080000 - 0x00007fffe80b4000 	C:\WINDOWS\SYSTEM32\dbgcore.DLL
0x00007ffff5860000 - 0x00007ffff58e2000 	C:\WINDOWS\System32\bcryptPrimitives.dll
0x00007ffff12e0000 - 0x00007ffff12ee000 	C:\Users\Nico\.jdks\corretto-17.0.10\bin\instrument.dll
0x00007fff7e060000 - 0x00007fff7e085000 	C:\Users\Nico\.jdks\corretto-17.0.10\bin\java.dll
0x00007fff7df80000 - 0x00007fff7e057000 	C:\Users\Nico\.jdks\corretto-17.0.10\bin\jsvml.dll
0x00007ffff6270000 - 0x00007ffff69db000 	C:\WINDOWS\System32\SHELL32.dll
0x00007ffff38d0000 - 0x00007ffff406e000 	C:\WINDOWS\SYSTEM32\windows.storage.dll
0x00007ffff7450000 - 0x00007ffff77a3000 	C:\WINDOWS\System32\combase.dll
0x00007ffff51b0000 - 0x00007ffff51de000 	C:\WINDOWS\SYSTEM32\Wldp.dll
0x00007ffff8000000 - 0x00007ffff80cd000 	C:\WINDOWS\System32\OLEAUT32.dll
0x00007ffff7da0000 - 0x00007ffff7e4d000 	C:\WINDOWS\System32\SHCORE.dll
0x00007ffff7ba0000 - 0x00007ffff7bf5000 	C:\WINDOWS\System32\shlwapi.dll
0x00007ffff5790000 - 0x00007ffff57b3000 	C:\WINDOWS\SYSTEM32\profapi.dll
0x00007fff7df20000 - 0x00007fff7df38000 	C:\Users\Nico\.jdks\corretto-17.0.10\bin\zip.dll
0x00007fff7df60000 - 0x00007fff7df79000 	C:\Users\Nico\.jdks\corretto-17.0.10\bin\net.dll
0x00007fffef2b0000 - 0x00007fffef3ba000 	C:\WINDOWS\SYSTEM32\WINHTTP.dll
0x00007ffff4f90000 - 0x00007ffff4ffa000 	C:\WINDOWS\system32\mswsock.dll
0x00007fff7df40000 - 0x00007fff7df56000 	C:\Users\Nico\.jdks\corretto-17.0.10\bin\nio.dll
0x00007ffff04f0000 - 0x00007ffff050a000 	C:\Users\Nico\AppData\Local\Programs\IntelliJ IDEA Community Edition\bin\breakgen64.dll
0x00007fffec080000 - 0x00007fffec089000 	C:\Users\Nico\.jdks\corretto-17.0.10\bin\extnet.dll
0x00007fffadaa0000 - 0x00007fffadbf1000 	C:\Users\Nico\AppData\Local\Temp\whisper-jni-509442302353200\whisper-jni.dll
0x00007fffed810000 - 0x00007fffed822000 	C:\Users\Nico\.jdks\corretto-17.0.10\bin\jsound.dll
0x00007ffff71c0000 - 0x00007ffff72eb000 	C:\WINDOWS\System32\ole32.dll
0x00007fffae410000 - 0x00007fffae4ac000 	C:\WINDOWS\SYSTEM32\DSOUND.dll
0x00007fffc5490000 - 0x00007fffc54b6000 	C:\WINDOWS\SYSTEM32\winmmbase.dll
0x00007ffff3200000 - 0x00007ffff329e000 	C:\WINDOWS\system32\uxtheme.dll
0x00007ffff77b0000 - 0x00007ffff7859000 	C:\WINDOWS\System32\clbcatq.dll
0x00007fffeeea0000 - 0x00007fffeef25000 	C:\WINDOWS\System32\MMDevApi.dll
0x00007ffff55f0000 - 0x00007ffff5623000 	C:\WINDOWS\System32\DEVOBJ.dll
0x00007ffff6160000 - 0x00007ffff61ae000 	C:\WINDOWS\System32\cfgmgr32.dll
0x00007fffec8c0000 - 0x00007fffec906000 	C:\WINDOWS\SYSTEM32\wdmaud.drv
0x00007ffff14d0000 - 0x00007ffff14d9000 	C:\WINDOWS\SYSTEM32\ksuser.dll
0x00007ffff0990000 - 0x00007ffff099a000 	C:\WINDOWS\SYSTEM32\AVRT.dll
0x00007fffe6c80000 - 0x00007fffe6e02000 	C:\WINDOWS\SYSTEM32\AUDIOSES.DLL
0x00007ffff1250000 - 0x00007ffff125d000 	C:\WINDOWS\SYSTEM32\msacm32.drv
0x00007ffff1290000 - 0x00007ffff12ae000 	C:\WINDOWS\SYSTEM32\MSACM32.dll
0x00007ffff1230000 - 0x00007ffff123b000 	C:\WINDOWS\SYSTEM32\midimap.dll

dbghelp: loaded successfully - version: 4.0.5 - missing functions: none
symbol engine: initialized successfully - sym options: 0x614 - pdb path: .;C:\Users\Nico\.jdks\corretto-17.0.10\bin;C:\WINDOWS\SYSTEM32;C:\WINDOWS\WinSxS\amd64_microsoft.windows.common-controls_6595b64144ccf1df_6.0.19041.3636_none_60b6a03d71f818d5;C:\Users\Nico\.jdks\corretto-17.0.10\bin\server;C:\Users\Nico\AppData\Local\Programs\IntelliJ IDEA Community Edition\bin;C:\Users\Nico\AppData\Local\Temp\whisper-jni-509442302353200

VM Arguments:
jvm_args: -javaagent:C:\Users\Nico\AppData\Local\Programs\IntelliJ IDEA Community Edition\lib\idea_rt.jar=55312:C:\Users\Nico\AppData\Local\Programs\IntelliJ IDEA Community Edition\bin -Dfile.encoding=UTF-8 
java_command: org.example.App
java_class_path (initial): E:\Coding\Java\WhisperTest\target\classes;C:\Users\Nico\.m2\repository\io\github\givimad\whisper-jni\1.5.4-0\whisper-jni-1.5.4-0.jar;C:\Users\Nico\.m2\repository\org\bytedeco\javacv-platform\1.5.10\javacv-platform-1.5.10.jar;C:\Users\Nico\.m2\repository\org\bytedeco\javacv\1.5.10\javacv-1.5.10.jar;C:\Users\Nico\.m2\repository\org\bytedeco\javacpp\1.5.10\javacpp-1.5.10.jar;C:\Users\Nico\.m2\repository\org\bytedeco\openblas\0.3.26-1.5.10\openblas-0.3.26-1.5.10.jar;C:\Users\Nico\.m2\repository\org\bytedeco\opencv\4.9.0-1.5.10\opencv-4.9.0-1.5.10.jar;C:\Users\Nico\.m2\repository\org\bytedeco\ffmpeg\6.1.1-1.5.10\ffmpeg-6.1.1-1.5.10.jar;C:\Users\Nico\.m2\repository\org\bytedeco\flycapture\2.13.3.31-1.5.9\flycapture-2.13.3.31-1.5.9.jar;C:\Users\Nico\.m2\repository\org\bytedeco\libdc1394\2.2.6-1.5.9\libdc1394-2.2.6-1.5.9.jar;C:\Users\Nico\.m2\repository\org\bytedeco\libfreenect\0.5.7-1.5.9\libfreenect-0.5.7-1.5.9.jar;C:\Users\Nico\.m2\repository\org\bytedeco\libfreenect2\0.2.0-1.5.9\libfreenect2-0.2.0-1.5.9.jar;C:\Users\Nico\.m2\repository\org\bytedeco\librealsense\1.12.4-1.5.9\librealsense-1.12.4-1.5.9.jar;C:\Users\Nico\.m2\repository\org\bytedeco\librealsense2\2.53.1-1.5.9\librealsense2-2.53.1-1.5.9.jar;C:\Users\Nico\.m2\repository\org\bytedeco\videoinput\0.200-1.5.9\videoinput-0.200-1.5.9.jar;C:\Users\Nico\.m2\repository\org\bytedeco\artoolkitplus\2.3.1-1.5.9\artoolkitplus-2.3.1-1.5.9.jar;C:\Users\Nico\.m2\repository\org\bytedeco\leptonica\1.84.1-1.5.10\leptonica-1.84.1-1.5.10.jar;C:\Users\Nico\.m2\repository\org\bytedeco\tesseract\5.3.4-1.5.10\tesseract-5.3.4-1.5.10.jar;C:\Users\Nico\.m2\repository\org\openjfx\javafx-graphics\17\javafx-graphics-17.jar;C:\Users\Nico\.m2\repository\org\openjfx\javafx-graphics\17\javafx-graphics-17-win.jar;C:\Users\Nico\.m2\repository\org\openjfx\javafx-base\17\javafx-base-17.jar;C:\Users\Nico\.m2\repository\org\openjfx\javafx-base\17\javafx-base-17-win.jar;C:\Users\Nico\.m2\repository\org\bytedeco\javacpp-plat
Launcher Type: SUN_STANDARD

[Global flags]
     intx CICompilerCount                          = 4                                         {product} {ergonomic}
     uint ConcGCThreads                            = 3                                         {product} {ergonomic}
     uint G1ConcRefinementThreads                  = 10                                        {product} {ergonomic}
   size_t G1HeapRegionSize                         = 4194304                                   {product} {ergonomic}
    uintx GCDrainStackTargetSize                   = 64                                        {product} {ergonomic}
   size_t InitialHeapSize                          = 536870912                                 {product} {ergonomic}
   size_t MarkStackSize                            = 4194304                                   {product} {ergonomic}
   size_t MaxHeapSize                              = 8577351680                                {product} {ergonomic}
   size_t MaxNewSize                               = 5146411008                                {product} {ergonomic}
   size_t MinHeapDeltaBytes                        = 4194304                                   {product} {ergonomic}
   size_t MinHeapSize                              = 8388608                                   {product} {ergonomic}
    uintx NonNMethodCodeHeapSize                   = 5839372                                {pd product} {ergonomic}
    uintx NonProfiledCodeHeapSize                  = 122909434                              {pd product} {ergonomic}
    uintx ProfiledCodeHeapSize                     = 122909434                              {pd product} {ergonomic}
    uintx ReservedCodeCacheSize                    = 251658240                              {pd product} {ergonomic}
     bool SegmentedCodeCache                       = true                                      {product} {ergonomic}
   size_t SoftMaxHeapSize                          = 8577351680                             {manageable} {ergonomic}
     bool UseCompressedClassPointers               = true                           {product lp64_product} {ergonomic}
     bool UseCompressedOops                        = true                           {product lp64_product} {ergonomic}
     bool UseG1GC                                  = true                                      {product} {ergonomic}
     bool UseLargePagesIndividualAllocation        = false                                  {pd product} {ergonomic}

Logging:
Log output configuration:
 #0: stdout all=warning uptime,level,tags
 #1: stderr all=off uptime,level,tags

Environment Variables:
JAVA_HOME=C:\Users\Nico\Downloads\jdk-17.0.9_windows-x64_bin\jdk-17.0.9
PATH=C:\Python39\Scripts\;C:\Python39\;C:\Program Files (x86)\Common Files\Intel\Shared Libraries\redist\intel64\compiler;C:\Windows\system32;C:\Windows;C:\Windows\System32\Wbem;C:\Windows\System32\WindowsPowerShell\v1.0\;C:\Program Files (x86)\NVIDIA Corporation\PhysX\Common;C:\Program Files (x86)\Windows Live\Shared;C:\WINDOWS\system32;C:\WINDOWS;C:\WINDOWS\System32\Wbem;C:\WINDOWS\System32\WindowsPowerShell\v1.0\;C:\WINDOWS\System32\OpenSSH\;C:\WINDOWS\system32;C:\WINDOWS;C:\WINDOWS\System32\Wbem;C:\WINDOWS\System32\WindowsPowerShell\v1.0\;C:\WINDOWS\System32\OpenSSH\;C:\Program Files\NVIDIA Corporation\NVIDIA NvDLISR;C:\ProgramData\chocolatey\bin;C:\Program Files\dotnet\;C:\Program Files\Git\cmd;C:\MinGW\bin;C:\Users\Nico\AppData\Roaming\nvm;C:\Program Files\nodejs;C:\Users\Nico\Downloads\protoc-25.1-win64\bin;C:\Users\Nico\Downloads\apache-maven-3.9.6-bin\apache-maven-3.9.6\bin;C:\Program Files\Docker\Docker\resources\bin;C:\Users\Nico\AppData\Local\Programs\Rider\bin;C:\Program Files\PowerShell\7\;C:\Program Files\JetBrains\WebStorm 2023.2\bin;C:\Users\Nico\Downloads\jdk-17.0.9_windows-x64_bin\jdk-17.0.9;C:\Users\Nico\Downloads\jdk-17.0.9_windows-x64_bin\jdk-17.0.9\bin;C:\Users\Nico\AppData\Local\Microsoft\WindowsApps;C:\Users\Nico\.dotnet\tools;C:\Users\Nico\AppData\Local\Programs\Microsoft VS Code\bin;C:\Program Files\Git\bin\git.exe;C:\Users\Nico\AppData\Local\JetBrains\Toolbox\scripts;C:\Users\Nico\.dotnet\tools;C:\Users\Nico\AppData\Roaming\Composer\vendor\bin;C:\Users\Nico\Downloads\mongosh-1.9.1-win32-x64\mongosh-1.9.1-win32-x64\bin;E:\Coding\LSP\tstest\node_modules\.bin
USERNAME=Nico
OS=Windows_NT
PROCESSOR_IDENTIFIER=AMD64 Family 23 Model 1 Stepping 1, AuthenticAMD
TMP=C:\Users\Nico\AppData\Local\Temp
TEMP=C:\Users\Nico\AppData\Local\Temp



Periodic native trim disabled


---------------  S Y S T E M  ---------------

OS:
 Windows 10 , 64 bit Build 19041 (10.0.19041.3636)
OS uptime: 5 days 21:30 hours
Hyper-V role detected

CPU: total 12 (initial active 12) (12 cores per cpu, 2 threads per core) family 23 model 1 stepping 1 microcode 0x0, cx8, cmov, fxsr, ht, mmx, 3dnowpref, sse, sse2, sse3, ssse3, sse4a, sse4.1, sse4.2, popcnt, lzcnt, tsc, tscinvbit, avx, avx2, aes, clmul, bmi1, bmi2, adx, sha, fma, vzeroupper, clflush, clflushopt, hv
Processor Information for all 12 processors :
  Max Mhz: 3600, Current Mhz: 3600, Mhz Limit: 3600

Memory: 4k page, system-wide physical 32704M (18064M free)
TotalPageFile size 37568M (AvailPageFile size 18566M)
current process WorkingSet (physical memory assigned to process): 269M, peak: 277M
current process commit charge ("private bytes"): 1015M, peak: 1024M

vm_info: OpenJDK 64-Bit Server VM (17.0.10+7-LTS) for windows-amd64 JRE (17.0.10+7-LTS), built on Jan 10 2024 22:11:07 by "Administrator" with MS VC++ 16.10 / 16.11 (VS2019)

END.
