#
# A fatal error has been detected by the Java Runtime Environment:
#
#  EXCEPTION_ACCESS_VIOLATION (0xc0000005) at pc=0x00007fff7e6615d8, pid=21356, tid=21068
#
# JRE version: OpenJDK Runtime Environment Corretto-17.0.10.7.1 (17.0.10+7) (build 17.0.10+7-LTS)
# Java VM: OpenJDK 64-Bit Server VM Corretto-17.0.10.7.1 (17.0.10+7-LTS, mixed mode, sharing, tiered, compressed oops, compressed class ptrs, g1 gc, windows-amd64)
# Problematic frame:
# C  [VCRUNTIME140.dll+0x15d8]
#
# No core dump will be written. Minidumps are not enabled by default on client versions of Windows
#
# If you would like to submit a bug report, please visit:
#   https://github.com/corretto/corretto-17/issues/
# The crash happened outside the Java Virtual Machine in native code.
# See problematic frame for where to report the bug.
#

---------------  S U M M A R Y ------------

Command Line: -javaagent:C:\Users\Nico\AppData\Local\Programs\IntelliJ IDEA Community Edition\lib\idea_rt.jar=55305:C:\Users\Nico\AppData\Local\Programs\IntelliJ IDEA Community Edition\bin -Dfile.encoding=UTF-8 org.example.App

Host: AMD Ryzen 5 1600X Six-Core Processor           , 12 cores, 31G,  Windows 10 , 64 bit Build 19041 (10.0.19041.3636)
Time: Sat May 18 18:18:42 2024 Mitteleuropäische Sommerzeit elapsed time: 13.464216 seconds (0d 0h 0m 13s)

---------------  T H R E A D  ---------------

Current thread (0x000001e97fa9e420):  JavaThread "pool-1-thread-1" [_thread_in_native, id=21068, stack(0x0000009460000000,0x0000009460100000)]

Stack: [0x0000009460000000,0x0000009460100000],  sp=0x00000094600fc8d8,  free space=1010k
Native frames: (J=compiled Java code, j=interpreted, Vv=VM code, C=native code)
C  [VCRUNTIME140.dll+0x15d8]
C  [whisper-jni.dll+0x49e80]

Java frames: (J=compiled Java code, j=interpreted, Vv=VM code)
j  io.github.givimad.whisperjni.WhisperJNI.full(ILio/github/givimad/whisperjni/WhisperFullParams;[FI)I+0
j  io.github.givimad.whisperjni.WhisperJNI.full(Lio/github/givimad/whisperjni/WhisperContext;Lio/github/givimad/whisperjni/WhisperFullParams;[FI)I+27
j  org.example.Test.analyzeAudio([F)V+23
j  org.example.Test.access$000(Lorg/example/Test;[F)V+2
j  org.example.Test$1$1.run()V+14
j  java.util.concurrent.Executors$RunnableAdapter.call()Ljava/lang/Object;+4 java.base@17.0.10
j  java.util.concurrent.FutureTask.runAndReset()Z+44 java.base@17.0.10
j  java.util.concurrent.ScheduledThreadPoolExecutor$ScheduledFutureTask.run()V+35 java.base@17.0.10
j  java.util.concurrent.ThreadPoolExecutor.runWorker(Ljava/util/concurrent/ThreadPoolExecutor$Worker;)V+92 java.base@17.0.10
j  java.util.concurrent.ThreadPoolExecutor$Worker.run()V+5 java.base@17.0.10
j  java.lang.Thread.run()V+11 java.base@17.0.10
v  ~StubRoutines::call_stub

siginfo: EXCEPTION_ACCESS_VIOLATION (0xc0000005), writing address 0x000000000000d630


Registers:
RAX=0x000000000000d630, RBX=0x00000000000000e0, RCX=0x000000000000d630, RDX=0x00000094600fc9f0
RSP=0x00000094600fc8d8, RBP=0x00000000000000d0, RSI=0x0000000000000600, RDI=0x0000000000000009
R8 =0x0000000000000040, R9 =0x0000000000000040, R10=0x00007fff7e660000, R11=0x00007fff7e6615d1
R12=0x00000000000000e0, R13=0x000001e99092d4c0, R14=0x000000000000d2f0, R15=0x0000000000000177
RIP=0x00007fff7e6615d8, EFLAGS=0x0000000000010206


Register to memory mapping:

RIP=0x00007fff7e6615d8 VCRUNTIME140.dll
RAX=0x000000000000d630 is an unknown value
RBX=0x00000000000000e0 is an unknown value
RCX=0x000000000000d630 is an unknown value
RDX=0x00000094600fc9f0 is pointing into the stack for thread: 0x000001e97fa9e420
RSP=0x00000094600fc8d8 is pointing into the stack for thread: 0x000001e97fa9e420
RBP=0x00000000000000d0 is an unknown value
RSI=0x0000000000000600 is an unknown value
RDI=0x0000000000000009 is an unknown value
R8 =0x0000000000000040 is an unknown value
R9 =0x0000000000000040 is an unknown value
R10=0x00007fff7e660000 VCRUNTIME140.dll
R11=0x00007fff7e6615d1 VCRUNTIME140.dll
R12=0x00000000000000e0 is an unknown value
R13=0x000001e99092d4c0 points into unknown readable memory: 0xff4eff4eff4eff4e | 4e ff 4e ff 4e ff 4e ff
R14=0x000000000000d2f0 is an unknown value
R15=0x0000000000000177 is an unknown value


Top of Stack: (sp=0x00000094600fc8d8)
0x00000094600fc8d8:   00007fffadae9e80 00000000000000df
0x00000094600fc8e8:   0000000000000000 00000094600fca2c
0x00000094600fc8f8:   000001e9461d3ec0 0000009400000002
0x00000094600fc908:   00007fffadaf4d82 00000001cc9d4d00
0x00000094600fc918:   000001e985a72320 000001e985a72960
0x00000094600fc928:   0000000000000003 000001e99092d040
0x00000094600fc938:   00000000000000d0 0000000000000009
0x00000094600fc948:   0000000000001200 0000000000000100
0x00000094600fc958:   0000000000000003 0000000000000006
0x00000094600fc968:   000001e985a727d0 000000000001a5e0
0x00000094600fc978:   0000000000004650 0000000000001770
0x00000094600fc988:   0000000000000600 0000000000000300
0x00000094600fc998:   0000000000000000 0000000000000001
0x00000094600fc9a8:   0000000000000300 0000000000000001
0x00000094600fc9b8:   0000000000000080 0000000000000080
0x00000094600fc9c8:   00007fffadad54d0 0000000000000040
0x00000094600fc9d8:   000000000000d2f0 0000000000000012
0x00000094600fc9e8:   0000000000000000 ffe9c000ffe9c000
0x00000094600fc9f8:   ffe9c000ffe9c000 ffe9c000ffe9c000
0x00000094600fca08:   ffe9c000ffe9c000 ffe9c000ffe9c000
0x00000094600fca18:   ffe9c000ffe9c000 ffe9c000ffe9c000
0x00000094600fca28:   ffe9c000ffe9c000 0000df11b8623910
0x00000094600fca38:   0000000000000180 000000003f99999a
0x00000094600fca48:   00000094600fccd0 00000000000000f8
0x00000094600fca58:   000001e985a4e080 0000000000000004
0x00000094600fca68:   00000094600fcb30 00000094600fcbb0
0x00000094600fca78:   0000000000000000 000001e985a72960
0x00000094600fca88:   00007fffadad64b4 0000000000000000
0x00000094600fca98:   000001e985a71e70 0000000000000400
0x00000094600fcaa8:   000001e985a72000 000001e97a41f230
0x00000094600fcab8:   0000000000000009 000001e97a8a3630
0x00000094600fcac8:   0000000000000000 00000094600fccd0 

Instructions: (pc=0x00007fff7e6615d8)
0x00007fff7e6614d8:   fd 7f 51 20 c5 fd 7f 59 40 c5 fd 7f 61 60 c5 fe
0x00007fff7e6614e8:   6f 8a 80 00 00 00 c5 fe 6f 92 a0 00 00 00 c5 fe
0x00007fff7e6614f8:   6f 9a c0 00 00 00 c5 fe 6f a2 e0 00 00 00 c5 fd
0x00007fff7e661508:   7f 89 80 00 00 00 c5 fd 7f 91 a0 00 00 00 c5 fd
0x00007fff7e661518:   7f 99 c0 00 00 00 c5 fd 7f a1 e0 00 00 00 48 81
0x00007fff7e661528:   c1 00 01 00 00 48 81 c2 00 01 00 00 49 81 e8 00
0x00007fff7e661538:   01 00 00 49 81 f8 00 01 00 00 0f 83 78 ff ff ff
0x00007fff7e661548:   4d 8d 48 1f 49 83 e1 e0 4d 8b d9 49 c1 eb 05 47
0x00007fff7e661558:   8b 9c 9a 40 80 01 00 4d 03 da 41 ff e3 c4 a1 7e
0x00007fff7e661568:   6f 8c 0a 00 ff ff ff c4 a1 7e 7f 8c 09 00 ff ff
0x00007fff7e661578:   ff c4 a1 7e 6f 8c 0a 20 ff ff ff c4 a1 7e 7f 8c
0x00007fff7e661588:   09 20 ff ff ff c4 a1 7e 6f 8c 0a 40 ff ff ff c4
0x00007fff7e661598:   a1 7e 7f 8c 09 40 ff ff ff c4 a1 7e 6f 8c 0a 60
0x00007fff7e6615a8:   ff ff ff c4 a1 7e 7f 8c 09 60 ff ff ff c4 a1 7e
0x00007fff7e6615b8:   6f 4c 0a 80 c4 a1 7e 7f 4c 09 80 c4 a1 7e 6f 4c
0x00007fff7e6615c8:   0a a0 c4 a1 7e 7f 4c 09 a0 c4 a1 7e 6f 4c 0a c0
0x00007fff7e6615d8:   c4 a1 7e 7f 4c 09 c0 c4 a1 7e 7f 6c 01 e0 c5 fe
0x00007fff7e6615e8:   7f 00 c5 f8 77 c3 66 90 c5 fe 6f 0a c5 fe 6f 52
0x00007fff7e6615f8:   20 c5 fe 6f 5a 40 c5 fe 6f 62 60 c5 fd e7 09 c5
0x00007fff7e661608:   fd e7 51 20 c5 fd e7 59 40 c5 fd e7 61 60 c5 fe
0x00007fff7e661618:   6f 8a 80 00 00 00 c5 fe 6f 92 a0 00 00 00 c5 fe
0x00007fff7e661628:   6f 9a c0 00 00 00 c5 fe 6f a2 e0 00 00 00 c5 fd
0x00007fff7e661638:   e7 89 80 00 00 00 c5 fd e7 91 a0 00 00 00 c5 fd
0x00007fff7e661648:   e7 99 c0 00 00 00 c5 fd e7 a1 e0 00 00 00 48 81
0x00007fff7e661658:   c1 00 01 00 00 48 81 c2 00 01 00 00 49 81 e8 00
0x00007fff7e661668:   01 00 00 49 81 f8 00 01 00 00 0f 83 78 ff ff ff
0x00007fff7e661678:   4d 8d 48 1f 49 83 e1 e0 4d 8b d9 49 c1 eb 05 47
0x00007fff7e661688:   8b 9c 9a 64 80 01 00 4d 03 da 41 ff e3 c4 a1 7e
0x00007fff7e661698:   6f 8c 0a 00 ff ff ff c4 a1 7d e7 8c 09 00 ff ff
0x00007fff7e6616a8:   ff c4 a1 7e 6f 8c 0a 20 ff ff ff c4 a1 7d e7 8c
0x00007fff7e6616b8:   09 20 ff ff ff c4 a1 7e 6f 8c 0a 40 ff ff ff c4
0x00007fff7e6616c8:   a1 7d e7 8c 09 40 ff ff ff c4 a1 7e 6f 8c 0a 60 


Stack slot to memory mapping:
stack at sp + 0 slots: 0x00007fffadae9e80 whisper-jni.dll
stack at sp + 1 slots: 0x00000000000000df is an unknown value
stack at sp + 2 slots: 0x0 is NULL
stack at sp + 3 slots: 0x00000094600fca2c is pointing into the stack for thread: 0x000001e97fa9e420
stack at sp + 4 slots: 0x000001e9461d3ec0 points into unknown readable memory: 0xff4eff4eff4eff4e | 4e ff 4e ff 4e ff 4e ff
stack at sp + 5 slots: 0x0000009400000002 is an unknown value
stack at sp + 6 slots: 0x00007fffadaf4d82 whisper-jni.dll
stack at sp + 7 slots: 0x00000001cc9d4d00 is an unknown value


---------------  P R O C E S S  ---------------

Threads class SMR info:
_java_thread_list=0x000001e97f7da730, length=15, elements={
0x000001e94d1b8d50, 0x000001e9773a9580, 0x000001e9773aa400, 0x000001e979edd7c0,
0x000001e979ede380, 0x000001e979ee1060, 0x000001e979ee6440, 0x000001e979eea590,
0x000001e979ee9160, 0x000001e979eff330, 0x000001e97a132520, 0x000001e97a195590,
0x000001e97a194580, 0x000001e97f811690, 0x000001e97fa9e420
}

Java Threads: ( => current thread )
  0x000001e94d1b8d50 JavaThread "main" [_thread_in_native, id=10736, stack(0x000000945e300000,0x000000945e400000)]
  0x000001e9773a9580 JavaThread "Reference Handler" daemon [_thread_blocked, id=6904, stack(0x000000945ea00000,0x000000945eb00000)]
  0x000001e9773aa400 JavaThread "Finalizer" daemon [_thread_blocked, id=12600, stack(0x000000945eb00000,0x000000945ec00000)]
  0x000001e979edd7c0 JavaThread "Signal Dispatcher" daemon [_thread_blocked, id=13192, stack(0x000000945ec00000,0x000000945ed00000)]
  0x000001e979ede380 JavaThread "Attach Listener" daemon [_thread_blocked, id=9804, stack(0x000000945ed00000,0x000000945ee00000)]
  0x000001e979ee1060 JavaThread "Service Thread" daemon [_thread_blocked, id=20944, stack(0x000000945ee00000,0x000000945ef00000)]
  0x000001e979ee6440 JavaThread "Monitor Deflation Thread" daemon [_thread_blocked, id=6704, stack(0x000000945ef00000,0x000000945f000000)]
  0x000001e979eea590 JavaThread "C2 CompilerThread0" daemon [_thread_blocked, id=16520, stack(0x000000945f000000,0x000000945f100000)]
  0x000001e979ee9160 JavaThread "C1 CompilerThread0" daemon [_thread_blocked, id=17160, stack(0x000000945f100000,0x000000945f200000)]
  0x000001e979eff330 JavaThread "Sweeper thread" daemon [_thread_blocked, id=8848, stack(0x000000945f200000,0x000000945f300000)]
  0x000001e97a132520 JavaThread "Common-Cleaner" daemon [_thread_blocked, id=6424, stack(0x000000945f300000,0x000000945f400000)]
  0x000001e97a195590 JavaThread "Monitor Ctrl-Break" daemon [_thread_in_native, id=17144, stack(0x000000945f400000,0x000000945f500000)]
  0x000001e97a194580 JavaThread "Notification Thread" daemon [_thread_blocked, id=11880, stack(0x000000945f500000,0x000000945f600000)]
  0x000001e97f811690 JavaThread "Java Sound Event Dispatcher" daemon [_thread_blocked, id=4616, stack(0x000000945f900000,0x000000945fa00000)]
=>0x000001e97fa9e420 JavaThread "pool-1-thread-1" [_thread_in_native, id=21068, stack(0x0000009460000000,0x0000009460100000)]

Other Threads:
  0x000001e9773a1950 VMThread "VM Thread" [stack: 0x000000945e900000,0x000000945ea00000] [id=22964]
  0x000001e97a194a60 WatcherThread [stack: 0x000000945f600000,0x000000945f700000] [id=7696]
  0x000001e94d223fe0 GCTaskThread "GC Thread#0" [stack: 0x000000945e400000,0x000000945e500000] [id=14180]
  0x000001e94d234ec0 ConcurrentGCThread "G1 Main Marker" [stack: 0x000000945e500000,0x000000945e600000] [id=22100]
  0x000001e94d237090 ConcurrentGCThread "G1 Conc#0" [stack: 0x000000945e600000,0x000000945e700000] [id=23124]
  0x000001e9772d3b10 ConcurrentGCThread "G1 Refine#0" [stack: 0x000000945e700000,0x000000945e800000] [id=22916]
  0x000001e94d25da30 ConcurrentGCThread "G1 Service" [stack: 0x000000945e800000,0x000000945e900000] [id=22476]

Threads with active compile tasks:

VM state: not at safepoint (normal execution)

VM Mutex/Monitor currently owned by a thread: None

Heap address: 0x0000000600c00000, size: 8180 MB, Compressed Oops mode: Zero based, Oop shift amount: 3

CDS archive(s) mapped at: [0x000001e900000000-0x000001e900bb0000-0x000001e900bb0000), size 12255232, SharedBaseAddress: 0x000001e900000000, ArchiveRelocationMode: 1.
Compressed class space mapped at: 0x000001e901000000-0x000001e941000000, reserved size: 1073741824
Narrow klass base: 0x000001e900000000, Narrow klass shift: 0, Narrow klass range: 0x100000000

GC Precious Log:
 CPUs: 12 total, 12 available
 Memory: 32704M
 Large Page Support: Disabled
 NUMA Support: Disabled
 Compressed Oops: Enabled (Zero based)
 Heap Region Size: 4M
 Heap Min Capacity: 8M
 Heap Initial Capacity: 512M
 Heap Max Capacity: 8180M
 Pre-touch: Disabled
 Parallel Workers: 10
 Concurrent Workers: 3
 Concurrent Refinement Workers: 10
 Periodic GC: Disabled

Heap:
 garbage-first heap   total 524288K, used 8192K [0x0000000600c00000, 0x0000000800000000)
  region size 4096K, 4 young (16384K), 0 survivors (0K)
 Metaspace       used 2221K, committed 2368K, reserved 1114112K
  class space    used 209K, committed 256K, reserved 1048576K

Heap Regions: E=young(eden), S=young(survivor), O=old, HS=humongous(starts), HC=humongous(continues), CS=collection set, F=free, OA=open archive, CA=closed archive, TAMS=top-at-mark-start (previous, next)
|   0|0x0000000600c00000, 0x0000000600c00000, 0x0000000601000000|  0%| F|  |TAMS 0x0000000600c00000, 0x0000000600c00000| Untracked 
|   1|0x0000000601000000, 0x0000000601000000, 0x0000000601400000|  0%| F|  |TAMS 0x0000000601000000, 0x0000000601000000| Untracked 
|   2|0x0000000601400000, 0x0000000601400000, 0x0000000601800000|  0%| F|  |TAMS 0x0000000601400000, 0x0000000601400000| Untracked 
|   3|0x0000000601800000, 0x0000000601800000, 0x0000000601c00000|  0%| F|  |TAMS 0x0000000601800000, 0x0000000601800000| Untracked 
|   4|0x0000000601c00000, 0x0000000601c00000, 0x0000000602000000|  0%| F|  |TAMS 0x0000000601c00000, 0x0000000601c00000| Untracked 
|   5|0x0000000602000000, 0x0000000602000000, 0x0000000602400000|  0%| F|  |TAMS 0x0000000602000000, 0x0000000602000000| Untracked 
|   6|0x0000000602400000, 0x0000000602400000, 0x0000000602800000|  0%| F|  |TAMS 0x0000000602400000, 0x0000000602400000| Untracked 
|   7|0x0000000602800000, 0x0000000602800000, 0x0000000602c00000|  0%| F|  |TAMS 0x0000000602800000, 0x0000000602800000| Untracked 
|   8|0x0000000602c00000, 0x0000000602c00000, 0x0000000603000000|  0%| F|  |TAMS 0x0000000602c00000, 0x0000000602c00000| Untracked 
|   9|0x0000000603000000, 0x0000000603000000, 0x0000000603400000|  0%| F|  |TAMS 0x0000000603000000, 0x0000000603000000| Untracked 
|  10|0x0000000603400000, 0x0000000603400000, 0x0000000603800000|  0%| F|  |TAMS 0x0000000603400000, 0x0000000603400000| Untracked 
|  11|0x0000000603800000, 0x0000000603800000, 0x0000000603c00000|  0%| F|  |TAMS 0x0000000603800000, 0x0000000603800000| Untracked 
|  12|0x0000000603c00000, 0x0000000603c00000, 0x0000000604000000|  0%| F|  |TAMS 0x0000000603c00000, 0x0000000603c00000| Untracked 
|  13|0x0000000604000000, 0x0000000604000000, 0x0000000604400000|  0%| F|  |TAMS 0x0000000604000000, 0x0000000604000000| Untracked 
|  14|0x0000000604400000, 0x0000000604400000, 0x0000000604800000|  0%| F|  |TAMS 0x0000000604400000, 0x0000000604400000| Untracked 
|  15|0x0000000604800000, 0x0000000604800000, 0x0000000604c00000|  0%| F|  |TAMS 0x0000000604800000, 0x0000000604800000| Untracked 
|  16|0x0000000604c00000, 0x0000000604c00000, 0x0000000605000000|  0%| F|  |TAMS 0x0000000604c00000, 0x0000000604c00000| Untracked 
|  17|0x0000000605000000, 0x0000000605000000, 0x0000000605400000|  0%| F|  |TAMS 0x0000000605000000, 0x0000000605000000| Untracked 
|  18|0x0000000605400000, 0x0000000605400000, 0x0000000605800000|  0%| F|  |TAMS 0x0000000605400000, 0x0000000605400000| Untracked 
|  19|0x0000000605800000, 0x0000000605800000, 0x0000000605c00000|  0%| F|  |TAMS 0x0000000605800000, 0x0000000605800000| Untracked 
|  20|0x0000000605c00000, 0x0000000605c00000, 0x0000000606000000|  0%| F|  |TAMS 0x0000000605c00000, 0x0000000605c00000| Untracked 
|  21|0x0000000606000000, 0x0000000606000000, 0x0000000606400000|  0%| F|  |TAMS 0x0000000606000000, 0x0000000606000000| Untracked 
|  22|0x0000000606400000, 0x0000000606400000, 0x0000000606800000|  0%| F|  |TAMS 0x0000000606400000, 0x0000000606400000| Untracked 
|  23|0x0000000606800000, 0x0000000606800000, 0x0000000606c00000|  0%| F|  |TAMS 0x0000000606800000, 0x0000000606800000| Untracked 
|  24|0x0000000606c00000, 0x0000000606c00000, 0x0000000607000000|  0%| F|  |TAMS 0x0000000606c00000, 0x0000000606c00000| Untracked 
|  25|0x0000000607000000, 0x0000000607000000, 0x0000000607400000|  0%| F|  |TAMS 0x0000000607000000, 0x0000000607000000| Untracked 
|  26|0x0000000607400000, 0x0000000607400000, 0x0000000607800000|  0%| F|  |TAMS 0x0000000607400000, 0x0000000607400000| Untracked 
|  27|0x0000000607800000, 0x0000000607800000, 0x0000000607c00000|  0%| F|  |TAMS 0x0000000607800000, 0x0000000607800000| Untracked 
|  28|0x0000000607c00000, 0x0000000607c00000, 0x0000000608000000|  0%| F|  |TAMS 0x0000000607c00000, 0x0000000607c00000| Untracked 
|  29|0x0000000608000000, 0x0000000608000000, 0x0000000608400000|  0%| F|  |TAMS 0x0000000608000000, 0x0000000608000000| Untracked 
|  30|0x0000000608400000, 0x0000000608400000, 0x0000000608800000|  0%| F|  |TAMS 0x0000000608400000, 0x0000000608400000| Untracked 
|  31|0x0000000608800000, 0x0000000608800000, 0x0000000608c00000|  0%| F|  |TAMS 0x0000000608800000, 0x0000000608800000| Untracked 
|  32|0x0000000608c00000, 0x0000000608c00000, 0x0000000609000000|  0%| F|  |TAMS 0x0000000608c00000, 0x0000000608c00000| Untracked 
|  33|0x0000000609000000, 0x0000000609000000, 0x0000000609400000|  0%| F|  |TAMS 0x0000000609000000, 0x0000000609000000| Untracked 
|  34|0x0000000609400000, 0x0000000609400000, 0x0000000609800000|  0%| F|  |TAMS 0x0000000609400000, 0x0000000609400000| Untracked 
|  35|0x0000000609800000, 0x0000000609800000, 0x0000000609c00000|  0%| F|  |TAMS 0x0000000609800000, 0x0000000609800000| Untracked 
|  36|0x0000000609c00000, 0x0000000609c00000, 0x000000060a000000|  0%| F|  |TAMS 0x0000000609c00000, 0x0000000609c00000| Untracked 
|  37|0x000000060a000000, 0x000000060a000000, 0x000000060a400000|  0%| F|  |TAMS 0x000000060a000000, 0x000000060a000000| Untracked 
|  38|0x000000060a400000, 0x000000060a400000, 0x000000060a800000|  0%| F|  |TAMS 0x000000060a400000, 0x000000060a400000| Untracked 
|  39|0x000000060a800000, 0x000000060a800000, 0x000000060ac00000|  0%| F|  |TAMS 0x000000060a800000, 0x000000060a800000| Untracked 
|  40|0x000000060ac00000, 0x000000060ac00000, 0x000000060b000000|  0%| F|  |TAMS 0x000000060ac00000, 0x000000060ac00000| Untracked 
|  41|0x000000060b000000, 0x000000060b000000, 0x000000060b400000|  0%| F|  |TAMS 0x000000060b000000, 0x000000060b000000| Untracked 
|  42|0x000000060b400000, 0x000000060b400000, 0x000000060b800000|  0%| F|  |TAMS 0x000000060b400000, 0x000000060b400000| Untracked 
|  43|0x000000060b800000, 0x000000060b800000, 0x000000060bc00000|  0%| F|  |TAMS 0x000000060b800000, 0x000000060b800000| Untracked 
|  44|0x000000060bc00000, 0x000000060bc00000, 0x000000060c000000|  0%| F|  |TAMS 0x000000060bc00000, 0x000000060bc00000| Untracked 
|  45|0x000000060c000000, 0x000000060c000000, 0x000000060c400000|  0%| F|  |TAMS 0x000000060c000000, 0x000000060c000000| Untracked 
|  46|0x000000060c400000, 0x000000060c400000, 0x000000060c800000|  0%| F|  |TAMS 0x000000060c400000, 0x000000060c400000| Untracked 
|  47|0x000000060c800000, 0x000000060c800000, 0x000000060cc00000|  0%| F|  |TAMS 0x000000060c800000, 0x000000060c800000| Untracked 
|  48|0x000000060cc00000, 0x000000060cc00000, 0x000000060d000000|  0%| F|  |TAMS 0x000000060cc00000, 0x000000060cc00000| Untracked 
|  49|0x000000060d000000, 0x000000060d000000, 0x000000060d400000|  0%| F|  |TAMS 0x000000060d000000, 0x000000060d000000| Untracked 
|  50|0x000000060d400000, 0x000000060d400000, 0x000000060d800000|  0%| F|  |TAMS 0x000000060d400000, 0x000000060d400000| Untracked 
|  51|0x000000060d800000, 0x000000060d800000, 0x000000060dc00000|  0%| F|  |TAMS 0x000000060d800000, 0x000000060d800000| Untracked 
|  52|0x000000060dc00000, 0x000000060dc00000, 0x000000060e000000|  0%| F|  |TAMS 0x000000060dc00000, 0x000000060dc00000| Untracked 
|  53|0x000000060e000000, 0x000000060e000000, 0x000000060e400000|  0%| F|  |TAMS 0x000000060e000000, 0x000000060e000000| Untracked 
|  54|0x000000060e400000, 0x000000060e400000, 0x000000060e800000|  0%| F|  |TAMS 0x000000060e400000, 0x000000060e400000| Untracked 
|  55|0x000000060e800000, 0x000000060e800000, 0x000000060ec00000|  0%| F|  |TAMS 0x000000060e800000, 0x000000060e800000| Untracked 
|  56|0x000000060ec00000, 0x000000060ec00000, 0x000000060f000000|  0%| F|  |TAMS 0x000000060ec00000, 0x000000060ec00000| Untracked 
|  57|0x000000060f000000, 0x000000060f000000, 0x000000060f400000|  0%| F|  |TAMS 0x000000060f000000, 0x000000060f000000| Untracked 
|  58|0x000000060f400000, 0x000000060f400000, 0x000000060f800000|  0%| F|  |TAMS 0x000000060f400000, 0x000000060f400000| Untracked 
|  59|0x000000060f800000, 0x000000060f800000, 0x000000060fc00000|  0%| F|  |TAMS 0x000000060f800000, 0x000000060f800000| Untracked 
|  60|0x000000060fc00000, 0x000000060fc00000, 0x0000000610000000|  0%| F|  |TAMS 0x000000060fc00000, 0x000000060fc00000| Untracked 
|  61|0x0000000610000000, 0x0000000610000000, 0x0000000610400000|  0%| F|  |TAMS 0x0000000610000000, 0x0000000610000000| Untracked 
|  62|0x0000000610400000, 0x0000000610400000, 0x0000000610800000|  0%| F|  |TAMS 0x0000000610400000, 0x0000000610400000| Untracked 
|  63|0x0000000610800000, 0x0000000610800000, 0x0000000610c00000|  0%| F|  |TAMS 0x0000000610800000, 0x0000000610800000| Untracked 
|  64|0x0000000610c00000, 0x0000000610c00000, 0x0000000611000000|  0%| F|  |TAMS 0x0000000610c00000, 0x0000000610c00000| Untracked 
|  65|0x0000000611000000, 0x0000000611000000, 0x0000000611400000|  0%| F|  |TAMS 0x0000000611000000, 0x0000000611000000| Untracked 
|  66|0x0000000611400000, 0x0000000611400000, 0x0000000611800000|  0%| F|  |TAMS 0x0000000611400000, 0x0000000611400000| Untracked 
|  67|0x0000000611800000, 0x0000000611800000, 0x0000000611c00000|  0%| F|  |TAMS 0x0000000611800000, 0x0000000611800000| Untracked 
|  68|0x0000000611c00000, 0x0000000611c00000, 0x0000000612000000|  0%| F|  |TAMS 0x0000000611c00000, 0x0000000611c00000| Untracked 
|  69|0x0000000612000000, 0x0000000612000000, 0x0000000612400000|  0%| F|  |TAMS 0x0000000612000000, 0x0000000612000000| Untracked 
|  70|0x0000000612400000, 0x0000000612400000, 0x0000000612800000|  0%| F|  |TAMS 0x0000000612400000, 0x0000000612400000| Untracked 
|  71|0x0000000612800000, 0x0000000612800000, 0x0000000612c00000|  0%| F|  |TAMS 0x0000000612800000, 0x0000000612800000| Untracked 
|  72|0x0000000612c00000, 0x0000000612c00000, 0x0000000613000000|  0%| F|  |TAMS 0x0000000612c00000, 0x0000000612c00000| Untracked 
|  73|0x0000000613000000, 0x0000000613000000, 0x0000000613400000|  0%| F|  |TAMS 0x0000000613000000, 0x0000000613000000| Untracked 
|  74|0x0000000613400000, 0x0000000613400000, 0x0000000613800000|  0%| F|  |TAMS 0x0000000613400000, 0x0000000613400000| Untracked 
|  75|0x0000000613800000, 0x0000000613800000, 0x0000000613c00000|  0%| F|  |TAMS 0x0000000613800000, 0x0000000613800000| Untracked 
|  76|0x0000000613c00000, 0x0000000613c00000, 0x0000000614000000|  0%| F|  |TAMS 0x0000000613c00000, 0x0000000613c00000| Untracked 
|  77|0x0000000614000000, 0x0000000614000000, 0x0000000614400000|  0%| F|  |TAMS 0x0000000614000000, 0x0000000614000000| Untracked 
|  78|0x0000000614400000, 0x0000000614400000, 0x0000000614800000|  0%| F|  |TAMS 0x0000000614400000, 0x0000000614400000| Untracked 
|  79|0x0000000614800000, 0x0000000614800000, 0x0000000614c00000|  0%| F|  |TAMS 0x0000000614800000, 0x0000000614800000| Untracked 
|  80|0x0000000614c00000, 0x0000000614c00000, 0x0000000615000000|  0%| F|  |TAMS 0x0000000614c00000, 0x0000000614c00000| Untracked 
|  81|0x0000000615000000, 0x0000000615000000, 0x0000000615400000|  0%| F|  |TAMS 0x0000000615000000, 0x0000000615000000| Untracked 
|  82|0x0000000615400000, 0x0000000615400000, 0x0000000615800000|  0%| F|  |TAMS 0x0000000615400000, 0x0000000615400000| Untracked 
|  83|0x0000000615800000, 0x0000000615800000, 0x0000000615c00000|  0%| F|  |TAMS 0x0000000615800000, 0x0000000615800000| Untracked 
|  84|0x0000000615c00000, 0x0000000615c00000, 0x0000000616000000|  0%| F|  |TAMS 0x0000000615c00000, 0x0000000615c00000| Untracked 
|  85|0x0000000616000000, 0x0000000616000000, 0x0000000616400000|  0%| F|  |TAMS 0x0000000616000000, 0x0000000616000000| Untracked 
|  86|0x0000000616400000, 0x0000000616400000, 0x0000000616800000|  0%| F|  |TAMS 0x0000000616400000, 0x0000000616400000| Untracked 
|  87|0x0000000616800000, 0x0000000616800000, 0x0000000616c00000|  0%| F|  |TAMS 0x0000000616800000, 0x0000000616800000| Untracked 
|  88|0x0000000616c00000, 0x0000000616c00000, 0x0000000617000000|  0%| F|  |TAMS 0x0000000616c00000, 0x0000000616c00000| Untracked 
|  89|0x0000000617000000, 0x0000000617000000, 0x0000000617400000|  0%| F|  |TAMS 0x0000000617000000, 0x0000000617000000| Untracked 
|  90|0x0000000617400000, 0x0000000617400000, 0x0000000617800000|  0%| F|  |TAMS 0x0000000617400000, 0x0000000617400000| Untracked 
|  91|0x0000000617800000, 0x0000000617800000, 0x0000000617c00000|  0%| F|  |TAMS 0x0000000617800000, 0x0000000617800000| Untracked 
|  92|0x0000000617c00000, 0x0000000617c00000, 0x0000000618000000|  0%| F|  |TAMS 0x0000000617c00000, 0x0000000617c00000| Untracked 
|  93|0x0000000618000000, 0x0000000618000000, 0x0000000618400000|  0%| F|  |TAMS 0x0000000618000000, 0x0000000618000000| Untracked 
|  94|0x0000000618400000, 0x0000000618400000, 0x0000000618800000|  0%| F|  |TAMS 0x0000000618400000, 0x0000000618400000| Untracked 
|  95|0x0000000618800000, 0x0000000618800000, 0x0000000618c00000|  0%| F|  |TAMS 0x0000000618800000, 0x0000000618800000| Untracked 
|  96|0x0000000618c00000, 0x0000000618c00000, 0x0000000619000000|  0%| F|  |TAMS 0x0000000618c00000, 0x0000000618c00000| Untracked 
|  97|0x0000000619000000, 0x0000000619000000, 0x0000000619400000|  0%| F|  |TAMS 0x0000000619000000, 0x0000000619000000| Untracked 
|  98|0x0000000619400000, 0x0000000619400000, 0x0000000619800000|  0%| F|  |TAMS 0x0000000619400000, 0x0000000619400000| Untracked 
|  99|0x0000000619800000, 0x0000000619800000, 0x0000000619c00000|  0%| F|  |TAMS 0x0000000619800000, 0x0000000619800000| Untracked 
| 100|0x0000000619c00000, 0x0000000619c00000, 0x000000061a000000|  0%| F|  |TAMS 0x0000000619c00000, 0x0000000619c00000| Untracked 
| 101|0x000000061a000000, 0x000000061a000000, 0x000000061a400000|  0%| F|  |TAMS 0x000000061a000000, 0x000000061a000000| Untracked 
| 102|0x000000061a400000, 0x000000061a400000, 0x000000061a800000|  0%| F|  |TAMS 0x000000061a400000, 0x000000061a400000| Untracked 
| 103|0x000000061a800000, 0x000000061a800000, 0x000000061ac00000|  0%| F|  |TAMS 0x000000061a800000, 0x000000061a800000| Untracked 
| 104|0x000000061ac00000, 0x000000061ac00000, 0x000000061b000000|  0%| F|  |TAMS 0x000000061ac00000, 0x000000061ac00000| Untracked 
| 105|0x000000061b000000, 0x000000061b000000, 0x000000061b400000|  0%| F|  |TAMS 0x000000061b000000, 0x000000061b000000| Untracked 
| 106|0x000000061b400000, 0x000000061b400000, 0x000000061b800000|  0%| F|  |TAMS 0x000000061b400000, 0x000000061b400000| Untracked 
| 107|0x000000061b800000, 0x000000061b800000, 0x000000061bc00000|  0%| F|  |TAMS 0x000000061b800000, 0x000000061b800000| Untracked 
| 108|0x000000061bc00000, 0x000000061bc00000, 0x000000061c000000|  0%| F|  |TAMS 0x000000061bc00000, 0x000000061bc00000| Untracked 
| 109|0x000000061c000000, 0x000000061c000000, 0x000000061c400000|  0%| F|  |TAMS 0x000000061c000000, 0x000000061c000000| Untracked 
| 110|0x000000061c400000, 0x000000061c400000, 0x000000061c800000|  0%| F|  |TAMS 0x000000061c400000, 0x000000061c400000| Untracked 
| 111|0x000000061c800000, 0x000000061c800000, 0x000000061cc00000|  0%| F|  |TAMS 0x000000061c800000, 0x000000061c800000| Untracked 
| 112|0x000000061cc00000, 0x000000061cc00000, 0x000000061d000000|  0%| F|  |TAMS 0x000000061cc00000, 0x000000061cc00000| Untracked 
| 113|0x000000061d000000, 0x000000061d000000, 0x000000061d400000|  0%| F|  |TAMS 0x000000061d000000, 0x000000061d000000| Untracked 
| 114|0x000000061d400000, 0x000000061d400000, 0x000000061d800000|  0%| F|  |TAMS 0x000000061d400000, 0x000000061d400000| Untracked 
| 115|0x000000061d800000, 0x000000061d800000, 0x000000061dc00000|  0%| F|  |TAMS 0x000000061d800000, 0x000000061d800000| Untracked 
| 116|0x000000061dc00000, 0x000000061dc00000, 0x000000061e000000|  0%| F|  |TAMS 0x000000061dc00000, 0x000000061dc00000| Untracked 
| 117|0x000000061e000000, 0x000000061e000000, 0x000000061e400000|  0%| F|  |TAMS 0x000000061e000000, 0x000000061e000000| Untracked 
| 118|0x000000061e400000, 0x000000061e400000, 0x000000061e800000|  0%| F|  |TAMS 0x000000061e400000, 0x000000061e400000| Untracked 
| 119|0x000000061e800000, 0x000000061e800000, 0x000000061ec00000|  0%| F|  |TAMS 0x000000061e800000, 0x000000061e800000| Untracked 
| 120|0x000000061ec00000, 0x000000061ec00000, 0x000000061f000000|  0%| F|  |TAMS 0x000000061ec00000, 0x000000061ec00000| Untracked 
| 121|0x000000061f000000, 0x000000061f000000, 0x000000061f400000|  0%| F|  |TAMS 0x000000061f000000, 0x000000061f000000| Untracked 
| 122|0x000000061f400000, 0x000000061f400000, 0x000000061f800000|  0%| F|  |TAMS 0x000000061f400000, 0x000000061f400000| Untracked 
| 123|0x000000061f800000, 0x000000061f800000, 0x000000061fc00000|  0%| F|  |TAMS 0x000000061f800000, 0x000000061f800000| Untracked 
| 124|0x000000061fc00000, 0x000000061fd73270, 0x0000000620000000| 36%| E|  |TAMS 0x000000061fc00000, 0x000000061fc00000| Complete 
| 125|0x0000000620000000, 0x0000000620400000, 0x0000000620400000|100%| E|CS|TAMS 0x0000000620000000, 0x0000000620000000| Complete 
| 126|0x0000000620400000, 0x0000000620800000, 0x0000000620800000|100%| E|CS|TAMS 0x0000000620400000, 0x0000000620400000| Complete 
| 127|0x0000000620800000, 0x0000000620c00000, 0x0000000620c00000|100%| E|  |TAMS 0x0000000620800000, 0x0000000620800000| Complete 

Card table byte_map: [0x000001e965210000,0x000001e966210000] _byte_map_base: 0x000001e96220a000

Marking Bits (Prev, Next): (CMBitMap*) 0x000001e94d224600, (CMBitMap*) 0x000001e94d224640
 Prev Bits: [0x000001e967210000, 0x000001e96f1e0000)
 Next Bits: [0x000001e96f1e0000, 0x000001e9771b0000)

Polling page: 0x000001e94b120000

Metaspace:

Usage:
  Non-class:      1.97 MB used.
      Class:    209.05 KB used.
       Both:      2.17 MB used.

Virtual space:
  Non-class space:       64.00 MB reserved,       2.06 MB (  3%) committed,  1 nodes.
      Class space:        1.00 GB reserved,     256.00 KB ( <1%) committed,  1 nodes.
             Both:        1.06 GB reserved,       2.31 MB ( <1%) committed. 

Chunk freelists:
   Non-Class:  11.86 MB
       Class:  15.71 MB
        Both:  27.56 MB

MaxMetaspaceSize: unlimited
CompressedClassSpaceSize: 1.00 GB
Initial GC threshold: 21.00 MB
Current GC threshold: 21.00 MB
CDS: on
MetaspaceReclaimPolicy: balanced
 - commit_granule_bytes: 65536.
 - commit_granule_words: 8192.
 - virtual_space_node_default_size: 8388608.
 - enlarge_chunks_in_place: 1.
 - new_chunks_are_fully_committed: 0.
 - uncommit_free_chunks: 1.
 - use_allocation_guard: 0.
 - handle_deallocations: 1.


Internal statistics:

num_allocs_failed_limit: 0.
num_arena_births: 52.
num_arena_deaths: 0.
num_vsnodes_births: 2.
num_vsnodes_deaths: 0.
num_space_committed: 37.
num_space_uncommitted: 0.
num_chunks_returned_to_freelist: 0.
num_chunks_taken_from_freelist: 76.
num_chunk_merges: 0.
num_chunk_splits: 45.
num_chunks_enlarged: 17.
num_inconsistent_stats: 0.

CodeHeap 'non-profiled nmethods': size=120000Kb used=253Kb max_used=253Kb free=119746Kb
 bounds [0x000001e95c790000, 0x000001e95ca00000, 0x000001e963cc0000]
CodeHeap 'profiled nmethods': size=120000Kb used=1243Kb max_used=1243Kb free=118756Kb
 bounds [0x000001e954cc0000, 0x000001e954f30000, 0x000001e95c1f0000]
CodeHeap 'non-nmethods': size=5760Kb used=1153Kb max_used=1171Kb free=4606Kb
 bounds [0x000001e95c1f0000, 0x000001e95c460000, 0x000001e95c790000]
 total_blobs=1144 nmethods=701 adapters=356
 compilation: enabled
              stopped_count=0, restarted_count=0
 full_count=0

Compilation events (20 events):
Event: 1.054 Thread 0x000001e979ee9160  693       1       java.time.ZoneOffset::getTotalSeconds (5 bytes)
Event: 1.054 Thread 0x000001e979ee9160 nmethod 693 0x000001e95c7ca890 code [0x000001e95c7caa20, 0x000001e95c7caaf8]
Event: 1.054 Thread 0x000001e979ee9160  694       3       java.time.temporal.ValueRange::isValidValue (24 bytes)
Event: 1.054 Thread 0x000001e979ee9160 nmethod 694 0x000001e954def090 code [0x000001e954def220, 0x000001e954def3f8]
Event: 1.054 Thread 0x000001e979ee9160  695       3       java.time.temporal.ChronoField::checkValidValue (10 bytes)
Event: 1.054 Thread 0x000001e979ee9160 nmethod 695 0x000001e954def490 code [0x000001e954def640, 0x000001e954def7a8]
Event: 1.054 Thread 0x000001e979ee9160  696       3       java.time.temporal.ValueRange::checkValidValue (24 bytes)
Event: 1.054 Thread 0x000001e979ee9160 nmethod 696 0x000001e954def890 code [0x000001e954defa60, 0x000001e954defd98]
Event: 1.055 Thread 0x000001e979eea590 nmethod 674 0x000001e95c7cab90 code [0x000001e95c7cad00, 0x000001e95c7cb098]
Event: 1.061 Thread 0x000001e979eea590  697 %     4       java.lang.StringLatin1::inflate @ 3 (34 bytes)
Event: 1.067 Thread 0x000001e979eea590 nmethod 697% 0x000001e95c7cb210 code [0x000001e95c7cb3a0, 0x000001e95c7cb778]
Event: 1.073 Thread 0x000001e97fe03e70 nmethod 684 0x000001e95c7cb910 code [0x000001e95c7cbb00, 0x000001e95c7ccd98]
Event: 1.703 Thread 0x000001e979ee9160  698 % !   3       org.example.Test::<init> @ 211 (305 bytes)
Event: 1.705 Thread 0x000001e979ee9160 nmethod 698% 0x000001e954defe90 code [0x000001e954df02e0, 0x000001e954df2a98]
Event: 1.714 Thread 0x000001e979ee9160  699   !   3       org.example.Test::<init> (305 bytes)
Event: 1.715 Thread 0x000001e979ee9160 nmethod 699 0x000001e954df3a90 code [0x000001e954df3ec0, 0x000001e954df5eb8]
Event: 2.352 Thread 0x000001e979eea590  700 % !   4       org.example.Test::<init> @ 211 (305 bytes)
Event: 2.362 Thread 0x000001e979eea590 nmethod 700% 0x000001e95c7cd410 code [0x000001e95c7cd600, 0x000001e95c7ce088]
Event: 2.470 Thread 0x000001e979eea590  701 % !   4       org.example.Test::<init> @ 161 (305 bytes)
Event: 2.480 Thread 0x000001e979eea590 nmethod 701% 0x000001e95c7ce690 code [0x000001e95c7ce880, 0x000001e95c7cf2a8]

GC Heap History (0 events):
No events

Dll operation events (12 events):
Event: 0.008 Loaded shared library C:\Users\Nico\.jdks\corretto-17.0.10\bin\java.dll
Event: 0.024 Loaded shared library C:\Users\Nico\.jdks\corretto-17.0.10\bin\jsvml.dll
Event: 0.161 Loaded shared library C:\Users\Nico\.jdks\corretto-17.0.10\bin\zip.dll
Event: 0.163 Loaded shared library C:\Users\Nico\.jdks\corretto-17.0.10\bin\instrument.dll
Event: 0.168 Loaded shared library C:\Users\Nico\.jdks\corretto-17.0.10\bin\net.dll
Event: 0.169 Loaded shared library C:\Users\Nico\.jdks\corretto-17.0.10\bin\nio.dll
Event: 0.172 Loaded shared library C:\Users\Nico\.jdks\corretto-17.0.10\bin\zip.dll
Event: 0.276 Loaded shared library C:\Users\Nico\AppData\Local\Programs\IntelliJ IDEA Community Edition\bin\breakgen64.dll
Event: 0.286 Loaded shared library C:\Users\Nico\.jdks\corretto-17.0.10\bin\extnet.dll
Event: 0.320 Loaded shared library C:\Users\Nico\.jdks\corretto-17.0.10\bin\jimage.dll
Event: 0.338 Loaded shared library C:\Users\Nico\AppData\Local\Temp\whisper-jni-509395351064300\whisper-jni.dll
Event: 0.466 Loaded shared library C:\Users\Nico\.jdks\corretto-17.0.10\bin\jsound.dll

Deoptimization events (20 events):
Event: 0.270 Thread 0x000001e94d1b8d50 Uncommon trap: trap_request=0xffffff45 fr.pc=0x000001e95c7a9f18 relative=0x0000000000000178
Event: 0.270 Thread 0x000001e94d1b8d50 Uncommon trap: reason=unstable_if action=reinterpret pc=0x000001e95c7a9f18 method=java.util.zip.ZipFile$Source.isMetaName([BII)Z @ 57 c2
Event: 0.270 Thread 0x000001e94d1b8d50 DEOPT PACKING pc=0x000001e95c7a9f18 sp=0x000000945e3fe190
Event: 0.270 Thread 0x000001e94d1b8d50 DEOPT UNPACKING pc=0x000001e95c2469a3 sp=0x000000945e3fe120 mode 2
Event: 0.271 Thread 0x000001e94d1b8d50 Uncommon trap: trap_request=0xffffff45 fr.pc=0x000001e95c7aae78 relative=0x00000000000002d8
Event: 0.271 Thread 0x000001e94d1b8d50 Uncommon trap: reason=unstable_if action=reinterpret pc=0x000001e95c7aae78 method=java.util.jar.Manifest$FastInputStream.readLine([BII)I @ 106 c2
Event: 0.271 Thread 0x000001e94d1b8d50 DEOPT PACKING pc=0x000001e95c7aae78 sp=0x000000945e3fe6e0
Event: 0.271 Thread 0x000001e94d1b8d50 DEOPT UNPACKING pc=0x000001e95c2469a3 sp=0x000000945e3fe670 mode 2
Event: 0.274 Thread 0x000001e94d1b8d50 DEOPT PACKING pc=0x000001e954ccae2d sp=0x000000945e3f9c10
Event: 0.274 Thread 0x000001e94d1b8d50 DEOPT UNPACKING pc=0x000001e95c247143 sp=0x000000945e3f90a8 mode 0
Event: 0.277 Thread 0x000001e94d1b8d50 Uncommon trap: trap_request=0xffffff45 fr.pc=0x000001e95c7915f8 relative=0x0000000000000078
Event: 0.277 Thread 0x000001e94d1b8d50 Uncommon trap: reason=unstable_if action=reinterpret pc=0x000001e95c7915f8 method=java.lang.String.isLatin1()Z @ 10 c2
Event: 0.277 Thread 0x000001e94d1b8d50 DEOPT PACKING pc=0x000001e95c7915f8 sp=0x000000945e3ff030
Event: 0.277 Thread 0x000001e94d1b8d50 DEOPT UNPACKING pc=0x000001e95c2469a3 sp=0x000000945e3fef70 mode 2
Event: 2.589 Thread 0x000001e94d1b8d50 DEOPT PACKING pc=0x000001e954df22f3 sp=0x000000945e3ff3d0
Event: 2.589 Thread 0x000001e94d1b8d50 DEOPT UNPACKING pc=0x000001e95c247143 sp=0x000000945e3fe9e0 mode 0
Event: 7.411 Thread 0x000001e94d1b8d50 Uncommon trap: trap_request=0xffffff45 fr.pc=0x000001e95c7cdea4 relative=0x00000000000008a4
Event: 7.411 Thread 0x000001e94d1b8d50 Uncommon trap: reason=unstable_if action=reinterpret pc=0x000001e95c7cdea4 method=org.example.Test.<init>()V @ 276 c2
Event: 7.411 Thread 0x000001e94d1b8d50 DEOPT PACKING pc=0x000001e95c7cdea4 sp=0x000000945e3ff540
Event: 7.411 Thread 0x000001e94d1b8d50 DEOPT UNPACKING pc=0x000001e95c2469a3 sp=0x000000945e3ff4e0 mode 2

Classes unloaded (0 events):
No events

Classes redefined (0 events):
No events

Internal exceptions (20 events):
Event: 0.302 Thread 0x000001e94d1b8d50 Exception <a 'sun/nio/fs/WindowsException'{0x00000006201cf8b8}> (0x00000006201cf8b8) 
thrown [s\src\hotspot\share\prims\jni.cpp, line 516]
Event: 0.302 Thread 0x000001e94d1b8d50 Exception <a 'sun/nio/fs/WindowsException'{0x00000006201cfb58}> (0x00000006201cfb58) 
thrown [s\src\hotspot\share\prims\jni.cpp, line 516]
Event: 0.302 Thread 0x000001e94d1b8d50 Exception <a 'sun/nio/fs/WindowsException'{0x00000006201d04e8}> (0x00000006201d04e8) 
thrown [s\src\hotspot\share\prims\jni.cpp, line 516]
Event: 0.303 Thread 0x000001e94d1b8d50 Exception <a 'sun/nio/fs/WindowsException'{0x00000006201d0708}> (0x00000006201d0708) 
thrown [s\src\hotspot\share\prims\jni.cpp, line 516]
Event: 0.303 Thread 0x000001e94d1b8d50 Exception <a 'sun/nio/fs/WindowsException'{0x00000006201d1180}> (0x00000006201d1180) 
thrown [s\src\hotspot\share\prims\jni.cpp, line 516]
Event: 0.303 Thread 0x000001e94d1b8d50 Exception <a 'sun/nio/fs/WindowsException'{0x00000006201d1450}> (0x00000006201d1450) 
thrown [s\src\hotspot\share\prims\jni.cpp, line 516]
Event: 0.303 Thread 0x000001e94d1b8d50 Exception <a 'sun/nio/fs/WindowsException'{0x00000006201d1df0}> (0x00000006201d1df0) 
thrown [s\src\hotspot\share\prims\jni.cpp, line 516]
Event: 0.303 Thread 0x000001e94d1b8d50 Exception <a 'sun/nio/fs/WindowsException'{0x00000006201d2030}> (0x00000006201d2030) 
thrown [s\src\hotspot\share\prims\jni.cpp, line 516]
Event: 0.303 Thread 0x000001e94d1b8d50 Exception <a 'sun/nio/fs/WindowsException'{0x00000006201d2a80}> (0x00000006201d2a80) 
thrown [s\src\hotspot\share\prims\jni.cpp, line 516]
Event: 0.303 Thread 0x000001e94d1b8d50 Exception <a 'sun/nio/fs/WindowsException'{0x00000006201d2d40}> (0x00000006201d2d40) 
thrown [s\src\hotspot\share\prims\jni.cpp, line 516]
Event: 0.303 Thread 0x000001e94d1b8d50 Exception <a 'sun/nio/fs/WindowsException'{0x00000006201d36d0}> (0x00000006201d36d0) 
thrown [s\src\hotspot\share\prims\jni.cpp, line 516]
Event: 0.303 Thread 0x000001e94d1b8d50 Exception <a 'sun/nio/fs/WindowsException'{0x00000006201d38f0}> (0x00000006201d38f0) 
thrown [s\src\hotspot\share\prims\jni.cpp, line 516]
Event: 0.303 Thread 0x000001e94d1b8d50 Exception <a 'sun/nio/fs/WindowsException'{0x00000006201d4328}> (0x00000006201d4328) 
thrown [s\src\hotspot\share\prims\jni.cpp, line 516]
Event: 0.303 Thread 0x000001e94d1b8d50 Exception <a 'sun/nio/fs/WindowsException'{0x00000006201d45c8}> (0x00000006201d45c8) 
thrown [s\src\hotspot\share\prims\jni.cpp, line 516]
Event: 0.303 Thread 0x000001e94d1b8d50 Exception <a 'sun/nio/fs/WindowsException'{0x00000006201d50c0}> (0x00000006201d50c0) 
thrown [s\src\hotspot\share\prims\jni.cpp, line 516]
Event: 0.303 Thread 0x000001e94d1b8d50 Exception <a 'sun/nio/fs/WindowsException'{0x00000006201d5400}> (0x00000006201d5400) 
thrown [s\src\hotspot\share\prims\jni.cpp, line 516]
Event: 0.304 Thread 0x000001e94d1b8d50 Exception <a 'sun/nio/fs/WindowsException'{0x00000006201d5dd0}> (0x00000006201d5dd0) 
thrown [s\src\hotspot\share\prims\jni.cpp, line 516]
Event: 0.304 Thread 0x000001e94d1b8d50 Exception <a 'sun/nio/fs/WindowsException'{0x00000006201d6030}> (0x00000006201d6030) 
thrown [s\src\hotspot\share\prims\jni.cpp, line 516]
Event: 0.314 Thread 0x000001e94d1b8d50 Exception <a 'java/lang/NoSuchMethodError'{0x0000000620214cf8}: 'java.lang.Object java.lang.invoke.Invokers$Holder.linkToTargetMethod(java.lang.Object, long, java.lang.Object)'> (0x0000000620214cf8) 
thrown [s\src\hotspot\share\interpreter\linkResolver.cpp, line 759]
Event: 0.323 Thread 0x000001e94d1b8d50 Exception <a 'sun/nio/fs/WindowsException'{0x00000006202428d0}> (0x00000006202428d0) 
thrown [s\src\hotspot\share\prims\jni.cpp, line 516]

VM Operations (10 events):
Event: 0.148 Executing VM operation: HandshakeAllThreads
Event: 0.148 Executing VM operation: HandshakeAllThreads done
Event: 0.279 Executing VM operation: HandshakeAllThreads
Event: 0.279 Executing VM operation: HandshakeAllThreads done
Event: 0.292 Executing VM operation: HandshakeAllThreads
Event: 0.292 Executing VM operation: HandshakeAllThreads done
Event: 0.322 Executing VM operation: HandshakeAllThreads
Event: 0.323 Executing VM operation: HandshakeAllThreads done
Event: 1.336 Executing VM operation: Cleanup
Event: 1.336 Executing VM operation: Cleanup done

Events (20 events):
Event: 1.053 loading class java/time/Month done
Event: 1.053 loading class java/time/DayOfWeek
Event: 1.053 loading class java/time/DayOfWeek done
Event: 1.053 loading class java/time/zone/ZoneOffsetTransitionRule$TimeDefinition
Event: 1.053 loading class java/time/zone/ZoneOffsetTransitionRule$TimeDefinition done
Event: 1.053 loading class java/time/zone/ZoneOffsetTransition
Event: 1.053 loading class java/time/zone/ZoneOffsetTransition done
Event: 1.054 loading class sun/util/cldr/CLDRBaseLocaleDataMetaInfo$TZCanonicalIDMapHolder
Event: 1.055 loading class sun/util/cldr/CLDRBaseLocaleDataMetaInfo$TZCanonicalIDMapHolder done
Event: 1.056 loading class sun/util/resources/TimeZoneNames
Event: 1.057 loading class sun/util/resources/TimeZoneNames done
Event: 1.057 loading class sun/util/resources/TimeZoneNames_en
Event: 1.057 loading class sun/util/resources/TimeZoneNames_en done
Event: 1.703 Thread 0x000001e97fe03e70 Thread exited: 0x000001e97fe03e70
Event: 2.709 loading class java/util/concurrent/locks/AbstractQueuedSynchronizer$ConditionNode
Event: 2.709 loading class java/util/concurrent/ForkJoinPool$ManagedBlocker
Event: 2.709 loading class java/util/concurrent/ForkJoinPool$ManagedBlocker done
Event: 2.709 loading class java/util/concurrent/locks/AbstractQueuedSynchronizer$Node
Event: 2.709 loading class java/util/concurrent/locks/AbstractQueuedSynchronizer$Node done
Event: 2.709 loading class java/util/concurrent/locks/AbstractQueuedSynchronizer$ConditionNode done


Dynamic libraries:
0x00007ff6f7040000 - 0x00007ff6f704e000 	C:\Users\Nico\.jdks\corretto-17.0.10\bin\java.exe
0x00007ffff81b0000 - 0x00007ffff83a8000 	C:\WINDOWS\SYSTEM32\ntdll.dll
0x00007ffff7ae0000 - 0x00007ffff7b9d000 	C:\WINDOWS\System32\KERNEL32.DLL
0x00007ffff5cd0000 - 0x00007ffff5fc6000 	C:\WINDOWS\System32\KERNELBASE.dll
0x00007ffff5a50000 - 0x00007ffff5b50000 	C:\WINDOWS\System32\ucrtbase.dll
0x00007fff7e120000 - 0x00007fff7e137000 	C:\Users\Nico\.jdks\corretto-17.0.10\bin\jli.dll
0x00007fff7e660000 - 0x00007fff7e67b000 	C:\Users\Nico\.jdks\corretto-17.0.10\bin\VCRUNTIME140.dll
0x00007ffff7c00000 - 0x00007ffff7d9f000 	C:\WINDOWS\System32\USER32.dll
0x00007ffff5c00000 - 0x00007ffff5c22000 	C:\WINDOWS\System32\win32u.dll
0x00007fffea2e0000 - 0x00007fffea57a000 	C:\WINDOWS\WinSxS\amd64_microsoft.windows.common-controls_6595b64144ccf1df_6.0.19041.3636_none_60b6a03d71f818d5\COMCTL32.dll
0x00007ffff6a80000 - 0x00007ffff6b1e000 	C:\WINDOWS\System32\msvcrt.dll
0x00007ffff61e0000 - 0x00007ffff620b000 	C:\WINDOWS\System32\GDI32.dll
0x00007ffff6040000 - 0x00007ffff6157000 	C:\WINDOWS\System32\gdi32full.dll
0x00007ffff5c30000 - 0x00007ffff5ccd000 	C:\WINDOWS\System32\msvcp_win.dll
0x00007ffff6a40000 - 0x00007ffff6a72000 	C:\WINDOWS\System32\IMM32.DLL
0x00007fffbbe00000 - 0x00007fffbbe0c000 	C:\Users\Nico\.jdks\corretto-17.0.10\bin\vcruntime140_1.dll
0x00007fff7e090000 - 0x00007fff7e11d000 	C:\Users\Nico\.jdks\corretto-17.0.10\bin\msvcp140.dll
0x00007fff78350000 - 0x00007fff78fb2000 	C:\Users\Nico\.jdks\corretto-17.0.10\bin\server\jvm.dll
0x00007ffff7390000 - 0x00007ffff7440000 	C:\WINDOWS\System32\ADVAPI32.dll
0x00007ffff6b20000 - 0x00007ffff6bc0000 	C:\WINDOWS\System32\sechost.dll
0x00007ffff78d0000 - 0x00007ffff79f3000 	C:\WINDOWS\System32\RPCRT4.dll
0x00007ffff61b0000 - 0x00007ffff61d7000 	C:\WINDOWS\System32\bcrypt.dll
0x00007fffea9a0000 - 0x00007fffea9a9000 	C:\WINDOWS\SYSTEM32\WSOCK32.dll
0x00007fffec2f0000 - 0x00007fffec317000 	C:\WINDOWS\SYSTEM32\WINMM.dll
0x00007ffff4d60000 - 0x00007ffff4dab000 	C:\WINDOWS\SYSTEM32\POWRPROF.dll
0x00007ffff0390000 - 0x00007ffff039a000 	C:\WINDOWS\SYSTEM32\VERSION.dll
0x00007ffff7860000 - 0x00007ffff78cb000 	C:\WINDOWS\System32\WS2_32.dll
0x00007ffff4c20000 - 0x00007ffff4c32000 	C:\WINDOWS\SYSTEM32\UMPDC.dll
0x00007ffff36d0000 - 0x00007ffff36e2000 	C:\WINDOWS\SYSTEM32\kernel.appcore.dll
0x00007fffb5fe0000 - 0x00007fffb5fea000 	C:\Users\Nico\.jdks\corretto-17.0.10\bin\jimage.dll
0x00007fffea7b0000 - 0x00007fffea994000 	C:\WINDOWS\SYSTEM32\DBGHELP.DLL
0x00007fffe8080000 - 0x00007fffe80b4000 	C:\WINDOWS\SYSTEM32\dbgcore.DLL
0x00007ffff5860000 - 0x00007ffff58e2000 	C:\WINDOWS\System32\bcryptPrimitives.dll
0x00007ffff12e0000 - 0x00007ffff12ee000 	C:\Users\Nico\.jdks\corretto-17.0.10\bin\instrument.dll
0x00007fff7e060000 - 0x00007fff7e085000 	C:\Users\Nico\.jdks\corretto-17.0.10\bin\java.dll
0x00007fff7df80000 - 0x00007fff7e057000 	C:\Users\Nico\.jdks\corretto-17.0.10\bin\jsvml.dll
0x00007ffff6270000 - 0x00007ffff69db000 	C:\WINDOWS\System32\SHELL32.dll
0x00007ffff38d0000 - 0x00007ffff406e000 	C:\WINDOWS\SYSTEM32\windows.storage.dll
0x00007ffff7450000 - 0x00007ffff77a3000 	C:\WINDOWS\System32\combase.dll
0x00007ffff51b0000 - 0x00007ffff51de000 	C:\WINDOWS\SYSTEM32\Wldp.dll
0x00007ffff8000000 - 0x00007ffff80cd000 	C:\WINDOWS\System32\OLEAUT32.dll
0x00007ffff7da0000 - 0x00007ffff7e4d000 	C:\WINDOWS\System32\SHCORE.dll
0x00007ffff7ba0000 - 0x00007ffff7bf5000 	C:\WINDOWS\System32\shlwapi.dll
0x00007ffff5790000 - 0x00007ffff57b3000 	C:\WINDOWS\SYSTEM32\profapi.dll
0x00007fff7df20000 - 0x00007fff7df38000 	C:\Users\Nico\.jdks\corretto-17.0.10\bin\zip.dll
0x00007fff7df60000 - 0x00007fff7df79000 	C:\Users\Nico\.jdks\corretto-17.0.10\bin\net.dll
0x00007fffef2b0000 - 0x00007fffef3ba000 	C:\WINDOWS\SYSTEM32\WINHTTP.dll
0x00007ffff4f90000 - 0x00007ffff4ffa000 	C:\WINDOWS\system32\mswsock.dll
0x00007fff7df40000 - 0x00007fff7df56000 	C:\Users\Nico\.jdks\corretto-17.0.10\bin\nio.dll
0x00007ffff04f0000 - 0x00007ffff050a000 	C:\Users\Nico\AppData\Local\Programs\IntelliJ IDEA Community Edition\bin\breakgen64.dll
0x00007fffec080000 - 0x00007fffec089000 	C:\Users\Nico\.jdks\corretto-17.0.10\bin\extnet.dll
0x00007fffadaa0000 - 0x00007fffadbf1000 	C:\Users\Nico\AppData\Local\Temp\whisper-jni-509395351064300\whisper-jni.dll
0x00007fffed810000 - 0x00007fffed822000 	C:\Users\Nico\.jdks\corretto-17.0.10\bin\jsound.dll
0x00007ffff71c0000 - 0x00007ffff72eb000 	C:\WINDOWS\System32\ole32.dll
0x00007fffae410000 - 0x00007fffae4ac000 	C:\WINDOWS\SYSTEM32\DSOUND.dll
0x00007fffc5490000 - 0x00007fffc54b6000 	C:\WINDOWS\SYSTEM32\winmmbase.dll
0x00007ffff3200000 - 0x00007ffff329e000 	C:\WINDOWS\system32\uxtheme.dll
0x00007ffff77b0000 - 0x00007ffff7859000 	C:\WINDOWS\System32\clbcatq.dll
0x00007fffeeea0000 - 0x00007fffeef25000 	C:\WINDOWS\System32\MMDevApi.dll
0x00007ffff55f0000 - 0x00007ffff5623000 	C:\WINDOWS\System32\DEVOBJ.dll
0x00007ffff6160000 - 0x00007ffff61ae000 	C:\WINDOWS\System32\cfgmgr32.dll
0x00007fffec8c0000 - 0x00007fffec906000 	C:\WINDOWS\SYSTEM32\wdmaud.drv
0x00007ffff14d0000 - 0x00007ffff14d9000 	C:\WINDOWS\SYSTEM32\ksuser.dll
0x00007ffff0990000 - 0x00007ffff099a000 	C:\WINDOWS\SYSTEM32\AVRT.dll
0x00007fffe6c80000 - 0x00007fffe6e02000 	C:\WINDOWS\SYSTEM32\AUDIOSES.DLL
0x00007ffff1250000 - 0x00007ffff125d000 	C:\WINDOWS\SYSTEM32\msacm32.drv
0x00007ffff1290000 - 0x00007ffff12ae000 	C:\WINDOWS\SYSTEM32\MSACM32.dll
0x00007ffff1230000 - 0x00007ffff123b000 	C:\WINDOWS\SYSTEM32\midimap.dll

dbghelp: loaded successfully - version: 4.0.5 - missing functions: none
symbol engine: initialized successfully - sym options: 0x614 - pdb path: .;C:\Users\Nico\.jdks\corretto-17.0.10\bin;C:\WINDOWS\SYSTEM32;C:\WINDOWS\WinSxS\amd64_microsoft.windows.common-controls_6595b64144ccf1df_6.0.19041.3636_none_60b6a03d71f818d5;C:\Users\Nico\.jdks\corretto-17.0.10\bin\server;C:\Users\Nico\AppData\Local\Programs\IntelliJ IDEA Community Edition\bin;C:\Users\Nico\AppData\Local\Temp\whisper-jni-509395351064300

VM Arguments:
jvm_args: -javaagent:C:\Users\Nico\AppData\Local\Programs\IntelliJ IDEA Community Edition\lib\idea_rt.jar=55305:C:\Users\Nico\AppData\Local\Programs\IntelliJ IDEA Community Edition\bin -Dfile.encoding=UTF-8 
java_command: org.example.App
java_class_path (initial): E:\Coding\Java\WhisperTest\target\classes;C:\Users\Nico\.m2\repository\io\github\givimad\whisper-jni\1.5.4-0\whisper-jni-1.5.4-0.jar;C:\Users\Nico\.m2\repository\org\bytedeco\javacv-platform\1.5.10\javacv-platform-1.5.10.jar;C:\Users\Nico\.m2\repository\org\bytedeco\javacv\1.5.10\javacv-1.5.10.jar;C:\Users\Nico\.m2\repository\org\bytedeco\javacpp\1.5.10\javacpp-1.5.10.jar;C:\Users\Nico\.m2\repository\org\bytedeco\openblas\0.3.26-1.5.10\openblas-0.3.26-1.5.10.jar;C:\Users\Nico\.m2\repository\org\bytedeco\opencv\4.9.0-1.5.10\opencv-4.9.0-1.5.10.jar;C:\Users\Nico\.m2\repository\org\bytedeco\ffmpeg\6.1.1-1.5.10\ffmpeg-6.1.1-1.5.10.jar;C:\Users\Nico\.m2\repository\org\bytedeco\flycapture\2.13.3.31-1.5.9\flycapture-2.13.3.31-1.5.9.jar;C:\Users\Nico\.m2\repository\org\bytedeco\libdc1394\2.2.6-1.5.9\libdc1394-2.2.6-1.5.9.jar;C:\Users\Nico\.m2\repository\org\bytedeco\libfreenect\0.5.7-1.5.9\libfreenect-0.5.7-1.5.9.jar;C:\Users\Nico\.m2\repository\org\bytedeco\libfreenect2\0.2.0-1.5.9\libfreenect2-0.2.0-1.5.9.jar;C:\Users\Nico\.m2\repository\org\bytedeco\librealsense\1.12.4-1.5.9\librealsense-1.12.4-1.5.9.jar;C:\Users\Nico\.m2\repository\org\bytedeco\librealsense2\2.53.1-1.5.9\librealsense2-2.53.1-1.5.9.jar;C:\Users\Nico\.m2\repository\org\bytedeco\videoinput\0.200-1.5.9\videoinput-0.200-1.5.9.jar;C:\Users\Nico\.m2\repository\org\bytedeco\artoolkitplus\2.3.1-1.5.9\artoolkitplus-2.3.1-1.5.9.jar;C:\Users\Nico\.m2\repository\org\bytedeco\leptonica\1.84.1-1.5.10\leptonica-1.84.1-1.5.10.jar;C:\Users\Nico\.m2\repository\org\bytedeco\tesseract\5.3.4-1.5.10\tesseract-5.3.4-1.5.10.jar;C:\Users\Nico\.m2\repository\org\openjfx\javafx-graphics\17\javafx-graphics-17.jar;C:\Users\Nico\.m2\repository\org\openjfx\javafx-graphics\17\javafx-graphics-17-win.jar;C:\Users\Nico\.m2\repository\org\openjfx\javafx-base\17\javafx-base-17.jar;C:\Users\Nico\.m2\repository\org\openjfx\javafx-base\17\javafx-base-17-win.jar;C:\Users\Nico\.m2\repository\org\bytedeco\javacpp-plat
Launcher Type: SUN_STANDARD

[Global flags]
     intx CICompilerCount                          = 4                                         {product} {ergonomic}
     uint ConcGCThreads                            = 3                                         {product} {ergonomic}
     uint G1ConcRefinementThreads                  = 10                                        {product} {ergonomic}
   size_t G1HeapRegionSize                         = 4194304                                   {product} {ergonomic}
    uintx GCDrainStackTargetSize                   = 64                                        {product} {ergonomic}
   size_t InitialHeapSize                          = 536870912                                 {product} {ergonomic}
   size_t MarkStackSize                            = 4194304                                   {product} {ergonomic}
   size_t MaxHeapSize                              = 8577351680                                {product} {ergonomic}
   size_t MaxNewSize                               = 5146411008                                {product} {ergonomic}
   size_t MinHeapDeltaBytes                        = 4194304                                   {product} {ergonomic}
   size_t MinHeapSize                              = 8388608                                   {product} {ergonomic}
    uintx NonNMethodCodeHeapSize                   = 5839372                                {pd product} {ergonomic}
    uintx NonProfiledCodeHeapSize                  = 122909434                              {pd product} {ergonomic}
    uintx ProfiledCodeHeapSize                     = 122909434                              {pd product} {ergonomic}
    uintx ReservedCodeCacheSize                    = 251658240                              {pd product} {ergonomic}
     bool SegmentedCodeCache                       = true                                      {product} {ergonomic}
   size_t SoftMaxHeapSize                          = 8577351680                             {manageable} {ergonomic}
     bool UseCompressedClassPointers               = true                           {product lp64_product} {ergonomic}
     bool UseCompressedOops                        = true                           {product lp64_product} {ergonomic}
     bool UseG1GC                                  = true                                      {product} {ergonomic}
     bool UseLargePagesIndividualAllocation        = false                                  {pd product} {ergonomic}

Logging:
Log output configuration:
 #0: stdout all=warning uptime,level,tags
 #1: stderr all=off uptime,level,tags

Environment Variables:
JAVA_HOME=C:\Users\Nico\Downloads\jdk-17.0.9_windows-x64_bin\jdk-17.0.9
PATH=C:\Python39\Scripts\;C:\Python39\;C:\Program Files (x86)\Common Files\Intel\Shared Libraries\redist\intel64\compiler;C:\Windows\system32;C:\Windows;C:\Windows\System32\Wbem;C:\Windows\System32\WindowsPowerShell\v1.0\;C:\Program Files (x86)\NVIDIA Corporation\PhysX\Common;C:\Program Files (x86)\Windows Live\Shared;C:\WINDOWS\system32;C:\WINDOWS;C:\WINDOWS\System32\Wbem;C:\WINDOWS\System32\WindowsPowerShell\v1.0\;C:\WINDOWS\System32\OpenSSH\;C:\WINDOWS\system32;C:\WINDOWS;C:\WINDOWS\System32\Wbem;C:\WINDOWS\System32\WindowsPowerShell\v1.0\;C:\WINDOWS\System32\OpenSSH\;C:\Program Files\NVIDIA Corporation\NVIDIA NvDLISR;C:\ProgramData\chocolatey\bin;C:\Program Files\dotnet\;C:\Program Files\Git\cmd;C:\MinGW\bin;C:\Users\Nico\AppData\Roaming\nvm;C:\Program Files\nodejs;C:\Users\Nico\Downloads\protoc-25.1-win64\bin;C:\Users\Nico\Downloads\apache-maven-3.9.6-bin\apache-maven-3.9.6\bin;C:\Program Files\Docker\Docker\resources\bin;C:\Users\Nico\AppData\Local\Programs\Rider\bin;C:\Program Files\PowerShell\7\;C:\Program Files\JetBrains\WebStorm 2023.2\bin;C:\Users\Nico\Downloads\jdk-17.0.9_windows-x64_bin\jdk-17.0.9;C:\Users\Nico\Downloads\jdk-17.0.9_windows-x64_bin\jdk-17.0.9\bin;C:\Users\Nico\AppData\Local\Microsoft\WindowsApps;C:\Users\Nico\.dotnet\tools;C:\Users\Nico\AppData\Local\Programs\Microsoft VS Code\bin;C:\Program Files\Git\bin\git.exe;C:\Users\Nico\AppData\Local\JetBrains\Toolbox\scripts;C:\Users\Nico\.dotnet\tools;C:\Users\Nico\AppData\Roaming\Composer\vendor\bin;C:\Users\Nico\Downloads\mongosh-1.9.1-win32-x64\mongosh-1.9.1-win32-x64\bin;E:\Coding\LSP\tstest\node_modules\.bin
USERNAME=Nico
OS=Windows_NT
PROCESSOR_IDENTIFIER=AMD64 Family 23 Model 1 Stepping 1, AuthenticAMD
TMP=C:\Users\Nico\AppData\Local\Temp
TEMP=C:\Users\Nico\AppData\Local\Temp



Periodic native trim disabled


---------------  S Y S T E M  ---------------

OS:
 Windows 10 , 64 bit Build 19041 (10.0.19041.3636)
OS uptime: 5 days 21:29 hours
Hyper-V role detected

CPU: total 12 (initial active 12) (12 cores per cpu, 2 threads per core) family 23 model 1 stepping 1 microcode 0x0, cx8, cmov, fxsr, ht, mmx, 3dnowpref, sse, sse2, sse3, ssse3, sse4a, sse4.1, sse4.2, popcnt, lzcnt, tsc, tscinvbit, avx, avx2, aes, clmul, bmi1, bmi2, adx, sha, fma, vzeroupper, clflush, clflushopt, hv
Processor Information for all 12 processors :
  Max Mhz: 3600, Current Mhz: 3600, Mhz Limit: 3600

Memory: 4k page, system-wide physical 32704M (18054M free)
TotalPageFile size 37568M (AvailPageFile size 19582M)
current process WorkingSet (physical memory assigned to process): 275M, peak: 284M
current process commit charge ("private bytes"): 1019M, peak: 1028M

vm_info: OpenJDK 64-Bit Server VM (17.0.10+7-LTS) for windows-amd64 JRE (17.0.10+7-LTS), built on Jan 10 2024 22:11:07 by "Administrator" with MS VC++ 16.10 / 16.11 (VS2019)

END.
