#
# A fatal error has been detected by the Java Runtime Environment:
#
#  EXCEPTION_ACCESS_VIOLATION (0xc0000005) at pc=0x00007fffa47df41e, pid=21428, tid=2492
#
# JRE version: OpenJDK Runtime Environment (22.0.1+8) (build 22.0.1+8-16)
# Java VM: OpenJDK 64-Bit Server VM (22.0.1+8-16, mixed mode, sharing, tiered, compressed oops, compressed class ptrs, g1 gc, windows-amd64)
# Problematic frame:
# C  [whisper-jni.dll+0x2f41e]
#
# No core dump will be written. Minidumps are not enabled by default on client versions of Windows
#
# If you would like to submit a bug report, please visit:
#   https://bugreport.java.com/bugreport/crash.jsp
# The crash happened outside the Java Virtual Machine in native code.
# See problematic frame for where to report the bug.
#

---------------  S U M M A R Y ------------

Command Line: --enable-preview -javaagent:C:\Users\Nico\AppData\Local\Programs\IntelliJ IDEA Community Edition\lib\idea_rt.jar=57648:C:\Users\Nico\AppData\Local\Programs\IntelliJ IDEA Community Edition\bin -Dfile.encoding=UTF-8 -Dsun.stdout.encoding=UTF-8 -Dsun.stderr.encoding=UTF-8 org.example.App

Host: AMD Ryzen 5 1600X Six-Core Processor           , 12 cores, 31G,  Windows 10 , 64 bit Build 19041 (10.0.19041.3636)
Time: Sat May 18 21:15:29 2024 Mitteleuropäische Sommerzeit elapsed time: 5.934024 seconds (0d 0h 0m 5s)

---------------  T H R E A D  ---------------

Current thread (0x000001f34fa5db50):  JavaThread "ForkJoinPool-1-worker-1" daemon [_thread_in_native, id=2492, stack(0x000000ae92c00000,0x000000ae92d00000) (1024K)]

Stack: [0x000000ae92c00000,0x000000ae92d00000],  sp=0x000000ae92cfcb00,  free space=1010k
Native frames: (J=compiled Java code, j=interpreted, Vv=VM code, C=native code)
C  [whisper-jni.dll+0x2f41e]  (no source info available)
C  [whisper-jni.dll+0x2f0e1]  (no source info available)
C  [whisper-jni.dll+0x7443]  (no source info available)
C  0x000001f374c9cfc7  (no source info available)

The last pc belongs to native method entry point (kind = native) (printed below).
Java frames: (J=compiled Java code, j=interpreted, Vv=VM code)
j  io.github.givimad.whisperjni.WhisperJNI.full(ILio/github/givimad/whisperjni/WhisperFullParams;[FI)I+0
j  io.github.givimad.whisperjni.WhisperJNI.full(Lio/github/givimad/whisperjni/WhisperContext;Lio/github/givimad/whisperjni/WhisperFullParams;[FI)I+27
j  org.example.Test.analyzeAudio([F)V+23
j  org.example.Test.lambda$new$0([F)V+2
j  org.example.Test$$Lambda+0x000001f30b007708.run()V+8
j  java.lang.Thread.runWith(Ljava/lang/Object;Ljava/lang/Runnable;)V+5 java.base@22.0.1
j  java.lang.VirtualThread.run(Ljava/lang/Runnable;)V+66 java.base@22.0.1
j  java.lang.VirtualThread$VThreadContinuation$1.run()V+8 java.base@22.0.1
j  jdk.internal.vm.Continuation.enter0()V+4 java.base@22.0.1
j  jdk.internal.vm.Continuation.enter(Ljdk/internal/vm/Continuation;Z)V+1 java.base@22.0.1
J 777  jdk.internal.vm.Continuation.enterSpecial(Ljdk/internal/vm/Continuation;ZZ)V java.base@22.0.1 (0 bytes) @ 0x000001f3752776dc [0x000001f3752775a0+0x000000000000013c]
j  jdk.internal.vm.Continuation.run()V+122 java.base@22.0.1
j  java.lang.VirtualThread.runContinuation()V+72 java.base@22.0.1
j  java.lang.VirtualThread$$Lambda+0x000001f30b06d928.run()V+4 java.base@22.0.1
j  java.util.concurrent.ForkJoinTask$RunnableExecuteAction.compute()Ljava/lang/Void;+4 java.base@22.0.1
j  java.util.concurrent.ForkJoinTask$RunnableExecuteAction.compute()Ljava/lang/Object;+1 java.base@22.0.1
j  java.util.concurrent.ForkJoinTask$InterruptibleTask.exec()Z+51 java.base@22.0.1
j  java.util.concurrent.ForkJoinTask.doExec()V+10 java.base@22.0.1
j  java.util.concurrent.ForkJoinPool$WorkQueue.topLevelExec(Ljava/util/concurrent/ForkJoinTask;Ljava/util/concurrent/ForkJoinPool$WorkQueue;I)V+49 java.base@22.0.1
j  java.util.concurrent.ForkJoinPool.scan(Ljava/util/concurrent/ForkJoinPool$WorkQueue;JI)J+245 java.base@22.0.1
j  java.util.concurrent.ForkJoinPool.runWorker(Ljava/util/concurrent/ForkJoinPool$WorkQueue;)V+62 java.base@22.0.1
j  java.util.concurrent.ForkJoinWorkerThread.run()V+31 java.base@22.0.1
v  ~StubRoutines::call_stub 0x000001f374c9100d

siginfo: EXCEPTION_ACCESS_VIOLATION (0xc0000005), reading address 0x000000000000a600


Registers:
RAX=0x0000050ab465ee7f, RBX=0x000001f3504303f0, RCX=0x000001f34f2553d0, RDX=0x0000000000000000
RSP=0x000000ae92cfcb00, RBP=0x000000ae92cfcc00, RSI=0x00000000000f4240, RDI=0x000001f353dc2040
R8 =0x000000ae92cfe780, R9 =0x000001f353dc2040, R10=0x0000000000000000, R11=0x000000ae92cfe840
R12=0x0000000000000000, R13=0x000000ae92cfe780, R14=0x000001f353dc2040, R15=0x000000000000a5f8
RIP=0x00007fffa47df41e, EFLAGS=0x0000000000010202


Register to memory mapping:

RAX=0x0000050ab465ee7f is an unknown value
RBX=0x000001f3504303f0 points into unknown readable memory: 0x00000006202c5a48 | 48 5a 2c 20 06 00 00 00
RCX=0x000001f34f2553d0 points into unknown readable memory: 0x000000000000bdc3 | c3 bd 00 00 00 00 00 00
RDX=0x0 is null
RSP=0x000000ae92cfcb00 is pointing into the stack for thread: 0x000001f34fa5db50
RBP=0x000000ae92cfcc00 is pointing into the stack for thread: 0x000001f34fa5db50
RSI=0x00000000000f4240 is an unknown value
RDI=0x000001f353dc2040 points into unknown readable memory: 0x0000000000000000 | 00 00 00 00 00 00 00 00
R8 =0x000000ae92cfe780 is pointing into the stack for thread: 0x000001f34fa5db50
R9 =0x000001f353dc2040 points into unknown readable memory: 0x0000000000000000 | 00 00 00 00 00 00 00 00
R10=0x0 is null
R11=0x000000ae92cfe840 is pointing into the stack for thread: 0x000001f34fa5db50
R12=0x0 is null
R13=0x000000ae92cfe780 is pointing into the stack for thread: 0x000001f34fa5db50
R14=0x000001f353dc2040 points into unknown readable memory: 0x0000000000000000 | 00 00 00 00 00 00 00 00
R15=0x000000000000a5f8 is an unknown value

Top of Stack: (sp=0x000000ae92cfcb00)
0x000000ae92cfcb00:   0000000000000000 0000000000000000
0x000000ae92cfcb10:   000000ae92cfa550 00007fff73546d88
0x000000ae92cfcb20:   000000ae92cfa518 000000ae92cfdd90
0x000000ae92cfcb30:   000000ae92cfdbf0 0000000000000000
0x000000ae92cfcb40:   000001f34f2553d0 0000000000000000
0x000000ae92cfcb50:   000000ae92cfdbf0 000000ae92cfdbf4
0x000000ae92cfcb60:   0000000000000000 000000004b1e9860
0x000000ae92cfcb70:   0000000000000000 0000000000000000
0x000000ae92cfcb80:   0000000000000000 0000000000000000
0x000000ae92cfcb90:   0000000000000000 0000000000000000
0x000000ae92cfcba0:   0000000000000000 0000000000000000
0x000000ae92cfcbb0:   000000ae92cfdc00 000000ae92cfdc04
0x000000ae92cfcbc0:   0000000000000000 0000000000000000
0x000000ae92cfcbd0:   000000ae92cfdc00 000000ae92cfdc04
0x000000ae92cfcbe0:   0000000000000000 0000000000000000
0x000000ae92cfcbf0:   0000000000000000 0000000000000000
0x000000ae92cfcc00:   0000000000000000 0000000000000000
0x000000ae92cfcc10:   0000000000000000 0000000000000000
0x000000ae92cfcc20:   0000000000000000 0000000000000000
0x000000ae92cfcc30:   000000ae92cfdc10 000000ae92cfdc14
0x000000ae92cfcc40:   0000000000000000 0000000000000000
0x000000ae92cfcc50:   000000ae92cfdc10 000000ae92cfdc14
0x000000ae92cfcc60:   0000000000000000 0000000000000000
0x000000ae92cfcc70:   0000000000000000 0000000000000000
0x000000ae92cfcc80:   0000000000000000 0000000000000000
0x000000ae92cfcc90:   0000000000000000 0000000000000000
0x000000ae92cfcca0:   0000000000000000 0000000000000000
0x000000ae92cfccb0:   000000ae92cfdc20 000000ae92cfdc24
0x000000ae92cfccc0:   0000000000000000 0000000000000000
0x000000ae92cfccd0:   000000ae92cfdc20 000000ae92cfdc24
0x000000ae92cfcce0:   0000000000000000 0000000000000000
0x000000ae92cfccf0:   000000ae92cfa550 00007fff73546d88 

Instructions: (pc=0x00007fffa47df41e)
0x00007fffa47df31e:   03 c2 48 83 78 18 0f 76 03 48 8b 00 c3 cc cc cc
0x00007fffa47df32e:   cc cc 48 63 c2 48 8d 14 80 48 8b 81 f8 a5 00 00
0x00007fffa47df33e:   48 83 c0 10 48 c1 e2 04 48 03 c2 48 83 78 18 0f
0x00007fffa47df34e:   76 03 48 8b 00 c3 cc cc cc cc cc cc cc cc cc cc
0x00007fffa47df35e:   cc cc 48 8b 81 78 01 00 00 48 8b 88 00 a6 00 00
0x00007fffa47df36e:   48 2b 88 f8 a5 00 00 48 b8 67 66 66 66 66 66 66
0x00007fffa47df37e:   66 48 f7 e9 48 c1 fa 05 48 8b c2 48 c1 e8 3f 48
0x00007fffa47df38e:   03 c2 c3 cc cc cc cc cc cc cc cc cc cc cc cc cc
0x00007fffa47df39e:   cc cc 48 8b c1 48 8b 89 00 a6 00 00 48 2b 88 f8
0x00007fffa47df3ae:   a5 00 00 48 b8 67 66 66 66 66 66 66 66 48 f7 e9
0x00007fffa47df3be:   48 c1 fa 05 48 8b c2 48 c1 e8 3f 48 03 c2 c3 cc
0x00007fffa47df3ce:   cc cc 40 55 53 56 57 41 55 41 56 41 57 48 8d ac
0x00007fffa47df3de:   24 f0 e4 ff ff b8 10 1c 00 00 e8 93 be 03 00 48
0x00007fffa47df3ee:   2b e0 48 8b 05 89 22 05 00 48 33 c4 48 89 85 a0
0x00007fffa47df3fe:   1a 00 00 8b b5 70 1b 00 00 4c 8d ba f8 a5 00 00
0x00007fffa47df40e:   48 89 4c 24 40 4d 8b f1 48 89 54 24 38 4d 8b e8
0x00007fffa47df41e:   49 8b 7f 08 49 8b 1f 4c 89 44 24 58 4c 89 7d d8
0x00007fffa47df42e:   48 3b df 74 18 48 8b cb e8 b5 8a fe ff 48 83 c3
0x00007fffa47df43e:   50 48 3b df 75 ef 49 8b 07 49 89 47 08 85 f6 7e
0x00007fffa47df44e:   6c 41 80 7d 34 00 74 22 4c 8d 05 73 20 04 00 b9
0x00007fffa47df45e:   02 00 00 00 48 8d 15 7f 20 04 00 e8 c2 95 ff ff
0x00007fffa47df46e:   b8 ff ff ff ff e9 fb 2e 00 00 41 8b 45 04 44 8b
0x00007fffa47df47e:   ce 48 8b 54 24 38 4d 8b c6 48 8b 4c 24 40 89 44
0x00007fffa47df48e:   24 20 e8 1b 45 00 00 85 c0 74 22 4c 8d 05 30 20
0x00007fffa47df49e:   04 00 b9 02 00 00 00 48 8d 15 3c 20 04 00 e8 7f
0x00007fffa47df4ae:   95 ff ff b8 fe ff ff ff e9 b8 2e 00 00 49 8b 55
0x00007fffa47df4be:   58 48 8d 3d 0a 20 04 00 45 33 ff c5 78 29 84 24
0x00007fffa47df4ce:   d0 1b 00 00 4c 89 7d e0 c4 41 38 57 c0 48 85 d2
0x00007fffa47df4de:   74 40 48 c7 c0 ff ff ff ff 48 ff c0 44 38 3c 02
0x00007fffa47df4ee:   75 f7 48 85 c0 74 2b 49 8b cf 4c 8d 05 15 20 04
0x00007fffa47df4fe:   00 90 0f b6 04 0a 48 ff c1 41 3a 44 08 ff 75 08
0x00007fffa47df50e:   48 83 f9 05 75 ec eb 0a 45 38 7d 60 0f 84 63 01 


Stack slot to memory mapping:

stack at sp + 0 slots: 0x0 is null
stack at sp + 1 slots: 0x0 is null
stack at sp + 2 slots: 0x000000ae92cfa550 is pointing into the stack for thread: 0x000001f34fa5db50
stack at sp + 3 slots: 0x00007fff73546d88 jvm.dll
stack at sp + 4 slots: 0x000000ae92cfa518 is pointing into the stack for thread: 0x000001f34fa5db50
stack at sp + 5 slots: 0x000000ae92cfdd90 is pointing into the stack for thread: 0x000001f34fa5db50
stack at sp + 6 slots: 0x000000ae92cfdbf0 is pointing into the stack for thread: 0x000001f34fa5db50
stack at sp + 7 slots: 0x0 is null

native method entry point (kind = native)  [0x000001f374c9cba0, 0x000001f374c9d6c0]  2848 bytes
[MachCode]
  0x000001f374c9cba0: 488b 4b08 | 0fb7 492e | 584c 8d74 | ccf8 6800 | 0000 0068 | 0000 0000 | 5055 488b | ec41 5568 
  0x000001f374c9cbc0: 0000 0000 | 4c8b 6b08 | 4d8d 6d38 | 5348 8b53 | 0848 8b52 | 0848 8b52 | 1848 8b52 | 7048 8b12 
  0x000001f374c9cbe0: 5248 8b53 | 1048 85d2 | 0f84 0700 | 0000 4881 | c210 0100 | 0052 488b | 5308 488b | 5208 488b 
  0x000001f374c9cc00: 5210 5249 | 8bc6 482b | c548 c1e8 | 0350 6800 | 0000 0068 | f7ff ffff | 41c6 8781 | 0400 0001 
  0x000001f374c9cc20: 488b 4310 | 4885 c074 | 208b 88cc | 0000 0083 | c102 8988 | cc00 0000 | 2388 e000 | 0000 0f84 
  0x000001f374c9cc40: cb09 0000 | e9cf 0000 | 0048 8b43 | 1848 85c0 | 0f85 b000 | 0000 e805 | 0000 00e9 | 9900 0000 
  0x000001f374c9cc60: 488b d348 | 8d44 2408 | 4c89 6dc0 | 498b cfc5 | f877 4989 | afb0 0300 | 0049 8987 | a003 0000 
  0x000001f374c9cc80: 4883 ec20 | 40f6 c40f | 0f84 1900 | 0000 4883 | ec08 48b8 | a0a3 7773 | ff7f 0000 | ffd0 4883 
  0x000001f374c9cca0: c408 e90c | 0000 0048 | b8a0 a377 | 73ff 7f00 | 00ff d048 | 83c4 2049 | c787 a003 | 0000 0000 
  0x000001f374c9ccc0: 0000 49c7 | 87b0 0300 | 0000 0000 | 0049 c787 | a803 0000 | 0000 0000 | c5f8 7749 | 837f 0800 
  0x000001f374c9cce0: 0f84 0500 | 0000 e915 | 42ff ff4c | 8b6d c04c | 8b75 c84e | 8d74 f500 | c348 8b43 | 1848 85c0 
  0x000001f374c9cd00: 0f84 1200 | 0000 8b48 | 0883 c102 | 8948 0823 | 481c 0f84 | f708 0000 | 493b a7f0 | 0400 000f 
  0x000001f374c9cd20: 8748 0000 | 0089 8424 | 00f0 ffff | 8984 2400 | e0ff ff89 | 8424 00d0 | ffff 8984 | 2400 c0ff 
  0x000001f374c9cd40: ff89 8424 | 00b0 ffff | 8984 2400 | a0ff ff89 | 8424 0090 | ffff 8984 | 2400 80ff | ff49 3ba7 
  0x000001f374c9cd60: e804 0000 | 7607 4989 | a7f0 0400 | 0041 c687 | 8104 0000 | 0049 ba9c | 30fe 73ff | 7f00 0041 
  0x000001f374c9cd80: 803a 000f | 843e 0000 | 0048 8b55 | e849 8bcf | 4883 ec20 | 40f6 c40f | 0f84 1900 | 0000 4883 
  0x000001f374c9cda0: ec08 48b8 | 40b5 ae73 | ff7f 0000 | ffd0 4883 | c408 e90c | 0000 0048 | b840 b5ae | 73ff 7f00 
  0x000001f374c9cdc0: 00ff d048 | 83c4 2048 | 8b5d e84c | 8b5b 0845 | 0fb7 5b2e | 41c1 e303 | 492b e348 | 83ec 2048 
  0x000001f374c9cde0: 83e4 f04c | 8b5b 604d | 85db 0f85 | ab00 0000 | e805 0000 | 00e9 9900 | 0000 488b | d348 8d44 
  0x000001f374c9ce00: 2408 4c89 | 6dc0 498b | cfc5 f877 | 4989 afb0 | 0300 0049 | 8987 a003 | 0000 4883 | ec20 40f6 
  0x000001f374c9ce20: c40f 0f84 | 1900 0000 | 4883 ec08 | 48b8 c0ca | 7773 ff7f | 0000 ffd0 | 4883 c408 | e90c 0000 
  0x000001f374c9ce40: 0048 b8c0 | ca77 73ff | 7f00 00ff | d048 83c4 | 2049 c787 | a003 0000 | 0000 0000 | 49c7 87b0 
  0x000001f374c9ce60: 0300 0000 | 0000 0049 | c787 a803 | 0000 0000 | 0000 c5f8 | 7749 837f | 0800 0f84 | 0500 0000 
  0x000001f374c9ce80: e97b 40ff | ff4c 8b6d | c04c 8b75 | c84e 8d74 | f500 c348 | 8b5d e84c | 8b5b 6041 | ffd3 488b 
  0x000001f374c9cea0: 5de8 4889 | 4518 448b | 5b28 41f6 | c308 0f84 | 1b00 0000 | 4c8b 5b08 | 4d8b 5b08 | 4d8b 5b18 
  0x000001f374c9cec0: 4d8b 5b70 | 4d8b 1b4c | 895d 1048 | 8d55 1048 | 8b43 5849 | ba40 0caf | 73ff 7f00 | 0049 3bc2 
  0x000001f374c9cee0: 0f85 ab00 | 0000 e805 | 0000 00e9 | 9900 0000 | 488b d348 | 8d44 2408 | 4c89 6dc0 | 498b cfc5 
  0x000001f374c9cf00: f877 4989 | afb0 0300 | 0049 8987 | a003 0000 | 4883 ec20 | 40f6 c40f | 0f84 1900 | 0000 4883 
  0x000001f374c9cf20: ec08 48b8 | c0ca 7773 | ff7f 0000 | ffd0 4883 | c408 e90c | 0000 0048 | b8c0 ca77 | 73ff 7f00 
  0x000001f374c9cf40: 00ff d048 | 83c4 2049 | c787 a003 | 0000 0000 | 0000 49c7 | 87b0 0300 | 0000 0000 | 0049 c787 
  0x000001f374c9cf60: a803 0000 | 0000 0000 | c5f8 7749 | 837f 0800 | 0f84 0500 | 0000 e985 | 3fff ff4c | 8b6d c04c 
  0x000001f374c9cf80: 8b75 c84e | 8d74 f500 | c348 8b5d | e848 8b43 | 5849 8d8f | c003 0000 | c5f8 7749 | 89af b003 
  0x000001f374c9cfa0: 0000 49ba | 98cf c974 | f301 0000 | 4d89 97a8 | 0300 0049 | 89a7 a003 | 0000 41c7 | 8754 0400 
  0x000001f374c9cfc0: 0004 0000 | 00ff d0c5 | f877 4883 | ec10 c5fb | 1104 2448 | 83ec 1048 | 8904 2448 | c744 2408 
  0x000001f374c9cfe0: 0000 0000 | 41c7 8754 | 0400 0005 | 0000 00f0 | 8344 24c0 | 0049 3baf | 5804 0000 | 0f87 0e00 
  0x000001f374c9d000: 0000 4183 | bf50 0400 | 0000 0f84 | 2000 0000 | 498b cf4c | 8be4 4883 | ec20 4883 | e4f0 48b8 
  0x000001f374c9d020: d01e 7973 | ff7f 0000 | ffd0 498b | e44d 33e4 | 41c7 8754 | 0400 0008 | 0000 0049 | c787 a003 
  0x000001f374c9d040: 0000 0000 | 0000 49c7 | 87b0 0300 | 0000 0000 | 0049 c787 | a803 0000 | 0000 0000 | c5f8 774d 
  0x000001f374c9d060: 8b9f 3004 | 0000 41c7 | 8300 0100 | 0000 0000 | 0049 bb1a | a5c9 74f3 | 0100 004c | 3b5d 180f 
  0x000001f374c9d080: 8524 0200 | 0048 8b04 | 2448 83c4 | 1048 85c0 | 0f84 fe01 | 0000 a803 | 0f85 0800 | 0000 488b 
  0x000001f374c9d0a0: 00e9 ee01 | 0000 a801 | 0f85 0900 | 0000 488b | 40fe e9dd | 0100 0048 | 8b40 ff41 | 807f 3800 
  0x000001f374c9d0c0: 0f84 ce01 | 0000 4883 | f800 0f84 | c401 0000 | 4d8b 5f28 | 4983 fb00 | 0f84 1400 | 0000 4983 
  0x000001f374c9d0e0: eb08 4d89 | 5f28 4d03 | 5f30 4989 | 03e9 a201 | 0000 4881 | ecd0 0000 | 0048 8904 | 2448 894c 
  0x000001f374c9d100: 2408 4889 | 5424 1048 | 8974 2418 | 4889 7c24 | 204c 8944 | 2428 4c89 | 4c24 304c | 8954 2438 
  0x000001f374c9d120: 4c89 5c24 | 40c5 fb11 | 4424 50c5 | fb11 4c24 | 58c5 fb11 | 5424 60c5 | fb11 5c24 | 68c5 fb11 
  0x000001f374c9d140: 6424 70c5 | fb11 6c24 | 78c5 fb11 | b424 8000 | 0000 c5fb | 11bc 2488 | 0000 00c5 | 7b11 8424 
  0x000001f374c9d160: 9000 0000 | c57b 118c | 2498 0000 | 00c5 7b11 | 9424 a000 | 0000 c57b | 119c 24a8 | 0000 00c5 
  0x000001f374c9d180: 7b11 a424 | b000 0000 | c57b 11ac | 24b8 0000 | 00c5 7b11 | b424 c000 | 0000 c57b | 11bc 24c8 
  0x000001f374c9d1a0: 0000 0049 | 8bd7 488b | c848 83ec | 2040 f6c4 | 0f0f 8419 | 0000 0048 | 83ec 0848 | b8e0 3e6c 
  0x000001f374c9d1c0: 73ff 7f00 | 00ff d048 | 83c4 08e9 | 0c00 0000 | 48b8 e03e | 6c73 ff7f | 0000 ffd0 | 4883 c420 
  0x000001f374c9d1e0: c57b 10bc | 24c8 0000 | 00c5 7b10 | b424 c000 | 0000 c57b | 10ac 24b8 | 0000 00c5 | 7b10 a424 
  0x000001f374c9d200: b000 0000 | c57b 109c | 24a8 0000 | 00c5 7b10 | 9424 a000 | 0000 c57b | 108c 2498 | 0000 00c5 
  0x000001f374c9d220: 7b10 8424 | 9000 0000 | c5fb 10bc | 2488 0000 | 00c5 fb10 | b424 8000 | 0000 c5fb | 106c 2478 
  0x000001f374c9d240: c5fb 1064 | 2470 c5fb | 105c 2468 | c5fb 1054 | 2460 c5fb | 104c 2458 | c5fb 1044 | 2450 4c8b 
  0x000001f374c9d260: 5c24 404c | 8b54 2438 | 4c8b 4c24 | 304c 8b44 | 2428 488b | 7c24 2048 | 8b74 2418 | 488b 5424 
  0x000001f374c9d280: 1048 8b4c | 2408 488b | 0424 4881 | c4d0 0000 | 00c5 f877 | 4889 4510 | 4883 ec10 | 4889 0424 
  0x000001f374c9d2a0: 48c7 4424 | 0800 0000 | 0041 83bf | d004 0000 | 020f 85bf | 0000 0048 | 81ec 8000 | 0000 4889 
  0x000001f374c9d2c0: 4424 7848 | 894c 2470 | 4889 5424 | 6848 895c | 2460 4889 | 6c24 5048 | 8974 2448 | 4889 7c24 
  0x000001f374c9d2e0: 404c 8944 | 2438 4c89 | 4c24 304c | 8954 2428 | 4c89 5c24 | 204c 8964 | 2418 4c89 | 6c24 104c 
  0x000001f374c9d300: 8974 2408 | 4c89 3c24 | 4c8b e448 | 83ec 2048 | 83e4 f048 | b890 edae | 73ff 7f00 | 00ff d049 
  0x000001f374c9d320: 8be4 4c8b | 3c24 4c8b | 7424 084c | 8b6c 2410 | 4c8b 6424 | 184c 8b5c | 2420 4c8b | 5424 284c 
  0x000001f374c9d340: 8b4c 2430 | 4c8b 4424 | 3848 8b7c | 2440 488b | 7424 4848 | 8b6c 2450 | 488b 5c24 | 6048 8b54 
  0x000001f374c9d360: 2468 488b | 4c24 7048 | 8b44 2478 | 4881 c480 | 0000 004d | 33e4 488b | 5de8 4c8b | 6b08 4d8d 
  0x000001f374c9d380: 6d38 4983 | 7f08 000f | 84bb 0000 | 00e8 0500 | 0000 e996 | 0000 0048 | 8d44 2408 | 4c89 6dc0 
  0x000001f374c9d3a0: 498b cfc5 | f877 4989 | afb0 0300 | 0049 8987 | a003 0000 | 4883 ec20 | 40f6 c40f | 0f84 1900 
  0x000001f374c9d3c0: 0000 4883 | ec08 48b8 | 00e9 7773 | ff7f 0000 | ffd0 4883 | c408 e90c | 0000 0048 | b800 e977 
  0x000001f374c9d3e0: 73ff 7f00 | 00ff d048 | 83c4 2049 | c787 a003 | 0000 0000 | 0000 49c7 | 87b0 0300 | 0000 0000 
  0x000001f374c9d400: 0049 c787 | a803 0000 | 0000 0000 | c5f8 7749 | 837f 0800 | 0f84 0500 | 0000 e9e1 | 3aff ff4c 
  0x000001f374c9d420: 8b6d c04c | 8b75 c84e | 8d74 f500 | c348 b9d0 | 18d6 73ff | 7f00 0048 | 83e4 f048 | b8c0 949d 
  0x000001f374c9d440: 73ff 7f00 | 00ff d0f4 | 448b 5b28 | 41f6 c320 | 0f84 4401 | 0000 488d | 55a8 4c8b | 5a08 4d85 
  0x000001f374c9d460: db0f 85bb | 0000 00e8 | 0500 0000 | e996 0000 | 0048 8d44 | 2408 4c89 | 6dc0 498b | cfc5 f877 
  0x000001f374c9d480: 4989 afb0 | 0300 0049 | 8987 a003 | 0000 4883 | ec20 40f6 | c40f 0f84 | 1900 0000 | 4883 ec08 
  0x000001f374c9d4a0: 48b8 30e8 | 7773 ff7f | 0000 ffd0 | 4883 c408 | e90c 0000 | 0048 b830 | e877 73ff | 7f00 00ff 
  0x000001f374c9d4c0: d048 83c4 | 2049 c787 | a003 0000 | 0000 0000 | 49c7 87b0 | 0300 0000 | 0000 0049 | c787 a803 
  0x000001f374c9d4e0: 0000 0000 | 0000 c5f8 | 7749 837f | 0800 0f84 | 0500 0000 | e907 3aff | ff4c 8b6d | c04c 8b75 
  0x000001f374c9d500: c84e 8d74 | f500 c348 | b9d0 18d6 | 73ff 7f00 | 0048 83e4 | f048 b8c0 | 949d 73ff | 7f00 00ff 
  0x000001f374c9d520: d0f4 4c89 | 6dc0 488d | 024c 8b4a | 0848 c742 | 0800 0000 | 004c 8b00 | 4d85 c00f | 840b 0000 
  0x000001f374c9d540: 00f0 4d0f | b101 0f85 | 0c00 0000 | 49ff 8f58 | 0500 00e9 | 3e00 0000 | 4c89 4a08 | 488b ca48 
  0x000001f374c9d560: 83ec 2040 | f6c4 0f0f | 8419 0000 | 0048 83ec | 0848 b8c0 | ba77 73ff | 7f00 00ff | d048 83c4 
  0x000001f374c9d580: 08e9 0c00 | 0000 48b8 | c0ba 7773 | ff7f 0000 | ffd0 4883 | c420 4c8b | 6dc0 49ba | 9c30 fe73 
  0x000001f374c9d5a0: ff7f 0000 | 4180 3a00 | 0f84 3e00 | 0000 488b | 55e8 498b | cf48 83ec | 2040 f6c4 | 0f0f 8419 
  0x000001f374c9d5c0: 0000 0048 | 83ec 0848 | b840 b5ae | 73ff 7f00 | 00ff d048 | 83c4 08e9 | 0c00 0000 | 48b8 40b5 
  0x000001f374c9d5e0: ae73 ff7f | 0000 ffd0 | 4883 c420 | 488b 0424 | 4883 c410 | c5fb 1004 | 2448 83c4 | 104c 8b5d 
  0x000001f374c9d600: 1841 ffd3 | 4c8b 5df8 | c95f 498b | e3ff e7ba | 0000 0000 | e805 0000 | 00e9 9600 | 0000 488d 
  0x000001f374c9d620: 4424 084c | 896d c049 | 8bcf c5f8 | 7749 89af | b003 0000 | 4989 87a0 | 0300 0048 | 83ec 2040 
  0x000001f374c9d640: f6c4 0f0f | 8419 0000 | 0048 83ec | 0848 b880 | ae77 73ff | 7f00 00ff | d048 83c4 | 08e9 0c00 
  0x000001f374c9d660: 0000 48b8 | 80ae 7773 | ff7f 0000 | ffd0 4883 | c420 49c7 | 87a0 0300 | 0000 0000 | 0049 c787 
  0x000001f374c9d680: b003 0000 | 0000 0000 | 49c7 87a8 | 0300 0000 | 0000 00c5 | f877 4983 | 7f08 000f | 8405 0000 
  0x000001f374c9d6a0: 00e9 5a38 | ffff 4c8b | 6dc0 4c8b | 75c8 4e8d | 74f5 00c3 | 488b 5de8 | e95b f6ff | ff66 6690 
[/MachCode]

Compiled method (n/a) 6059  777     n 0       jdk.internal.vm.Continuation::enterSpecial (native)
 total in heap  [0x000001f375277410,0x000001f3752777b0] = 928
 relocation     [0x000001f375277568,0x000001f375277590] = 40
 main code      [0x000001f3752775a0,0x000001f375277790] = 496
 stub code      [0x000001f375277790,0x000001f3752777b0] = 32

[Constant Pool (empty)]

[MachCode]
[Entry Point]
  # {method} {0x000001f30a069c08} 'enterSpecial' '(Ljdk/internal/vm/Continuation;ZZ)V' in 'jdk/internal/vm/Continuation'
  # parm0:    rdx:rdx   = 'jdk/internal/vm/Continuation'
  # parm1:    r8        = boolean
  # parm2:    r9        = boolean
  #           [sp+0x50]  (sp of caller)
  0x000001f3752775a0: 5848 8b54 | 2410 448b | 4424 0844 | 8b0c 2448 | 83e4 f050 | 493b a748 | 0500 0076 | 0749 89a7 
  0x000001f3752775c0: 4805 0000 | 5548 8bec | 4883 ec40 | 498b 8740 | 0500 0048 | 8944 2408 | 4989 a740 | 0500 0048 
  0x000001f3752775e0: 8954 2410 | 4489 4c24 | 2048 c744 | 2418 0000 | 0000 c744 | 2424 0000 | 0000 c744 | 2438 0000 
  0x000001f375277600: 0000 498b | 8748 0500 | 0048 8944 | 2428 498b | 8758 0500 | 0048 8944 | 2430 49c7 | 8748 0500 
  0x000001f375277620: 0000 0000 | 0049 c787 | 5805 0000 | 0000 0000 | 4d85 c00f | 85ad 0000 | 0066 0f1f 

  0x000001f37527763c: ;   {static_call}
  0x000001f37527763c: 4400 00e8 | 3c7a a6ff 

  0x000001f375277644: ;   {other}
  0x000001f375277644: 0f1f 8400 | 3402 0000 | e9a2 0000 | 000f 1f84 | 0000 0000 | 000f 1f80 | 0000 0000 
[Verified Entry Point]
  0x000001f375277660: 5548 8bec | 4883 ec40 | 498b 8740 | 0500 0048 | 8944 2408 | 4989 a740 | 0500 0048 | 8954 2410 
  0x000001f375277680: 4489 4c24 | 2048 c744 | 2418 0000 | 0000 c744 | 2424 0000 | 0000 c744 | 2438 0000 | 0000 498b 
  0x000001f3752776a0: 8748 0500 | 0048 8944 | 2428 498b | 8758 0500 | 0048 8944 | 2430 49c7 | 8748 0500 | 0000 0000 
  0x000001f3752776c0: 0049 c787 | 5805 0000 | 0000 0000 | 4d85 c075 | 1566 0f1f 

  0x000001f3752776d4: ;   {static_call}
  0x000001f3752776d4: 4400 00e8 | c300 0000 

  0x000001f3752776dc: ;   {other}
  0x000001f3752776dc: 0f1f 8400 | cc02 0001 

  0x000001f3752776e4: ;   {runtime_call StubRoutines (continuation stubs)}
  0x000001f3752776e4: eb0d e895 

  0x000001f3752776e8: ; ImmutableOopMap {}
                      ;   {other}
  0x000001f3752776e8: f5a1 ff0f | 1f84 00db | 0200 0248 | 8b5c 2428 | 4989 9f48 | 0500 0048 | 8b5c 2430 | 4989 9f58 
  0x000001f375277708: 0500 0048 | 8b5c 2408 | 4989 9f40 | 0500 0048 | 83c4 405d | c348 8b5c | 2428 4989 | 9f48 0500 
  0x000001f375277728: 0048 8b5c | 2430 4989 | 9f58 0500 | 0048 8b5c | 2408 4989 | 9f40 0500 | 0048 83c4 | 405d 498b 
  0x000001f375277748: cf48 8b14 | 2450 4883 | ec20 40f6 | c40f 0f84 | 1900 0000 | 4883 ec08 

  0x000001f375277760: ;   {runtime_call}
  0x000001f375277760: 48b8 00b6 | ae73 ff7f | 0000 ffd0 | 4883 c408 | e90c 0000 

  0x000001f375277774: ;   {runtime_call}
  0x000001f375277774: 0048 b800 | b6ae 73ff | 7f00 00ff | d048 83c4 | 2048 8bd8 | 585a ffe3 | f4f4 f4f4 
[Stub Code]
  0x000001f375277790: ;   {no_reloc}
  0x000001f375277790: 48bb 0000 | 0000 0000 

  0x000001f375277798: ;   {runtime_call}
  0x000001f375277798: 0000 e9fb 

  0x000001f37527779c: ;   {static_stub}
  0x000001f37527779c: ffff ff48 | bba8 9b06 | 0af3 0100 

  0x000001f3752777a8: ;   {runtime_call I2C/C2I adapters}
  0x000001f3752777a8: 00e9 b9c5 | a6ff f4f4 
[/MachCode]


---------------  P R O C E S S  ---------------

Threads class SMR info:
_java_thread_list=0x000001f35041a2d0, length=15, elements={
0x000001f363165bd0, 0x000001f34f01b300, 0x000001f34f01be30, 0x000001f34f024a90,
0x000001f34f025100, 0x000001f34f026270, 0x000001f34f02d4a0, 0x000001f34f033b30,
0x000001f34f058210, 0x000001f34f11f9c0, 0x000001f34fbc8d30, 0x000001f34fbc93a0,
0x000001f3503fb9f0, 0x000001f34fa5db50, 0x000001f34fa5e500
}

Java Threads: ( => current thread )
  0x000001f363165bd0 JavaThread "main"                              [_thread_in_native, id=604, stack(0x000000ae91100000,0x000000ae91200000) (1024K)]
  0x000001f34f01b300 JavaThread "Reference Handler"          daemon [_thread_blocked, id=23676, stack(0x000000ae91900000,0x000000ae91a00000) (1024K)]
  0x000001f34f01be30 JavaThread "Finalizer"                  daemon [_thread_blocked, id=9588, stack(0x000000ae91a00000,0x000000ae91b00000) (1024K)]
  0x000001f34f024a90 JavaThread "Signal Dispatcher"          daemon [_thread_blocked, id=11872, stack(0x000000ae91b00000,0x000000ae91c00000) (1024K)]
  0x000001f34f025100 JavaThread "Attach Listener"            daemon [_thread_blocked, id=10484, stack(0x000000ae91c00000,0x000000ae91d00000) (1024K)]
  0x000001f34f026270 JavaThread "Service Thread"             daemon [_thread_blocked, id=23664, stack(0x000000ae91d00000,0x000000ae91e00000) (1024K)]
  0x000001f34f02d4a0 JavaThread "Monitor Deflation Thread"   daemon [_thread_blocked, id=19912, stack(0x000000ae91e00000,0x000000ae91f00000) (1024K)]
  0x000001f34f033b30 JavaThread "C2 CompilerThread0"         daemon [_thread_blocked, id=17112, stack(0x000000ae91f00000,0x000000ae92000000) (1024K)]
  0x000001f34f058210 JavaThread "C1 CompilerThread0"         daemon [_thread_blocked, id=8680, stack(0x000000ae92000000,0x000000ae92100000) (1024K)]
  0x000001f34f11f9c0 JavaThread "Common-Cleaner"             daemon [_thread_blocked, id=16676, stack(0x000000ae92100000,0x000000ae92200000) (1024K)]
  0x000001f34fbc8d30 JavaThread "Monitor Ctrl-Break"         daemon [_thread_in_native, id=5424, stack(0x000000ae92300000,0x000000ae92400000) (1024K)]
  0x000001f34fbc93a0 JavaThread "Notification Thread"        daemon [_thread_blocked, id=16904, stack(0x000000ae92400000,0x000000ae92500000) (1024K)]
  0x000001f3503fb9f0 JavaThread "Java Sound Event Dispatcher" daemon [_thread_blocked, id=23192, stack(0x000000ae92600000,0x000000ae92700000) (1024K)]
=>0x000001f34fa5db50 JavaThread "ForkJoinPool-1-worker-1"    daemon [_thread_in_native, id=2492, stack(0x000000ae92c00000,0x000000ae92d00000) (1024K)]
  0x000001f34fa5e500 JavaThread "ForkJoinPool-1-worker-2"    daemon [_thread_blocked, id=13380, stack(0x000000ae92d00000,0x000000ae92e00000) (1024K)]
Total: 15

Other Threads:
  0x000001f37eead130 VMThread "VM Thread"                           [id=2528, stack(0x000000ae91800000,0x000000ae91900000) (1024K)]
  0x000001f37ee968e0 WatcherThread "VM Periodic Task Thread"        [id=13948, stack(0x000000ae91700000,0x000000ae91800000) (1024K)]
  0x000001f37eceff10 WorkerThread "GC Thread#0"                     [id=1052, stack(0x000000ae91200000,0x000000ae91300000) (1024K)]
  0x000001f3654a0740 ConcurrentGCThread "G1 Main Marker"            [id=6972, stack(0x000000ae91300000,0x000000ae91400000) (1024K)]
  0x000001f3654a1160 WorkerThread "G1 Conc#0"                       [id=9980, stack(0x000000ae91400000,0x000000ae91500000) (1024K)]
  0x000001f3654dea00 ConcurrentGCThread "G1 Refine#0"               [id=10224, stack(0x000000ae91500000,0x000000ae91600000) (1024K)]
  0x000001f37ed5b1f0 ConcurrentGCThread "G1 Service"                [id=15712, stack(0x000000ae91600000,0x000000ae91700000) (1024K)]
Total: 7

Threads with active compile tasks:
Total: 0

VM state: not at safepoint (normal execution)

VM Mutex/Monitor currently owned by a thread: None

Heap address: 0x0000000600c00000, size: 8180 MB, Compressed Oops mode: Zero based, Oop shift amount: 3

CDS archive(s) mapped at: [0x000001f30a000000-0x000001f30ac50000-0x000001f30ac50000), size 12910592, SharedBaseAddress: 0x000001f30a000000, ArchiveRelocationMode: 1.
Compressed class space mapped at: 0x000001f30b000000-0x000001f34b000000, reserved size: 1073741824
Narrow klass base: 0x000001f30a000000, Narrow klass shift: 0, Narrow klass range: 0x41000000

GC Precious Log:
 CardTable entry size: 512
 Card Set container configuration: InlinePtr #cards 4 size 8 Array Of Cards #cards 32 size 80 Howl #buckets 8 coarsen threshold 7372 Howl Bitmap #cards 1024 size 144 coarsen threshold 921 Card regions per heap region 1 cards per card region 8192
 CPUs: 12 total, 12 available
 Memory: 32704M
 Large Page Support: Disabled
 NUMA Support: Disabled
 Compressed Oops: Enabled (Zero based)
 Heap Region Size: 4M
 Heap Min Capacity: 8M
 Heap Initial Capacity: 512M
 Heap Max Capacity: 8180M
 Pre-touch: Disabled
 Parallel Workers: 10
 Concurrent Workers: 3
 Concurrent Refinement Workers: 10
 Periodic GC: Disabled

Heap:
 garbage-first heap   total reserved 8376320K, committed 524288K, used 20480K [0x0000000600c00000, 0x0000000800000000)
  region size 4096K, 4 young (16384K), 0 survivors (0K)
 Metaspace       used 2319K, committed 2432K, reserved 1114112K
  class space    used 220K, committed 256K, reserved 1048576K

Heap Regions: E=young(eden), S=young(survivor), O=old, HS=humongous(starts), HC=humongous(continues), CS=collection set, F=free, TAMS=top-at-mark-start, PB=parsable bottom
|   0|0x0000000600c00000, 0x0000000601000000, 0x0000000601000000|100%|HS|  |TAMS 0x0000000600c00000| PB 0x0000000600c00000| Complete |  0
|   1|0x0000000601000000, 0x0000000601400000, 0x0000000601400000|100%|HS|  |TAMS 0x0000000601000000| PB 0x0000000601000000| Complete |  0
|   2|0x0000000601400000, 0x0000000601400000, 0x0000000601800000|  0%| F|  |TAMS 0x0000000601400000| PB 0x0000000601400000| Untracked |  0
|   3|0x0000000601800000, 0x0000000601800000, 0x0000000601c00000|  0%| F|  |TAMS 0x0000000601800000| PB 0x0000000601800000| Untracked |  0
|   4|0x0000000601c00000, 0x0000000601c00000, 0x0000000602000000|  0%| F|  |TAMS 0x0000000601c00000| PB 0x0000000601c00000| Untracked |  0
|   5|0x0000000602000000, 0x0000000602000000, 0x0000000602400000|  0%| F|  |TAMS 0x0000000602000000| PB 0x0000000602000000| Untracked |  0
|   6|0x0000000602400000, 0x0000000602400000, 0x0000000602800000|  0%| F|  |TAMS 0x0000000602400000| PB 0x0000000602400000| Untracked |  0
|   7|0x0000000602800000, 0x0000000602800000, 0x0000000602c00000|  0%| F|  |TAMS 0x0000000602800000| PB 0x0000000602800000| Untracked |  0
|   8|0x0000000602c00000, 0x0000000602c00000, 0x0000000603000000|  0%| F|  |TAMS 0x0000000602c00000| PB 0x0000000602c00000| Untracked |  0
|   9|0x0000000603000000, 0x0000000603000000, 0x0000000603400000|  0%| F|  |TAMS 0x0000000603000000| PB 0x0000000603000000| Untracked |  0
|  10|0x0000000603400000, 0x0000000603400000, 0x0000000603800000|  0%| F|  |TAMS 0x0000000603400000| PB 0x0000000603400000| Untracked |  0
|  11|0x0000000603800000, 0x0000000603800000, 0x0000000603c00000|  0%| F|  |TAMS 0x0000000603800000| PB 0x0000000603800000| Untracked |  0
|  12|0x0000000603c00000, 0x0000000603c00000, 0x0000000604000000|  0%| F|  |TAMS 0x0000000603c00000| PB 0x0000000603c00000| Untracked |  0
|  13|0x0000000604000000, 0x0000000604000000, 0x0000000604400000|  0%| F|  |TAMS 0x0000000604000000| PB 0x0000000604000000| Untracked |  0
|  14|0x0000000604400000, 0x0000000604400000, 0x0000000604800000|  0%| F|  |TAMS 0x0000000604400000| PB 0x0000000604400000| Untracked |  0
|  15|0x0000000604800000, 0x0000000604800000, 0x0000000604c00000|  0%| F|  |TAMS 0x0000000604800000| PB 0x0000000604800000| Untracked |  0
|  16|0x0000000604c00000, 0x0000000604c00000, 0x0000000605000000|  0%| F|  |TAMS 0x0000000604c00000| PB 0x0000000604c00000| Untracked |  0
|  17|0x0000000605000000, 0x0000000605000000, 0x0000000605400000|  0%| F|  |TAMS 0x0000000605000000| PB 0x0000000605000000| Untracked |  0
|  18|0x0000000605400000, 0x0000000605400000, 0x0000000605800000|  0%| F|  |TAMS 0x0000000605400000| PB 0x0000000605400000| Untracked |  0
|  19|0x0000000605800000, 0x0000000605800000, 0x0000000605c00000|  0%| F|  |TAMS 0x0000000605800000| PB 0x0000000605800000| Untracked |  0
|  20|0x0000000605c00000, 0x0000000605c00000, 0x0000000606000000|  0%| F|  |TAMS 0x0000000605c00000| PB 0x0000000605c00000| Untracked |  0
|  21|0x0000000606000000, 0x0000000606000000, 0x0000000606400000|  0%| F|  |TAMS 0x0000000606000000| PB 0x0000000606000000| Untracked |  0
|  22|0x0000000606400000, 0x0000000606400000, 0x0000000606800000|  0%| F|  |TAMS 0x0000000606400000| PB 0x0000000606400000| Untracked |  0
|  23|0x0000000606800000, 0x0000000606800000, 0x0000000606c00000|  0%| F|  |TAMS 0x0000000606800000| PB 0x0000000606800000| Untracked |  0
|  24|0x0000000606c00000, 0x0000000606c00000, 0x0000000607000000|  0%| F|  |TAMS 0x0000000606c00000| PB 0x0000000606c00000| Untracked |  0
|  25|0x0000000607000000, 0x0000000607000000, 0x0000000607400000|  0%| F|  |TAMS 0x0000000607000000| PB 0x0000000607000000| Untracked |  0
|  26|0x0000000607400000, 0x0000000607400000, 0x0000000607800000|  0%| F|  |TAMS 0x0000000607400000| PB 0x0000000607400000| Untracked |  0
|  27|0x0000000607800000, 0x0000000607800000, 0x0000000607c00000|  0%| F|  |TAMS 0x0000000607800000| PB 0x0000000607800000| Untracked |  0
|  28|0x0000000607c00000, 0x0000000607c00000, 0x0000000608000000|  0%| F|  |TAMS 0x0000000607c00000| PB 0x0000000607c00000| Untracked |  0
|  29|0x0000000608000000, 0x0000000608000000, 0x0000000608400000|  0%| F|  |TAMS 0x0000000608000000| PB 0x0000000608000000| Untracked |  0
|  30|0x0000000608400000, 0x0000000608400000, 0x0000000608800000|  0%| F|  |TAMS 0x0000000608400000| PB 0x0000000608400000| Untracked |  0
|  31|0x0000000608800000, 0x0000000608800000, 0x0000000608c00000|  0%| F|  |TAMS 0x0000000608800000| PB 0x0000000608800000| Untracked |  0
|  32|0x0000000608c00000, 0x0000000608c00000, 0x0000000609000000|  0%| F|  |TAMS 0x0000000608c00000| PB 0x0000000608c00000| Untracked |  0
|  33|0x0000000609000000, 0x0000000609000000, 0x0000000609400000|  0%| F|  |TAMS 0x0000000609000000| PB 0x0000000609000000| Untracked |  0
|  34|0x0000000609400000, 0x0000000609400000, 0x0000000609800000|  0%| F|  |TAMS 0x0000000609400000| PB 0x0000000609400000| Untracked |  0
|  35|0x0000000609800000, 0x0000000609800000, 0x0000000609c00000|  0%| F|  |TAMS 0x0000000609800000| PB 0x0000000609800000| Untracked |  0
|  36|0x0000000609c00000, 0x0000000609c00000, 0x000000060a000000|  0%| F|  |TAMS 0x0000000609c00000| PB 0x0000000609c00000| Untracked |  0
|  37|0x000000060a000000, 0x000000060a000000, 0x000000060a400000|  0%| F|  |TAMS 0x000000060a000000| PB 0x000000060a000000| Untracked |  0
|  38|0x000000060a400000, 0x000000060a400000, 0x000000060a800000|  0%| F|  |TAMS 0x000000060a400000| PB 0x000000060a400000| Untracked |  0
|  39|0x000000060a800000, 0x000000060a800000, 0x000000060ac00000|  0%| F|  |TAMS 0x000000060a800000| PB 0x000000060a800000| Untracked |  0
|  40|0x000000060ac00000, 0x000000060ac00000, 0x000000060b000000|  0%| F|  |TAMS 0x000000060ac00000| PB 0x000000060ac00000| Untracked |  0
|  41|0x000000060b000000, 0x000000060b000000, 0x000000060b400000|  0%| F|  |TAMS 0x000000060b000000| PB 0x000000060b000000| Untracked |  0
|  42|0x000000060b400000, 0x000000060b400000, 0x000000060b800000|  0%| F|  |TAMS 0x000000060b400000| PB 0x000000060b400000| Untracked |  0
|  43|0x000000060b800000, 0x000000060b800000, 0x000000060bc00000|  0%| F|  |TAMS 0x000000060b800000| PB 0x000000060b800000| Untracked |  0
|  44|0x000000060bc00000, 0x000000060bc00000, 0x000000060c000000|  0%| F|  |TAMS 0x000000060bc00000| PB 0x000000060bc00000| Untracked |  0
|  45|0x000000060c000000, 0x000000060c000000, 0x000000060c400000|  0%| F|  |TAMS 0x000000060c000000| PB 0x000000060c000000| Untracked |  0
|  46|0x000000060c400000, 0x000000060c400000, 0x000000060c800000|  0%| F|  |TAMS 0x000000060c400000| PB 0x000000060c400000| Untracked |  0
|  47|0x000000060c800000, 0x000000060c800000, 0x000000060cc00000|  0%| F|  |TAMS 0x000000060c800000| PB 0x000000060c800000| Untracked |  0
|  48|0x000000060cc00000, 0x000000060cc00000, 0x000000060d000000|  0%| F|  |TAMS 0x000000060cc00000| PB 0x000000060cc00000| Untracked |  0
|  49|0x000000060d000000, 0x000000060d000000, 0x000000060d400000|  0%| F|  |TAMS 0x000000060d000000| PB 0x000000060d000000| Untracked |  0
|  50|0x000000060d400000, 0x000000060d400000, 0x000000060d800000|  0%| F|  |TAMS 0x000000060d400000| PB 0x000000060d400000| Untracked |  0
|  51|0x000000060d800000, 0x000000060d800000, 0x000000060dc00000|  0%| F|  |TAMS 0x000000060d800000| PB 0x000000060d800000| Untracked |  0
|  52|0x000000060dc00000, 0x000000060dc00000, 0x000000060e000000|  0%| F|  |TAMS 0x000000060dc00000| PB 0x000000060dc00000| Untracked |  0
|  53|0x000000060e000000, 0x000000060e000000, 0x000000060e400000|  0%| F|  |TAMS 0x000000060e000000| PB 0x000000060e000000| Untracked |  0
|  54|0x000000060e400000, 0x000000060e400000, 0x000000060e800000|  0%| F|  |TAMS 0x000000060e400000| PB 0x000000060e400000| Untracked |  0
|  55|0x000000060e800000, 0x000000060e800000, 0x000000060ec00000|  0%| F|  |TAMS 0x000000060e800000| PB 0x000000060e800000| Untracked |  0
|  56|0x000000060ec00000, 0x000000060ec00000, 0x000000060f000000|  0%| F|  |TAMS 0x000000060ec00000| PB 0x000000060ec00000| Untracked |  0
|  57|0x000000060f000000, 0x000000060f000000, 0x000000060f400000|  0%| F|  |TAMS 0x000000060f000000| PB 0x000000060f000000| Untracked |  0
|  58|0x000000060f400000, 0x000000060f400000, 0x000000060f800000|  0%| F|  |TAMS 0x000000060f400000| PB 0x000000060f400000| Untracked |  0
|  59|0x000000060f800000, 0x000000060f800000, 0x000000060fc00000|  0%| F|  |TAMS 0x000000060f800000| PB 0x000000060f800000| Untracked |  0
|  60|0x000000060fc00000, 0x000000060fc00000, 0x0000000610000000|  0%| F|  |TAMS 0x000000060fc00000| PB 0x000000060fc00000| Untracked |  0
|  61|0x0000000610000000, 0x0000000610000000, 0x0000000610400000|  0%| F|  |TAMS 0x0000000610000000| PB 0x0000000610000000| Untracked |  0
|  62|0x0000000610400000, 0x0000000610400000, 0x0000000610800000|  0%| F|  |TAMS 0x0000000610400000| PB 0x0000000610400000| Untracked |  0
|  63|0x0000000610800000, 0x0000000610800000, 0x0000000610c00000|  0%| F|  |TAMS 0x0000000610800000| PB 0x0000000610800000| Untracked |  0
|  64|0x0000000610c00000, 0x0000000610c00000, 0x0000000611000000|  0%| F|  |TAMS 0x0000000610c00000| PB 0x0000000610c00000| Untracked |  0
|  65|0x0000000611000000, 0x0000000611000000, 0x0000000611400000|  0%| F|  |TAMS 0x0000000611000000| PB 0x0000000611000000| Untracked |  0
|  66|0x0000000611400000, 0x0000000611400000, 0x0000000611800000|  0%| F|  |TAMS 0x0000000611400000| PB 0x0000000611400000| Untracked |  0
|  67|0x0000000611800000, 0x0000000611800000, 0x0000000611c00000|  0%| F|  |TAMS 0x0000000611800000| PB 0x0000000611800000| Untracked |  0
|  68|0x0000000611c00000, 0x0000000611c00000, 0x0000000612000000|  0%| F|  |TAMS 0x0000000611c00000| PB 0x0000000611c00000| Untracked |  0
|  69|0x0000000612000000, 0x0000000612000000, 0x0000000612400000|  0%| F|  |TAMS 0x0000000612000000| PB 0x0000000612000000| Untracked |  0
|  70|0x0000000612400000, 0x0000000612400000, 0x0000000612800000|  0%| F|  |TAMS 0x0000000612400000| PB 0x0000000612400000| Untracked |  0
|  71|0x0000000612800000, 0x0000000612800000, 0x0000000612c00000|  0%| F|  |TAMS 0x0000000612800000| PB 0x0000000612800000| Untracked |  0
|  72|0x0000000612c00000, 0x0000000612c00000, 0x0000000613000000|  0%| F|  |TAMS 0x0000000612c00000| PB 0x0000000612c00000| Untracked |  0
|  73|0x0000000613000000, 0x0000000613000000, 0x0000000613400000|  0%| F|  |TAMS 0x0000000613000000| PB 0x0000000613000000| Untracked |  0
|  74|0x0000000613400000, 0x0000000613400000, 0x0000000613800000|  0%| F|  |TAMS 0x0000000613400000| PB 0x0000000613400000| Untracked |  0
|  75|0x0000000613800000, 0x0000000613800000, 0x0000000613c00000|  0%| F|  |TAMS 0x0000000613800000| PB 0x0000000613800000| Untracked |  0
|  76|0x0000000613c00000, 0x0000000613c00000, 0x0000000614000000|  0%| F|  |TAMS 0x0000000613c00000| PB 0x0000000613c00000| Untracked |  0
|  77|0x0000000614000000, 0x0000000614000000, 0x0000000614400000|  0%| F|  |TAMS 0x0000000614000000| PB 0x0000000614000000| Untracked |  0
|  78|0x0000000614400000, 0x0000000614400000, 0x0000000614800000|  0%| F|  |TAMS 0x0000000614400000| PB 0x0000000614400000| Untracked |  0
|  79|0x0000000614800000, 0x0000000614800000, 0x0000000614c00000|  0%| F|  |TAMS 0x0000000614800000| PB 0x0000000614800000| Untracked |  0
|  80|0x0000000614c00000, 0x0000000614c00000, 0x0000000615000000|  0%| F|  |TAMS 0x0000000614c00000| PB 0x0000000614c00000| Untracked |  0
|  81|0x0000000615000000, 0x0000000615000000, 0x0000000615400000|  0%| F|  |TAMS 0x0000000615000000| PB 0x0000000615000000| Untracked |  0
|  82|0x0000000615400000, 0x0000000615400000, 0x0000000615800000|  0%| F|  |TAMS 0x0000000615400000| PB 0x0000000615400000| Untracked |  0
|  83|0x0000000615800000, 0x0000000615800000, 0x0000000615c00000|  0%| F|  |TAMS 0x0000000615800000| PB 0x0000000615800000| Untracked |  0
|  84|0x0000000615c00000, 0x0000000615c00000, 0x0000000616000000|  0%| F|  |TAMS 0x0000000615c00000| PB 0x0000000615c00000| Untracked |  0
|  85|0x0000000616000000, 0x0000000616000000, 0x0000000616400000|  0%| F|  |TAMS 0x0000000616000000| PB 0x0000000616000000| Untracked |  0
|  86|0x0000000616400000, 0x0000000616400000, 0x0000000616800000|  0%| F|  |TAMS 0x0000000616400000| PB 0x0000000616400000| Untracked |  0
|  87|0x0000000616800000, 0x0000000616800000, 0x0000000616c00000|  0%| F|  |TAMS 0x0000000616800000| PB 0x0000000616800000| Untracked |  0
|  88|0x0000000616c00000, 0x0000000616c00000, 0x0000000617000000|  0%| F|  |TAMS 0x0000000616c00000| PB 0x0000000616c00000| Untracked |  0
|  89|0x0000000617000000, 0x0000000617000000, 0x0000000617400000|  0%| F|  |TAMS 0x0000000617000000| PB 0x0000000617000000| Untracked |  0
|  90|0x0000000617400000, 0x0000000617400000, 0x0000000617800000|  0%| F|  |TAMS 0x0000000617400000| PB 0x0000000617400000| Untracked |  0
|  91|0x0000000617800000, 0x0000000617800000, 0x0000000617c00000|  0%| F|  |TAMS 0x0000000617800000| PB 0x0000000617800000| Untracked |  0
|  92|0x0000000617c00000, 0x0000000617c00000, 0x0000000618000000|  0%| F|  |TAMS 0x0000000617c00000| PB 0x0000000617c00000| Untracked |  0
|  93|0x0000000618000000, 0x0000000618000000, 0x0000000618400000|  0%| F|  |TAMS 0x0000000618000000| PB 0x0000000618000000| Untracked |  0
|  94|0x0000000618400000, 0x0000000618400000, 0x0000000618800000|  0%| F|  |TAMS 0x0000000618400000| PB 0x0000000618400000| Untracked |  0
|  95|0x0000000618800000, 0x0000000618800000, 0x0000000618c00000|  0%| F|  |TAMS 0x0000000618800000| PB 0x0000000618800000| Untracked |  0
|  96|0x0000000618c00000, 0x0000000618c00000, 0x0000000619000000|  0%| F|  |TAMS 0x0000000618c00000| PB 0x0000000618c00000| Untracked |  0
|  97|0x0000000619000000, 0x0000000619000000, 0x0000000619400000|  0%| F|  |TAMS 0x0000000619000000| PB 0x0000000619000000| Untracked |  0
|  98|0x0000000619400000, 0x0000000619400000, 0x0000000619800000|  0%| F|  |TAMS 0x0000000619400000| PB 0x0000000619400000| Untracked |  0
|  99|0x0000000619800000, 0x0000000619800000, 0x0000000619c00000|  0%| F|  |TAMS 0x0000000619800000| PB 0x0000000619800000| Untracked |  0
| 100|0x0000000619c00000, 0x0000000619c00000, 0x000000061a000000|  0%| F|  |TAMS 0x0000000619c00000| PB 0x0000000619c00000| Untracked |  0
| 101|0x000000061a000000, 0x000000061a000000, 0x000000061a400000|  0%| F|  |TAMS 0x000000061a000000| PB 0x000000061a000000| Untracked |  0
| 102|0x000000061a400000, 0x000000061a400000, 0x000000061a800000|  0%| F|  |TAMS 0x000000061a400000| PB 0x000000061a400000| Untracked |  0
| 103|0x000000061a800000, 0x000000061a800000, 0x000000061ac00000|  0%| F|  |TAMS 0x000000061a800000| PB 0x000000061a800000| Untracked |  0
| 104|0x000000061ac00000, 0x000000061ac00000, 0x000000061b000000|  0%| F|  |TAMS 0x000000061ac00000| PB 0x000000061ac00000| Untracked |  0
| 105|0x000000061b000000, 0x000000061b000000, 0x000000061b400000|  0%| F|  |TAMS 0x000000061b000000| PB 0x000000061b000000| Untracked |  0
| 106|0x000000061b400000, 0x000000061b400000, 0x000000061b800000|  0%| F|  |TAMS 0x000000061b400000| PB 0x000000061b400000| Untracked |  0
| 107|0x000000061b800000, 0x000000061b800000, 0x000000061bc00000|  0%| F|  |TAMS 0x000000061b800000| PB 0x000000061b800000| Untracked |  0
| 108|0x000000061bc00000, 0x000000061bc00000, 0x000000061c000000|  0%| F|  |TAMS 0x000000061bc00000| PB 0x000000061bc00000| Untracked |  0
| 109|0x000000061c000000, 0x000000061c000000, 0x000000061c400000|  0%| F|  |TAMS 0x000000061c000000| PB 0x000000061c000000| Untracked |  0
| 110|0x000000061c400000, 0x000000061c400000, 0x000000061c800000|  0%| F|  |TAMS 0x000000061c400000| PB 0x000000061c400000| Untracked |  0
| 111|0x000000061c800000, 0x000000061c800000, 0x000000061cc00000|  0%| F|  |TAMS 0x000000061c800000| PB 0x000000061c800000| Untracked |  0
| 112|0x000000061cc00000, 0x000000061cc00000, 0x000000061d000000|  0%| F|  |TAMS 0x000000061cc00000| PB 0x000000061cc00000| Untracked |  0
| 113|0x000000061d000000, 0x000000061d000000, 0x000000061d400000|  0%| F|  |TAMS 0x000000061d000000| PB 0x000000061d000000| Untracked |  0
| 114|0x000000061d400000, 0x000000061d400000, 0x000000061d800000|  0%| F|  |TAMS 0x000000061d400000| PB 0x000000061d400000| Untracked |  0
| 115|0x000000061d800000, 0x000000061d800000, 0x000000061dc00000|  0%| F|  |TAMS 0x000000061d800000| PB 0x000000061d800000| Untracked |  0
| 116|0x000000061dc00000, 0x000000061dc00000, 0x000000061e000000|  0%| F|  |TAMS 0x000000061dc00000| PB 0x000000061dc00000| Untracked |  0
| 117|0x000000061e000000, 0x000000061e000000, 0x000000061e400000|  0%| F|  |TAMS 0x000000061e000000| PB 0x000000061e000000| Untracked |  0
| 118|0x000000061e400000, 0x000000061e400000, 0x000000061e800000|  0%| F|  |TAMS 0x000000061e400000| PB 0x000000061e400000| Untracked |  0
| 119|0x000000061e800000, 0x000000061e800000, 0x000000061ec00000|  0%| F|  |TAMS 0x000000061e800000| PB 0x000000061e800000| Untracked |  0
| 120|0x000000061ec00000, 0x000000061ec00000, 0x000000061f000000|  0%| F|  |TAMS 0x000000061ec00000| PB 0x000000061ec00000| Untracked |  0
| 121|0x000000061f000000, 0x000000061f000000, 0x000000061f400000|  0%| F|  |TAMS 0x000000061f000000| PB 0x000000061f000000| Untracked |  0
| 122|0x000000061f400000, 0x000000061f400000, 0x000000061f800000|  0%| F|  |TAMS 0x000000061f400000| PB 0x000000061f400000| Untracked |  0
| 123|0x000000061f800000, 0x000000061f800000, 0x000000061fc00000|  0%| F|  |TAMS 0x000000061f800000| PB 0x000000061f800000| Untracked |  0
| 124|0x000000061fc00000, 0x000000061fdefae0, 0x0000000620000000| 48%| E|  |TAMS 0x000000061fc00000| PB 0x000000061fc00000| Complete |  0
| 125|0x0000000620000000, 0x0000000620400000, 0x0000000620400000|100%| E|CS|TAMS 0x0000000620000000| PB 0x0000000620000000| Complete |  0
| 126|0x0000000620400000, 0x0000000620800000, 0x0000000620800000|100%| E|CS|TAMS 0x0000000620400000| PB 0x0000000620400000| Complete |  0
| 127|0x0000000620800000, 0x0000000620c00000, 0x0000000620c00000|100%| E|CS|TAMS 0x0000000620800000| PB 0x0000000620800000| Complete |  0

Card table byte_map: [0x000001f37dcb0000,0x000001f37ecb0000] _byte_map_base: 0x000001f37acaa000

Marking Bits: (CMBitMap*) 0x000001f37ecf0620
 Bits: [0x000001f300000000, 0x000001f307fd0000)

Polling page: 0x000001f363350000

Metaspace:

Usage:
  Non-class:      2.05 MB used.
      Class:    220.99 KB used.
       Both:      2.27 MB used.

Virtual space:
  Non-class space:       64.00 MB reserved,       2.12 MB (  3%) committed,  1 nodes.
      Class space:        1.00 GB reserved,     256.00 KB ( <1%) committed,  1 nodes.
             Both:        1.06 GB reserved,       2.38 MB ( <1%) committed. 

Chunk freelists:
   Non-Class:  11.83 MB
       Class:  15.69 MB
        Both:  27.52 MB

MaxMetaspaceSize: unlimited
CompressedClassSpaceSize: 1.00 GB
Initial GC threshold: 21.00 MB
Current GC threshold: 21.00 MB
CDS: on
 - commit_granule_bytes: 65536.
 - commit_granule_words: 8192.
 - virtual_space_node_default_size: 8388608.
 - enlarge_chunks_in_place: 1.
 - use_allocation_guard: 0.


Internal statistics:

num_allocs_failed_limit: 0.
num_arena_births: 88.
num_arena_deaths: 0.
num_vsnodes_births: 2.
num_vsnodes_deaths: 0.
num_space_committed: 38.
num_space_uncommitted: 0.
num_chunks_returned_to_freelist: 0.
num_chunks_taken_from_freelist: 115.
num_chunk_merges: 0.
num_chunk_splits: 67.
num_chunks_enlarged: 26.
num_inconsistent_stats: 0.

CodeHeap 'non-profiled nmethods': size=120000Kb used=286Kb max_used=286Kb free=119714Kb
 bounds [0x000001f375230000, 0x000001f3754a0000, 0x000001f37c760000]
CodeHeap 'profiled nmethods': size=120000Kb used=1241Kb max_used=1241Kb free=118758Kb
 bounds [0x000001f36d760000, 0x000001f36d9d0000, 0x000001f374c90000]
CodeHeap 'non-nmethods': size=5760Kb used=1370Kb max_used=1374Kb free=4389Kb
 bounds [0x000001f374c90000, 0x000001f374f00000, 0x000001f375230000]
 total_blobs=1249 nmethods=777 adapters=377
 compilation: enabled
              stopped_count=0, restarted_count=0
 full_count=0

Compilation events (20 events):
Event: 5.920 Thread 0x000001f34f033b30 nmethod 771 0x000001f375276b10 code [0x000001f375276ca0, 0x000001f375276d78]
Event: 5.921 Thread 0x000001f34f058210 nmethod 766 0x000001f36d892f10 code [0x000001f36d893220, 0x000001f36d894020]
Event: 5.921 Thread 0x000001f34f058210  767       3       jdk.internal.org.objectweb.asm.SymbolTable::hash (15 bytes)
Event: 5.921 Thread 0x000001f34f058210 nmethod 767 0x000001f36d894410 code [0x000001f36d8945c0, 0x000001f36d894740]
Event: 5.921 Thread 0x000001f34f058210  768       3       java.lang.invoke.MemberName::flagsMods (45 bytes)
Event: 5.921 Thread 0x000001f34f058210 nmethod 768 0x000001f36d894890 code [0x000001f36d894a20, 0x000001f36d894b28]
Event: 5.921 Thread 0x000001f34f058210  769       3       java.lang.invoke.MemberName::init (53 bytes)
Event: 5.921 Thread 0x000001f34f058210 nmethod 769 0x000001f36d894b90 code [0x000001f36d894d40, 0x000001f36d894f88]
Event: 5.921 Thread 0x000001f34f058210  770       1       java.lang.invoke.DirectMethodHandle::internalMemberName (5 bytes)
Event: 5.921 Thread 0x000001f34f058210 nmethod 770 0x000001f375276e10 code [0x000001f375276fa0, 0x000001f375277070]
Event: 5.921 Thread 0x000001f34f058210  772       3       sun.invoke.util.BytecodeDescriptor::unparseSig (49 bytes)
Event: 5.922 Thread 0x000001f34f058210 nmethod 772 0x000001f36d895010 code [0x000001f36d895240, 0x000001f36d8956a8]
Event: 5.924 Thread 0x000001f34f058210  773       3       java.lang.reflect.Modifier::isProtected (12 bytes)
Event: 5.924 Thread 0x000001f34f058210 nmethod 773 0x000001f36d895910 code [0x000001f36d895aa0, 0x000001f36d895be0]
Event: 5.924 Thread 0x000001f34f058210  774       3       jdk.internal.org.objectweb.asm.Handler::getExceptionTableSize (10 bytes)
Event: 5.925 Thread 0x000001f34f058210 nmethod 774 0x000001f36d895c90 code [0x000001f36d895e40, 0x000001f36d896038]
Event: 5.925 Thread 0x000001f34f058210  776       3       jdk.internal.org.objectweb.asm.Handler::getExceptionTableLength (21 bytes)
Event: 5.925 Thread 0x000001f34f058210 nmethod 776 0x000001f36d896190 code [0x000001f36d896320, 0x000001f36d8964b8]
Event: 5.925 Thread 0x000001f34f058210  775       1       jdk.internal.org.objectweb.asm.MethodWriter::hasAsmInstructions (5 bytes)
Event: 5.925 Thread 0x000001f34f058210 nmethod 775 0x000001f375277110 code [0x000001f3752772a0, 0x000001f375277370]

GC Heap History (0 events):
No events

Dll operation events (12 events):
Event: 0.011 Loaded shared library C:\Users\Nico\.jdks\openjdk-22.0.1\bin\java.dll
Event: 0.045 Loaded shared library C:\Users\Nico\.jdks\openjdk-22.0.1\bin\jsvml.dll
Event: 0.175 Loaded shared library C:\Users\Nico\.jdks\openjdk-22.0.1\bin\zip.dll
Event: 0.179 Loaded shared library C:\Users\Nico\.jdks\openjdk-22.0.1\bin\instrument.dll
Event: 0.184 Loaded shared library C:\Users\Nico\.jdks\openjdk-22.0.1\bin\net.dll
Event: 0.186 Loaded shared library C:\Users\Nico\.jdks\openjdk-22.0.1\bin\nio.dll
Event: 0.189 Loaded shared library C:\Users\Nico\.jdks\openjdk-22.0.1\bin\zip.dll
Event: 0.322 Loaded shared library C:\Users\Nico\AppData\Local\Programs\IntelliJ IDEA Community Edition\bin\breakgen64.dll
Event: 0.330 Loaded shared library C:\Users\Nico\.jdks\openjdk-22.0.1\bin\extnet.dll
Event: 0.362 Loaded shared library C:\Users\Nico\.jdks\openjdk-22.0.1\bin\jimage.dll
Event: 0.382 Loaded shared library C:\Users\Nico\AppData\Local\Temp\whisper-jni-520010044615100\whisper-jni.dll
Event: 0.476 Loaded shared library C:\Users\Nico\.jdks\openjdk-22.0.1\bin\jsound.dll

Deoptimization events (20 events):
Event: 0.339 Thread 0x000001f363165bd0 Uncommon trap: trap_request=0xffffffc6 fr.pc=0x000001f375240f04 relative=0x0000000000000944
Event: 0.339 Thread 0x000001f363165bd0 Uncommon trap: reason=bimorphic_or_optimized_type_check action=maybe_recompile pc=0x000001f375240f04 method=java.util.HashMap.putVal(ILjava/lang/Object;Ljava/lang/Object;ZZ)Ljava/lang/Object; @ 56 c2
Event: 0.339 Thread 0x000001f363165bd0 DEOPT PACKING pc=0x000001f375240f04 sp=0x000000ae911fe7e0
Event: 0.339 Thread 0x000001f363165bd0 DEOPT UNPACKING pc=0x000001f374ce46a2 sp=0x000000ae911fe768 mode 2
Event: 0.339 Thread 0x000001f363165bd0 Uncommon trap: trap_request=0xffffffc6 fr.pc=0x000001f375240f4c relative=0x000000000000098c
Event: 0.339 Thread 0x000001f363165bd0 Uncommon trap: reason=bimorphic_or_optimized_type_check action=maybe_recompile pc=0x000001f375240f4c method=java.util.HashMap.putVal(ILjava/lang/Object;Ljava/lang/Object;ZZ)Ljava/lang/Object; @ 152 c2
Event: 0.339 Thread 0x000001f363165bd0 DEOPT PACKING pc=0x000001f375240f4c sp=0x000000ae911fe7e0
Event: 0.339 Thread 0x000001f363165bd0 DEOPT UNPACKING pc=0x000001f374ce46a2 sp=0x000000ae911fe770 mode 2
Event: 0.339 Thread 0x000001f363165bd0 Uncommon trap: trap_request=0xffffffc6 fr.pc=0x000001f375240f4c relative=0x000000000000098c
Event: 0.339 Thread 0x000001f363165bd0 Uncommon trap: reason=bimorphic_or_optimized_type_check action=maybe_recompile pc=0x000001f375240f4c method=java.util.HashMap.putVal(ILjava/lang/Object;Ljava/lang/Object;ZZ)Ljava/lang/Object; @ 152 c2
Event: 0.339 Thread 0x000001f363165bd0 DEOPT PACKING pc=0x000001f375240f4c sp=0x000000ae911fe7e0
Event: 0.339 Thread 0x000001f363165bd0 DEOPT UNPACKING pc=0x000001f374ce46a2 sp=0x000000ae911fe770 mode 2
Event: 2.502 Thread 0x000001f363165bd0 DEOPT PACKING pc=0x000001f36d88bc7a sp=0x000000ae911ff5e0
Event: 2.502 Thread 0x000001f363165bd0 DEOPT UNPACKING pc=0x000001f374ce4e42 sp=0x000000ae911feb98 mode 0
Event: 2.623 Thread 0x000001f363165bd0 DEOPT PACKING pc=0x000001f36d88bc16 sp=0x000000ae911ff5e0
Event: 2.623 Thread 0x000001f363165bd0 DEOPT UNPACKING pc=0x000001f374ce4e42 sp=0x000000ae911feb98 mode 0
Event: 5.916 Thread 0x000001f363165bd0 Uncommon trap: trap_request=0xffffff45 fr.pc=0x000001f375275f14 relative=0x00000000000005f4
Event: 5.916 Thread 0x000001f363165bd0 Uncommon trap: reason=unstable_if action=reinterpret pc=0x000001f375275f14 method=org.example.Test.<init>()V @ 305 c2
Event: 5.916 Thread 0x000001f363165bd0 DEOPT PACKING pc=0x000001f375275f14 sp=0x000000ae911ff6f0
Event: 5.916 Thread 0x000001f363165bd0 DEOPT UNPACKING pc=0x000001f374ce46a2 sp=0x000000ae911ff6a0 mode 2

Classes loaded (20 events):
Event: 5.923 Loading class java/util/concurrent/ScheduledFuture done
Event: 5.923 Loading class java/util/concurrent/RunnableScheduledFuture done
Event: 5.923 Loading class java/lang/Thread$Constants$1
Event: 5.923 Loading class java/lang/Thread$Constants$1 done
Event: 5.923 Loading class java/lang/VirtualThread$VThreadContinuation
Event: 5.923 Loading class java/lang/VirtualThread$VThreadContinuation done
Event: 5.923 Loading class jdk/internal/vm/Continuation$Pinned
Event: 5.923 Loading class jdk/internal/vm/Continuation$Pinned done
Event: 5.923 Loading class java/lang/VirtualThread$VThreadContinuation$1
Event: 5.923 Loading class java/lang/VirtualThread$VThreadContinuation$1 done
Event: 5.924 Loading class java/util/concurrent/ForkJoinTask$RunnableExecuteAction
Event: 5.924 Loading class java/util/concurrent/ForkJoinTask$InterruptibleTask
Event: 5.924 Loading class java/util/concurrent/ForkJoinTask$InterruptibleTask done
Event: 5.924 Loading class java/util/concurrent/ForkJoinTask$RunnableExecuteAction done
Event: 5.925 Loading class jdk/internal/misc/CarrierThread$1
Event: 5.925 Loading class jdk/internal/misc/CarrierThread$1 done
Event: 5.925 Loading class jdk/internal/event/VirtualThreadStartEvent
Event: 5.925 Loading class jdk/internal/event/VirtualThreadStartEvent done
Event: 5.925 Loading class jdk/internal/misc/Blocker$ForkJoinPools
Event: 5.925 Loading class jdk/internal/misc/Blocker$ForkJoinPools done

Classes unloaded (0 events):
No events

Classes redefined (0 events):
No events

Internal exceptions (20 events):
Event: 0.346 Thread 0x000001f363165bd0 Exception <a 'sun/nio/fs/WindowsException'{0x00000006201c6708}> (0x00000006201c6708) 
thrown [s\open\src\hotspot\share\prims\jni.cpp, line 520]
Event: 0.346 Thread 0x000001f363165bd0 Exception <a 'sun/nio/fs/WindowsException'{0x00000006201c6db8}> (0x00000006201c6db8) 
thrown [s\open\src\hotspot\share\prims\jni.cpp, line 520]
Event: 0.346 Thread 0x000001f363165bd0 Exception <a 'sun/nio/fs/WindowsException'{0x00000006201c74d8}> (0x00000006201c74d8) 
thrown [s\open\src\hotspot\share\prims\jni.cpp, line 520]
Event: 0.346 Thread 0x000001f363165bd0 Exception <a 'sun/nio/fs/WindowsException'{0x00000006201c7c78}> (0x00000006201c7c78) 
thrown [s\open\src\hotspot\share\prims\jni.cpp, line 520]
Event: 0.346 Thread 0x000001f363165bd0 Exception <a 'sun/nio/fs/WindowsException'{0x00000006201c8440}> (0x00000006201c8440) 
thrown [s\open\src\hotspot\share\prims\jni.cpp, line 520]
Event: 0.346 Thread 0x000001f363165bd0 Exception <a 'sun/nio/fs/WindowsException'{0x00000006201c8b88}> (0x00000006201c8b88) 
thrown [s\open\src\hotspot\share\prims\jni.cpp, line 520]
Event: 0.347 Thread 0x000001f363165bd0 Exception <a 'sun/nio/fs/WindowsException'{0x00000006201c9228}> (0x00000006201c9228) 
thrown [s\open\src\hotspot\share\prims\jni.cpp, line 520]
Event: 0.347 Thread 0x000001f363165bd0 Exception <a 'sun/nio/fs/WindowsException'{0x00000006201c99b0}> (0x00000006201c99b0) 
thrown [s\open\src\hotspot\share\prims\jni.cpp, line 520]
Event: 0.347 Thread 0x000001f363165bd0 Exception <a 'sun/nio/fs/WindowsException'{0x00000006201ca060}> (0x00000006201ca060) 
thrown [s\open\src\hotspot\share\prims\jni.cpp, line 520]
Event: 0.347 Thread 0x000001f363165bd0 Exception <a 'sun/nio/fs/WindowsException'{0x00000006201ca7c0}> (0x00000006201ca7c0) 
thrown [s\open\src\hotspot\share\prims\jni.cpp, line 520]
Event: 0.347 Thread 0x000001f363165bd0 Exception <a 'sun/nio/fs/WindowsException'{0x00000006201cae60}> (0x00000006201cae60) 
thrown [s\open\src\hotspot\share\prims\jni.cpp, line 520]
Event: 0.347 Thread 0x000001f363165bd0 Exception <a 'sun/nio/fs/WindowsException'{0x00000006201cb5a8}> (0x00000006201cb5a8) 
thrown [s\open\src\hotspot\share\prims\jni.cpp, line 520]
Event: 0.347 Thread 0x000001f363165bd0 Exception <a 'sun/nio/fs/WindowsException'{0x00000006201cbdb0}> (0x00000006201cbdb0) 
thrown [s\open\src\hotspot\share\prims\jni.cpp, line 520]
Event: 0.347 Thread 0x000001f363165bd0 Exception <a 'sun/nio/fs/WindowsException'{0x00000006201cc490}> (0x00000006201cc490) 
thrown [s\open\src\hotspot\share\prims\jni.cpp, line 520]
Event: 0.356 Thread 0x000001f363165bd0 Exception <a 'java/lang/NoSuchMethodError'{0x00000006202868d8}: 'java.lang.Object java.lang.invoke.Invokers$Holder.linkToTargetMethod(java.lang.Object, long, java.lang.Object)'> (0x00000006202868d8) 
thrown [s\open\src\hotspot\share\interpreter\linkResolver.cpp, line 774]
Event: 0.367 Thread 0x000001f363165bd0 Exception <a 'sun/nio/fs/WindowsException'{0x00000006202bc2f0}> (0x00000006202bc2f0) 
thrown [s\open\src\hotspot\share\prims\jni.cpp, line 520]
Event: 1.052 Thread 0x000001f34f025100 Exception <a 'java/lang/NoSuchMethodError'{0x00000006203f48d8}: 'java.lang.Object java.lang.invoke.Invokers$Holder.invokeExact_MT(java.lang.Object, java.lang.Object, java.lang.Object, java.lang.Object, java.lang.Object, java.lang.Object)'> (0x00000006203f48d8) 
thrown [s\open\src\hotspot\share\interpreter\linkResolver.cpp, line 774]
Event: 5.918 Thread 0x000001f363165bd0 Exception <a 'java/lang/NoSuchMethodError'{0x000000061fc7fbe0}: 'void java.lang.invoke.DirectMethodHandle$Holder.invokeSpecial(java.lang.Object, java.lang.Object, java.lang.Object)'> (0x000000061fc7fbe0) 
thrown [s\open\src\hotspot\share\interpreter\linkResolver.cpp, line 774]
Event: 5.919 Thread 0x000001f363165bd0 Exception <a 'java/lang/NoSuchMethodError'{0x000000061fc8aa20}: 'void java.lang.invoke.DirectMethodHandle$Holder.invokeStaticInit(java.lang.Object, java.lang.Object, java.lang.Object)'> (0x000000061fc8aa20) 
thrown [s\open\src\hotspot\share\interpreter\linkResolver.cpp, line 774]
Event: 5.921 Thread 0x000001f363165bd0 Exception <a 'java/lang/NoSuchMethodError'{0x000000061fc93978}: 'int java.lang.invoke.DirectMethodHandle$Holder.invokeStaticInit(java.lang.Object, java.lang.Object)'> (0x000000061fc93978) 
thrown [s\open\src\hotspot\share\interpreter\linkResolver.cpp, line 774]

ZGC Phase Switch (0 events):
No events

VM Operations (12 events):
Event: 0.163 Executing VM operation: HandshakeAllThreads (Deoptimize)
Event: 0.163 Executing VM operation: HandshakeAllThreads (Deoptimize) done
Event: 0.339 Executing VM operation: HandshakeAllThreads (Deoptimize)
Event: 0.339 Executing VM operation: HandshakeAllThreads (Deoptimize) done
Event: 0.366 Executing VM operation: HandshakeAllThreads (Deoptimize)
Event: 0.366 Executing VM operation: HandshakeAllThreads (Deoptimize) done
Event: 1.049 Executing VM operation: HandshakeAllThreads (Deoptimize)
Event: 1.049 Executing VM operation: HandshakeAllThreads (Deoptimize) done
Event: 1.049 Executing VM operation: Cleanup
Event: 1.049 Executing VM operation: Cleanup done
Event: 2.050 Executing VM operation: Cleanup
Event: 2.050 Executing VM operation: Cleanup done

Events (17 events):
Event: 0.030 Thread 0x000001f363165bd0 Thread added: 0x000001f363165bd0
Event: 0.043 Thread 0x000001f34f01b300 Thread added: 0x000001f34f01b300
Event: 0.043 Thread 0x000001f34f01be30 Thread added: 0x000001f34f01be30
Event: 0.043 Thread 0x000001f34f024a90 Thread added: 0x000001f34f024a90
Event: 0.043 Thread 0x000001f34f025100 Thread added: 0x000001f34f025100
Event: 0.043 Thread 0x000001f34f026270 Thread added: 0x000001f34f026270
Event: 0.043 Thread 0x000001f34f02d4a0 Thread added: 0x000001f34f02d4a0
Event: 0.043 Thread 0x000001f34f033b30 Thread added: 0x000001f34f033b30
Event: 0.043 Thread 0x000001f34f058210 Thread added: 0x000001f34f058210
Event: 0.156 Thread 0x000001f34f11f9c0 Thread added: 0x000001f34f11f9c0
Event: 0.173 Thread 0x000001f34f2934a0 Thread added: 0x000001f34f2934a0
Event: 0.323 Thread 0x000001f34fbc8d30 Thread added: 0x000001f34fbc8d30
Event: 0.323 Thread 0x000001f34fbc93a0 Thread added: 0x000001f34fbc93a0
Event: 0.472 Thread 0x000001f34f2934a0 Thread exited: 0x000001f34f2934a0
Event: 0.639 Thread 0x000001f3503fb9f0 Thread added: 0x000001f3503fb9f0
Event: 5.925 Thread 0x000001f34fa5db50 Thread added: 0x000001f34fa5db50
Event: 5.926 Thread 0x000001f34fa5e500 Thread added: 0x000001f34fa5e500


Dynamic libraries:
0x00007ff6a5fe0000 - 0x00007ff6a5fee000 	C:\Users\Nico\.jdks\openjdk-22.0.1\bin\java.exe
0x00007ffff81b0000 - 0x00007ffff83a8000 	C:\WINDOWS\SYSTEM32\ntdll.dll
0x00007ffff7ae0000 - 0x00007ffff7b9d000 	C:\WINDOWS\System32\KERNEL32.DLL
0x00007ffff5cd0000 - 0x00007ffff5fc6000 	C:\WINDOWS\System32\KERNELBASE.dll
0x00007ffff5a50000 - 0x00007ffff5b50000 	C:\WINDOWS\System32\ucrtbase.dll
0x00007fffeb5d0000 - 0x00007fffeb5eb000 	C:\Users\Nico\.jdks\openjdk-22.0.1\bin\VCRUNTIME140.dll
0x00007fffeb5f0000 - 0x00007fffeb607000 	C:\Users\Nico\.jdks\openjdk-22.0.1\bin\jli.dll
0x00007ffff7c00000 - 0x00007ffff7d9f000 	C:\WINDOWS\System32\USER32.dll
0x00007ffff5c00000 - 0x00007ffff5c22000 	C:\WINDOWS\System32\win32u.dll
0x00007fffea2e0000 - 0x00007fffea57a000 	C:\WINDOWS\WinSxS\amd64_microsoft.windows.common-controls_6595b64144ccf1df_6.0.19041.3636_none_60b6a03d71f818d5\COMCTL32.dll
0x00007ffff61e0000 - 0x00007ffff620b000 	C:\WINDOWS\System32\GDI32.dll
0x00007ffff6a80000 - 0x00007ffff6b1e000 	C:\WINDOWS\System32\msvcrt.dll
0x00007ffff6040000 - 0x00007ffff6157000 	C:\WINDOWS\System32\gdi32full.dll
0x00007ffff5c30000 - 0x00007ffff5ccd000 	C:\WINDOWS\System32\msvcp_win.dll
0x00007ffff6a40000 - 0x00007ffff6a72000 	C:\WINDOWS\System32\IMM32.DLL
0x00007ffff1280000 - 0x00007ffff128c000 	C:\Users\Nico\.jdks\openjdk-22.0.1\bin\vcruntime140_1.dll
0x00007fffc5df0000 - 0x00007fffc5e7e000 	C:\Users\Nico\.jdks\openjdk-22.0.1\bin\msvcp140.dll
0x00007fff733a0000 - 0x00007fff740e7000 	C:\Users\Nico\.jdks\openjdk-22.0.1\bin\server\jvm.dll
0x00007ffff7390000 - 0x00007ffff7440000 	C:\WINDOWS\System32\ADVAPI32.dll
0x00007ffff6b20000 - 0x00007ffff6bc0000 	C:\WINDOWS\System32\sechost.dll
0x00007ffff78d0000 - 0x00007ffff79f3000 	C:\WINDOWS\System32\RPCRT4.dll
0x00007ffff61b0000 - 0x00007ffff61d7000 	C:\WINDOWS\System32\bcrypt.dll
0x00007ffff7860000 - 0x00007ffff78cb000 	C:\WINDOWS\System32\WS2_32.dll
0x00007ffff4d60000 - 0x00007ffff4dab000 	C:\WINDOWS\SYSTEM32\POWRPROF.dll
0x00007fffec2f0000 - 0x00007fffec317000 	C:\WINDOWS\SYSTEM32\WINMM.dll
0x00007ffff0390000 - 0x00007ffff039a000 	C:\WINDOWS\SYSTEM32\VERSION.dll
0x00007ffff4c20000 - 0x00007ffff4c32000 	C:\WINDOWS\SYSTEM32\UMPDC.dll
0x00007ffff36d0000 - 0x00007ffff36e2000 	C:\WINDOWS\SYSTEM32\kernel.appcore.dll
0x00007ffff11e0000 - 0x00007ffff11ea000 	C:\Users\Nico\.jdks\openjdk-22.0.1\bin\jimage.dll
0x00007fffea7b0000 - 0x00007fffea994000 	C:\WINDOWS\SYSTEM32\DBGHELP.DLL
0x00007fffe8080000 - 0x00007fffe80b4000 	C:\WINDOWS\SYSTEM32\dbgcore.DLL
0x00007ffff5860000 - 0x00007ffff58e2000 	C:\WINDOWS\System32\bcryptPrimitives.dll
0x00007ffff12e0000 - 0x00007ffff12ef000 	C:\Users\Nico\.jdks\openjdk-22.0.1\bin\instrument.dll
0x00007fffeb1c0000 - 0x00007fffeb1de000 	C:\Users\Nico\.jdks\openjdk-22.0.1\bin\java.dll
0x00007ffff6270000 - 0x00007ffff69db000 	C:\WINDOWS\System32\SHELL32.dll
0x00007ffff71c0000 - 0x00007ffff72eb000 	C:\WINDOWS\System32\ole32.dll
0x00007ffff7450000 - 0x00007ffff77a3000 	C:\WINDOWS\System32\combase.dll
0x00007ffff38d0000 - 0x00007ffff406e000 	C:\WINDOWS\SYSTEM32\windows.storage.dll
0x00007ffff51b0000 - 0x00007ffff51de000 	C:\WINDOWS\SYSTEM32\Wldp.dll
0x00007ffff8000000 - 0x00007ffff80cd000 	C:\WINDOWS\System32\OLEAUT32.dll
0x00007ffff7da0000 - 0x00007ffff7e4d000 	C:\WINDOWS\System32\SHCORE.dll
0x00007ffff7ba0000 - 0x00007ffff7bf5000 	C:\WINDOWS\System32\shlwapi.dll
0x00007ffff5790000 - 0x00007ffff57b3000 	C:\WINDOWS\SYSTEM32\profapi.dll
0x00007fffb2390000 - 0x00007fffb2467000 	C:\Users\Nico\.jdks\openjdk-22.0.1\bin\jsvml.dll
0x00007fffeb180000 - 0x00007fffeb197000 	C:\Users\Nico\.jdks\openjdk-22.0.1\bin\zip.dll
0x00007ffff1140000 - 0x00007ffff1150000 	C:\Users\Nico\.jdks\openjdk-22.0.1\bin\net.dll
0x00007ffff4f90000 - 0x00007ffff4ffa000 	C:\WINDOWS\system32\mswsock.dll
0x00007fffeb1a0000 - 0x00007fffeb1b6000 	C:\Users\Nico\.jdks\openjdk-22.0.1\bin\nio.dll
0x00007fffeb6f0000 - 0x00007fffeb70a000 	C:\Users\Nico\AppData\Local\Programs\IntelliJ IDEA Community Edition\bin\breakgen64.dll
0x00007ffff0c20000 - 0x00007ffff0c29000 	C:\Users\Nico\.jdks\openjdk-22.0.1\bin\extnet.dll
0x00007fffa47b0000 - 0x00007fffa4901000 	C:\Users\Nico\AppData\Local\Temp\whisper-jni-520010044615100\whisper-jni.dll
0x00007fffeb6d0000 - 0x00007fffeb6e2000 	C:\Users\Nico\.jdks\openjdk-22.0.1\bin\jsound.dll
0x00007fffae410000 - 0x00007fffae4ac000 	C:\WINDOWS\SYSTEM32\DSOUND.dll
0x00007fffc5490000 - 0x00007fffc54b6000 	C:\WINDOWS\SYSTEM32\winmmbase.dll
0x00007ffff3200000 - 0x00007ffff329e000 	C:\WINDOWS\system32\uxtheme.dll
0x00007ffff77b0000 - 0x00007ffff7859000 	C:\WINDOWS\System32\clbcatq.dll
0x00007fffeeea0000 - 0x00007fffeef25000 	C:\WINDOWS\System32\MMDevApi.dll
0x00007ffff55f0000 - 0x00007ffff5623000 	C:\WINDOWS\System32\DEVOBJ.dll
0x00007ffff6160000 - 0x00007ffff61ae000 	C:\WINDOWS\System32\cfgmgr32.dll
0x00007fffec8c0000 - 0x00007fffec906000 	C:\WINDOWS\SYSTEM32\wdmaud.drv
0x00007ffff14d0000 - 0x00007ffff14d9000 	C:\WINDOWS\SYSTEM32\ksuser.dll
0x00007ffff0990000 - 0x00007ffff099a000 	C:\WINDOWS\SYSTEM32\AVRT.dll
0x00007fffe6c80000 - 0x00007fffe6e02000 	C:\WINDOWS\SYSTEM32\AUDIOSES.DLL
0x00007ffff1250000 - 0x00007ffff125d000 	C:\WINDOWS\SYSTEM32\msacm32.drv
0x00007ffff1290000 - 0x00007ffff12ae000 	C:\WINDOWS\SYSTEM32\MSACM32.dll
0x00007ffff1230000 - 0x00007ffff123b000 	C:\WINDOWS\SYSTEM32\midimap.dll

dbghelp: loaded successfully - version: 4.0.5 - missing functions: none
symbol engine: initialized successfully - sym options: 0x614 - pdb path: .;C:\Users\Nico\.jdks\openjdk-22.0.1\bin;C:\WINDOWS\SYSTEM32;C:\WINDOWS\WinSxS\amd64_microsoft.windows.common-controls_6595b64144ccf1df_6.0.19041.3636_none_60b6a03d71f818d5;C:\Users\Nico\.jdks\openjdk-22.0.1\bin\server;C:\Users\Nico\AppData\Local\Programs\IntelliJ IDEA Community Edition\bin;C:\Users\Nico\AppData\Local\Temp\whisper-jni-520010044615100

VM Arguments:
jvm_args: --enable-preview -javaagent:C:\Users\Nico\AppData\Local\Programs\IntelliJ IDEA Community Edition\lib\idea_rt.jar=57648:C:\Users\Nico\AppData\Local\Programs\IntelliJ IDEA Community Edition\bin -Dfile.encoding=UTF-8 -Dsun.stdout.encoding=UTF-8 -Dsun.stderr.encoding=UTF-8 
java_command: org.example.App
java_class_path (initial): E:\Coding\Java\WhisperTest\target\classes;C:\Users\Nico\.m2\repository\io\github\givimad\whisper-jni\1.5.4-0\whisper-jni-1.5.4-0.jar;C:\Users\Nico\.m2\repository\org\bytedeco\javacv-platform\1.5.10\javacv-platform-1.5.10.jar;C:\Users\Nico\.m2\repository\org\bytedeco\javacv\1.5.10\javacv-1.5.10.jar;C:\Users\Nico\.m2\repository\org\bytedeco\javacpp\1.5.10\javacpp-1.5.10.jar;C:\Users\Nico\.m2\repository\org\bytedeco\openblas\0.3.26-1.5.10\openblas-0.3.26-1.5.10.jar;C:\Users\Nico\.m2\repository\org\bytedeco\opencv\4.9.0-1.5.10\opencv-4.9.0-1.5.10.jar;C:\Users\Nico\.m2\repository\org\bytedeco\ffmpeg\6.1.1-1.5.10\ffmpeg-6.1.1-1.5.10.jar;C:\Users\Nico\.m2\repository\org\bytedeco\flycapture\2.13.3.31-1.5.9\flycapture-2.13.3.31-1.5.9.jar;C:\Users\Nico\.m2\repository\org\bytedeco\libdc1394\2.2.6-1.5.9\libdc1394-2.2.6-1.5.9.jar;C:\Users\Nico\.m2\repository\org\bytedeco\libfreenect\0.5.7-1.5.9\libfreenect-0.5.7-1.5.9.jar;C:\Users\Nico\.m2\repository\org\bytedeco\libfreenect2\0.2.0-1.5.9\libfreenect2-0.2.0-1.5.9.jar;C:\Users\Nico\.m2\repository\org\bytedeco\librealsense\1.12.4-1.5.9\librealsense-1.12.4-1.5.9.jar;C:\Users\Nico\.m2\repository\org\bytedeco\librealsense2\2.53.1-1.5.9\librealsense2-2.53.1-1.5.9.jar;C:\Users\Nico\.m2\repository\org\bytedeco\videoinput\0.200-1.5.9\videoinput-0.200-1.5.9.jar;C:\Users\Nico\.m2\repository\org\bytedeco\artoolkitplus\2.3.1-1.5.9\artoolkitplus-2.3.1-1.5.9.jar;C:\Users\Nico\.m2\repository\org\bytedeco\leptonica\1.84.1-1.5.10\leptonica-1.84.1-1.5.10.jar;C:\Users\Nico\.m2\repository\org\bytedeco\tesseract\5.3.4-1.5.10\tesseract-5.3.4-1.5.10.jar;C:\Users\Nico\.m2\repository\org\bytedeco\javacpp-platform\1.5.10\javacpp-platform-1.5.10.jar;C:\Users\Nico\.m2\repository\org\bytedeco\javacpp\1.5.10\javacpp-1.5.10-android-arm64.jar;C:\Users\Nico\.m2\repository\org\bytedeco\javacpp\1.5.10\javacpp-1.5.10-android-x86_64.jar;C:\Users\Nico\.m2\repository\org\bytedeco\javacpp\1.5.10\javacpp-1.5.10-ios-arm64.jar;C:\Users\Nico\.m2\repository\org\bytedeco\javacpp\1.5.10\javacpp-1.5.10-ios-x86_64.jar;C:\Users\Nico\.m2\repository\org\bytedeco\javacpp\1.5.10\javacpp-1.5.10-linux-arm64.jar;C:\Users\Nico\.m2\repository\org\bytedeco\javacpp\1.5.10\javacpp-1.5.10-linux-ppc64le.jar;C:\Users\Nico\.m2\repository\org\bytedeco\javacpp\1.5.10\javacpp-1.5.10-linux-x86_64.jar;C:\Users\Nico\.m2\repository\org\bytedeco\javacpp\1.5.10\javacpp-1.5.10-macosx-arm64.jar;C:\Users\Nico\.m2\repository\org\bytedeco\javacpp\1.5.10\javacpp-1.5.10-macosx-x86_64.jar;C:\Users\Nico\.m2\repository\org\bytedeco\javacpp\1.5.10\javacpp-1.5.10-windows-x86_64.jar;C:\Users\Nico\.m2\repository\org\bytedeco\openblas-platform\0.3.26-1.5.10\openblas-platform-0.3.26-1.5.10.jar;C:\Users\Nico\.m2\repository\org\bytedeco\openblas\0.3.26-1.5.10\openblas-0.3.26-1.5.10-android-arm64.jar;C:\Users\Nico\.m2\repository\org\bytedeco\openblas\0.3.26-1.5.10\openblas-0.3.26-1.5.10-android-x86_64.jar;C:\Users\Nico\.m2\repository\org\bytedeco\openblas\0.3.26-1.5.10\openblas-0.3.26-1.5.10-ios-arm64.jar;C:\Users\Nico\.m2\repository\org\bytedeco\openblas\0.3.26-1.5.10\openblas-0.3.26-1.5.10-ios-x86_64.jar;C:\Users\Nico\.m2\repository\org\bytedeco\openblas\0.3.26-1.5.10\openblas-0.3.26-1.5.10-linux-x86_64.jar;C:\Users\Nico\.m2\repository\org\bytedeco\openblas\0.3.26-1.5.10\openblas-0.3.26-1.5.10-linux-arm64.jar;C:\Users\Nico\.m2\repository\org\bytedeco\openblas\0.3.26-1.5.10\openblas-0.3.26-1.5.10-linux-ppc64le.jar;C:\Users\Nico\.m2\repository\org\bytedeco\openblas\0.3.26-1.5.10\openblas-0.3.26-1.5.10-macosx-arm64.jar;C:\Users\Nico\.m2\repository\org\bytedeco\openblas\0.3.26-1.5.10\openblas-0.3.26-1.5.10-macosx-x86_64.jar;C:\Users\Nico\.m2\repository\org\bytedeco\openblas\0.3.26-1.5.10\openblas-0.3.26-1.5.10-windows-x86_64.jar;C:\Users\Nico\.m2\repository\org\bytedeco\opencv-platform\4.9.0-1.5.10\opencv-platform-4.9.0-1.5.10.jar;C:\Users\Nico\.m2\repository\org\bytedeco\opencv\4.9.0-1.5.10\opencv-4.9.0-1.5.10-android-arm64.jar;C:\Users\Nico\.m2\repository\org\bytedeco\opencv\4.9.0-1.5.10\opencv-4.9.0-1.5.10-android-x86_64.jar;C:\Users\Nico\.m2\repository\org\bytedeco\opencv\4.9.0-1.5.10\opencv-4.9.0-1.5.10-ios-arm64.jar;C:\Users\Nico\.m2\repository\org\bytedeco\opencv\4.9.0-1.5.10\opencv-4.9.0-1.5.10-ios-x86_64.jar;C:\Users\Nico\.m2\repository\org\bytedeco\opencv\4.9.0-1.5.10\opencv-4.9.0-1.5.10-linux-x86_64.jar;C:\Users\Nico\.m2\repository\org\bytedeco\opencv\4.9.0-1.5.10\opencv-4.9.0-1.5.10-linux-arm64.jar;C:\Users\Nico\.m2\repository\org\bytedeco\opencv\4.9.0-1.5.10\opencv-4.9.0-1.5.10-linux-ppc64le.jar;C:\Users\Nico\.m2\repository\org\bytedeco\opencv\4.9.0-1.5.10\opencv-4.9.0-1.5.10-macosx-arm64.jar;C:\Users\Nico\.m2\repository\org\bytedeco\opencv\4.9.0-1.5.10\opencv-4.9.0-1.5.10-macosx-x86_64.jar;C:\Users\Nico\.m2\repository\org\bytedeco\opencv\4.9.0-1.5.10\opencv-4.9.0-1.5.10-windows-x86_64.jar;C:\Users\Nico\.m2\repository\org\bytedeco\ffmpeg-platform\6.1.1-1.5.10\ffmpeg-platform-6.1.1-1.5.10.jar;C:\Users\Nico\.m2\repository\org\bytedeco\ffmpeg\6.1.1-1.5.10\ffmpeg-6.1.1-1.5.10-android-arm64.jar;C:\Users\Nico\.m2\repository\org\bytedeco\ffmpeg\6.1.1-1.5.10\ffmpeg-6.1.1-1.5.10-android-x86_64.jar;C:\Users\Nico\.m2\repository\org\bytedeco\ffmpeg\6.1.1-1.5.10\ffmpeg-6.1.1-1.5.10-linux-x86_64.jar;C:\Users\Nico\.m2\repository\org\bytedeco\ffmpeg\6.1.1-1.5.10\ffmpeg-6.1.1-1.5.10-linux-arm64.jar;C:\Users\Nico\.m2\repository\org\bytedeco\ffmpeg\6.1.1-1.5.10\ffmpeg-6.1.1-1.5.10-linux-ppc64le.jar;C:\Users\Nico\.m2\repository\org\bytedeco\ffmpeg\6.1.1-1.5.10\ffmpeg-6.1.1-1.5.10-macosx-arm64.jar;C:\Users\Nico\.m2\repository\org\bytedeco\ffmpeg\6.1.1-1.5.10\ffmpeg-6.1.1-1.5.10-macosx-x86_64.jar;C:\Users\Nico\.m2\repository\org\bytedeco\ffmpeg\6.1.1-1.5.10\ffmpeg-6.1.1-1.5.10-windows-x86_64.jar;C:\Users\Nico\.m2\repository\org\bytedeco\flycapture-platform\2.13.3.31-1.5.9\flycapture-platform-2.13.3.31-1.5.9.jar;C:\Users\Nico\.m2\repository\org\bytedeco\flycapture\2.13.3.31-1.5.9\flycapture-2.13.3.31-1.5.9-linux-x86.jar;C:\Users\Nico\.m2\repository\org\bytedeco\flycapture\2.13.3.31-1.5.9\flycapture-2.13.3.31-1.5.9-linux-x86_64.jar;C:\Users\Nico\.m2\repository\org\bytedeco\flycapture\2.13.3.31-1.5.9\flycapture-2.13.3.31-1.5.9-linux-armhf.jar;C:\Users\Nico\.m2\repository\org\bytedeco\flycapture\2.13.3.31-1.5.9\flycapture-2.13.3.31-1.5.9-linux-arm64.jar;C:\Users\Nico\.m2\repository\org\bytedeco\flycapture\2.13.3.31-1.5.9\flycapture-2.13.3.31-1.5.9-windows-x86.jar;C:\Users\Nico\.m2\repository\org\bytedeco\flycapture\2.13.3.31-1.5.9\flycapture-2.13.3.31-1.5.9-windows-x86_64.jar;C:\Users\Nico\.m2\repository\org\bytedeco\libdc1394-platform\2.2.6-1.5.9\libdc1394-platform-2.2.6-1.5.9.jar;C:\Users\Nico\.m2\repository\org\bytedeco\libdc1394\2.2.6-1.5.9\libdc1394-2.2.6-1.5.9-linux-x86.jar;C:\Users\Nico\.m2\repository\org\bytedeco\libdc1394\2.2.6-1.5.9\libdc1394-2.2.6-1.5.9-linux-x86_64.jar;C:\Users\Nico\.m2\repository\org\bytedeco\libdc1394\2.2.6-1.5.9\libdc1394-2.2.6-1.5.9-linux-armhf.jar;C:\Users\Nico\.m2\repository\org\bytedeco\libdc1394\2.2.6-1.5.9\libdc1394-2.2.6-1.5.9-linux-arm64.jar;C:\Users\Nico\.m2\repository\org\bytedeco\libdc1394\2.2.6-1.5.9\libdc1394-2.2.6-1.5.9-linux-ppc64le.jar;C:\Users\Nico\.m2\repository\org\bytedeco\libdc1394\2.2.6-1.5.9\libdc1394-2.2.6-1.5.9-macosx-x86_64.jar;C:\Users\Nico\.m2\repository\org\bytedeco\libdc1394\2.2.6-1.5.9\libdc1394-2.2.6-1.5.9-windows-x86.jar;C:\Users\Nico\.m2\repository\org\bytedeco\libdc1394\2.2.6-1.5.9\libdc1394-2.2.6-1.5.9-windows-x86_64.jar;C:\Users\Nico\.m2\repository\org\bytedeco\libfreenect-platform\0.5.7-1.5.9\libfreenect-platform-0.5.7-1.5.9.jar;C:\Users\Nico\.m2\repository\org\bytedeco\libfreenect\0.5.7-1.5.9\libfreenect-0.5.7-1.5.9-linux-x86.jar;C:\Users\Nico\.m2\repository\org\bytedeco\libfreenect\0.5.7-1.5.9\libfreenect-0.5.7-1.5.9-linux-x86_64.jar;C:\Users\Nico\.m2\repository\org\bytedeco\libfreenect\0.5.7-1.5.9\libfreenect-0.5.7-1.5.9-linux-armhf.jar;C:\Users\Nico\.m2\repository\org\bytedeco\libfreenect\0.5.7-1.5.9\libfreenect-0.5.7-1.5.9-linux-arm64.jar;C:\Users\Nico\.m2\repository\org\bytedeco\libfreenect\0.5.7-1.5.9\libfreenect-0.5.7-1.5.9-linux-ppc64le.jar;C:\Users\Nico\.m2\repository\org\bytedeco\libfreenect\0.5.7-1.5.9\libfreenect-0.5.7-1.5.9-macosx-x86_64.jar;C:\Users\Nico\.m2\repository\org\bytedeco\libfreenect\0.5.7-1.5.9\libfreenect-0.5.7-1.5.9-windows-x86.jar;C:\Users\Nico\.m2\repository\org\bytedeco\libfreenect\0.5.7-1.5.9\libfreenect-0.5.7-1.5.9-windows-x86_64.jar;C:\Users\Nico\.m2\repository\org\bytedeco\libfreenect2-platform\0.2.0-1.5.9\libfreenect2-platform-0.2.0-1.5.9.jar;C:\Users\Nico\.m2\repository\org\bytedeco\libfreenect2\0.2.0-1.5.9\libfreenect2-0.2.0-1.5.9-linux-x86.jar;C:\Users\Nico\.m2\repository\org\bytedeco\libfreenect2\0.2.0-1.5.9\libfreenect2-0.2.0-1.5.9-linux-x86_64.jar;C:\Users\Nico\.m2\repository\org\bytedeco\libfreenect2\0.2.0-1.5.9\libfreenect2-0.2.0-1.5.9-macosx-x86_64.jar;C:\Users\Nico\.m2\repository\org\bytedeco\libfreenect2\0.2.0-1.5.9\libfreenect2-0.2.0-1.5.9-windows-x86_64.jar;C:\Users\Nico\.m2\repository\org\bytedeco\librealsense-platform\1.12.4-1.5.9\librealsense-platform-1.12.4-1.5.9.jar;C:\Users\Nico\.m2\repository\org\bytedeco\librealsense\1.12.4-1.5.9\librealsense-1.12.4-1.5.9-linux-armhf.jar;C:\Users\Nico\.m2\repository\org\bytedeco\librealsense\1.12.4-1.5.9\librealsense-1.12.4-1.5.9-linux-arm64.jar;C:\Users\Nico\.m2\repository\org\bytedeco\librealsense\1.12.4-1.5.9\librealsense-1.12.4-1.5.9-linux-x86.jar;C:\Users\Nico\.m2\repository\org\bytedeco\librealsense\1.12.4-1.5.9\librealsense-1.12.4-1.5.9-linux-x86_64.jar;C:\Users\Nico\.m2\repository\org\bytedeco\librealsense\1.12.4-1.5.9\librealsense-1.12.4-1.5.9-macosx-x86_64.jar;C:\Users\Nico\.m2\repository\org\bytedeco\librealsense\1.12.4-1.5.9\librealsense-1.12.4-1.5.9-windows-x86.jar;C:\Users\Nico\.m2\repository\org\bytedeco\librealsense\1.12.4-1.5.9\librealsense-1.12.4-1.5.9-windows-x86_64.jar;C:\Users\Nico\.m2\repository\org\bytedeco\librealsense2-platform\2.53.1-1.5.9\librealsense2-platform-2.53.1-1.5.9.jar;C:\Users\Nico\.m2\repository\org\bytedeco\librealsense2\2.53.1-1.5.9\librealsense2-2.53.1-1.5.9-linux-armhf.jar;C:\Users\Nico\.m2\repository\org\bytedeco\librealsense2\2.53.1-1.5.9\librealsense2-2.53.1-1.5.9-linux-arm64.jar;C:\Users\Nico\.m2\repository\org\bytedeco\librealsense2\2.53.1-1.5.9\librealsense2-2.53.1-1.5.9-linux-x86.jar;C:\Users\Nico\.m2\repository\org\bytedeco\librealsense2\2.53.1-1.5.9\librealsense2-2.53.1-1.5.9-linux-x86_64.jar;C:\Users\Nico\.m2\repository\org\bytedeco\librealsense2\2.53.1-1.5.9\librealsense2-2.53.1-1.5.9-macosx-x86_64.jar;C:\Users\Nico\.m2\repository\org\bytedeco\librealsense2\2.53.1-1.5.9\librealsense2-2.53.1-1.5.9-windows-x86.jar;C:\Users\Nico\.m2\repository\org\bytedeco\librealsense2\2.53.1-1.5.9\librealsense2-2.53.1-1.5.9-windows-x86_64.jar;C:\Users\Nico\.m2\repository\org\bytedeco\videoinput-platform\0.200-1.5.9\videoinput-platform-0.200-1.5.9.jar;C:\Users\Nico\.m2\repository\org\bytedeco\videoinput\0.200-1.5.9\videoinput-0.200-1.5.9-windows-x86.jar;C:\Users\Nico\.m2\repository\org\bytedeco\videoinput\0.200-1.5.9\videoinput-0.200-1.5.9-windows-x86_64.jar;C:\Users\Nico\.m2\repository\org\bytedeco\artoolkitplus-platform\2.3.1-1.5.9\artoolkitplus-platform-2.3.1-1.5.9.jar;C:\Users\Nico\.m2\repository\org\bytedeco\artoolkitplus\2.3.1-1.5.9\artoolkitplus-2.3.1-1.5.9-android-arm.jar;C:\Users\Nico\.m2\repository\org\bytedeco\artoolkitplus\2.3.1-1.5.9\artoolkitplus-2.3.1-1.5.9-android-arm64.jar;C:\Users\Nico\.m2\repository\org\bytedeco\artoolkitplus\2.3.1-1.5.9\artoolkitplus-2.3.1-1.5.9-android-x86.jar;C:\Users\Nico\.m2\repository\org\bytedeco\artoolkitplus\2.3.1-1.5.9\artoolkitplus-2.3.1-1.5.9-android-x86_64.jar;C:\Users\Nico\.m2\repository\org\bytedeco\artoolkitplus\2.3.1-1.5.9\artoolkitplus-2.3.1-1.5.9-linux-x86.jar;C:\Users\Nico\.m2\repository\org\bytedeco\artoolkitplus\2.3.1-1.5.9\artoolkitplus-2.3.1-1.5.9-linux-x86_64.jar;C:\Users\Nico\.m2\repository\org\bytedeco\artoolkitplus\2.3.1-1.5.9\artoolkitplus-2.3.1-1.5.9-linux-armhf.jar;C:\Users\Nico\.m2\repository\org\bytedeco\artoolkitplus\2.3.1-1.5.9\artoolkitplus-2.3.1-1.5.9-linux-arm64.jar;C:\Users\Nico\.m2\repository\org\bytedeco\artoolkitplus\2.3.1-1.5.9\artoolkitplus-2.3.1-1.5.9-linux-ppc64le.jar;C:\Users\Nico\.m2\repository\org\bytedeco\artoolkitplus\2.3.1-1.5.9\artoolkitplus-2.3.1-1.5.9-macosx-x86_64.jar;C:\Users\Nico\.m2\repository\org\bytedeco\artoolkitplus\2.3.1-1.5.9\artoolkitplus-2.3.1-1.5.9-windows-x86.jar;C:\Users\Nico\.m2\repository\org\bytedeco\artoolkitplus\2.3.1-1.5.9\artoolkitplus-2.3.1-1.5.9-windows-x86_64.jar;C:\Users\Nico\.m2\repository\org\bytedeco\leptonica-platform\1.84.1-1.5.10\leptonica-platform-1.84.1-1.5.10.jar;C:\Users\Nico\.m2\repository\org\bytedeco\leptonica\1.84.1-1.5.10\leptonica-1.84.1-1.5.10-android-arm64.jar;C:\Users\Nico\.m2\repository\org\bytedeco\leptonica\1.84.1-1.5.10\leptonica-1.84.1-1.5.10-android-x86_64.jar;C:\Users\Nico\.m2\repository\org\bytedeco\leptonica\1.84.1-1.5.10\leptonica-1.84.1-1.5.10-linux-x86_64.jar;C:\Users\Nico\.m2\repository\org\bytedeco\leptonica\1.84.1-1.5.10\leptonica-1.84.1-1.5.10-linux-arm64.jar;C:\Users\Nico\.m2\repository\org\bytedeco\leptonica\1.84.1-1.5.10\leptonica-1.84.1-1.5.10-linux-ppc64le.jar;C:\Users\Nico\.m2\repository\org\bytedeco\leptonica\1.84.1-1.5.10\leptonica-1.84.1-1.5.10-macosx-arm64.jar;C:\Users\Nico\.m2\repository\org\bytedeco\leptonica\1.84.1-1.5.10\leptonica-1.84.1-1.5.10-macosx-x86_64.jar;C:\Users\Nico\.m2\repository\org\bytedeco\leptonica\1.84.1-1.5.10\leptonica-1.84.1-1.5.10-windows-x86_64.jar;C:\Users\Nico\.m2\repository\org\bytedeco\tesseract-platform\5.3.4-1.5.10\tesseract-platform-5.3.4-1.5.10.jar;C:\Users\Nico\.m2\repository\org\bytedeco\tesseract\5.3.4-1.5.10\tesseract-5.3.4-1.5.10-android-arm64.jar;C:\Users\Nico\.m2\repository\org\bytedeco\tesseract\5.3.4-1.5.10\tesseract-5.3.4-1.5.10-android-x86_64.jar;C:\Users\Nico\.m2\repository\org\bytedeco\tesseract\5.3.4-1.5.10\tesseract-5.3.4-1.5.10-linux-x86_64.jar;C:\Users\Nico\.m2\repository\org\bytedeco\tesseract\5.3.4-1.5.10\tesseract-5.3.4-1.5.10-linux-arm64.jar;C:\Users\Nico\.m2\repository\org\bytedeco\tesseract\5.3.4-1.5.10\tesseract-5.3.4-1.5.10-linux-ppc64le.jar;C:\Users\Nico\.m2\repository\org\bytedeco\tesseract\5.3.4-1.5.10\tesseract-5.3.4-1.5.10-macosx-arm64.jar;C:\Users\Nico\.m2\repository\org\bytedeco\tesseract\5.3.4-1.5.10\tesseract-5.3.4-1.5.10-macosx-x86_64.jar;C:\Users\Nico\.m2\repository\org\bytedeco\tesseract\5.3.4-1.5.10\tesseract-5.3.4-1.5.10-windows-x86_64.jar
Launcher Type: SUN_STANDARD

[Global flags]
     intx CICompilerCount                          = 4                                         {product} {ergonomic}
     uint ConcGCThreads                            = 3                                         {product} {ergonomic}
     uint G1ConcRefinementThreads                  = 10                                        {product} {ergonomic}
   size_t G1HeapRegionSize                         = 4194304                                   {product} {ergonomic}
   size_t InitialHeapSize                          = 536870912                                 {product} {ergonomic}
   size_t MarkStackSize                            = 4194304                                   {product} {ergonomic}
   size_t MaxHeapSize                              = 8577351680                                {product} {ergonomic}
   size_t MaxNewSize                               = 5146411008                                {product} {ergonomic}
   size_t MinHeapDeltaBytes                        = 4194304                                   {product} {ergonomic}
   size_t MinHeapSize                              = 8388608                                   {product} {ergonomic}
    uintx NonNMethodCodeHeapSize                   = 5839372                                {pd product} {ergonomic}
    uintx NonProfiledCodeHeapSize                  = 122909434                              {pd product} {ergonomic}
    uintx ProfiledCodeHeapSize                     = 122909434                              {pd product} {ergonomic}
    uintx ReservedCodeCacheSize                    = 251658240                              {pd product} {ergonomic}
     bool SegmentedCodeCache                       = true                                      {product} {ergonomic}
   size_t SoftMaxHeapSize                          = 8577351680                             {manageable} {ergonomic}
     bool UseCompressedOops                        = true                           {product lp64_product} {ergonomic}
     bool UseG1GC                                  = true                                      {product} {ergonomic}
     bool UseLargePagesIndividualAllocation        = false                                  {pd product} {ergonomic}

Logging:
Log output configuration:
 #0: stdout all=warning uptime,level,tags foldmultilines=false
 #1: stderr all=off uptime,level,tags foldmultilines=false

Environment Variables:
JAVA_HOME=C:\Users\Nico\Downloads\jdk-17.0.9_windows-x64_bin\jdk-17.0.9
PATH=C:\Python39\Scripts\;C:\Python39\;C:\Program Files (x86)\Common Files\Intel\Shared Libraries\redist\intel64\compiler;C:\Windows\system32;C:\Windows;C:\Windows\System32\Wbem;C:\Windows\System32\WindowsPowerShell\v1.0\;C:\Program Files (x86)\NVIDIA Corporation\PhysX\Common;C:\Program Files (x86)\Windows Live\Shared;C:\WINDOWS\system32;C:\WINDOWS;C:\WINDOWS\System32\Wbem;C:\WINDOWS\System32\WindowsPowerShell\v1.0\;C:\WINDOWS\System32\OpenSSH\;C:\WINDOWS\system32;C:\WINDOWS;C:\WINDOWS\System32\Wbem;C:\WINDOWS\System32\WindowsPowerShell\v1.0\;C:\WINDOWS\System32\OpenSSH\;C:\Program Files\NVIDIA Corporation\NVIDIA NvDLISR;C:\ProgramData\chocolatey\bin;C:\Program Files\dotnet\;C:\Program Files\Git\cmd;C:\MinGW\bin;C:\Users\Nico\AppData\Roaming\nvm;C:\Program Files\nodejs;C:\Users\Nico\Downloads\protoc-25.1-win64\bin;C:\Users\Nico\Downloads\apache-maven-3.9.6-bin\apache-maven-3.9.6\bin;C:\Program Files\Docker\Docker\resources\bin;C:\Users\Nico\AppData\Local\Programs\Rider\bin;C:\Program Files\PowerShell\7\;C:\Program Files\JetBrains\WebStorm 2023.2\bin;C:\Users\Nico\Downloads\jdk-17.0.9_windows-x64_bin\jdk-17.0.9;C:\Users\Nico\Downloads\jdk-17.0.9_windows-x64_bin\jdk-17.0.9\bin;C:\Users\Nico\AppData\Local\Microsoft\WindowsApps;C:\Users\Nico\.dotnet\tools;C:\Users\Nico\AppData\Local\Programs\Microsoft VS Code\bin;C:\Program Files\Git\bin\git.exe;C:\Users\Nico\AppData\Local\JetBrains\Toolbox\scripts;C:\Users\Nico\.dotnet\tools;C:\Users\Nico\AppData\Roaming\Composer\vendor\bin;C:\Users\Nico\Downloads\mongosh-1.9.1-win32-x64\mongosh-1.9.1-win32-x64\bin;E:\Coding\LSP\tstest\node_modules\.bin
USERNAME=Nico
OS=Windows_NT
PROCESSOR_IDENTIFIER=AMD64 Family 23 Model 1 Stepping 1, AuthenticAMD
TMP=C:\Users\Nico\AppData\Local\Temp
TEMP=C:\Users\Nico\AppData\Local\Temp




Periodic native trim disabled

---------------  S Y S T E M  ---------------

OS:
 Windows 10 , 64 bit Build 19041 (10.0.19041.3636)
OS uptime: 6 days 0:26 hours
Hyper-V role detected

CPU: total 12 (initial active 12) (12 cores per cpu, 2 threads per core) family 23 model 1 stepping 1 microcode 0x0, cx8, cmov, fxsr, ht, mmx, 3dnowpref, sse, sse2, sse3, ssse3, sse4a, sse4.1, sse4.2, popcnt, lzcnt, tsc, tscinvbit, avx, avx2, aes, clmul, bmi1, bmi2, adx, sha, fma, vzeroupper, clflush, clflushopt, hv, rdtscp, f16c
Processor Information for all 12 processors :
  Max Mhz: 3600, Current Mhz: 3600, Mhz Limit: 3600

Memory: 4k page, system-wide physical 32704M (16631M free)
TotalPageFile size 37568M (AvailPageFile size 14354M)
current process WorkingSet (physical memory assigned to process): 122M, peak: 122M
current process commit charge ("private bytes"): 672M, peak: 672M

vm_info: OpenJDK 64-Bit Server VM (22.0.1+8-16) for windows-amd64 JRE (22.0.1+8-16), built on 2024-03-12T10:33:16Z by "mach5one" with MS VC++ 17.6 (VS2022)

END.
